2019-03-31 14:57:41.238 [main] INFO  com.sunql.blog.SampleTest - Starting SampleTest on M81OGMXBVOO2F7H with PID 18816 (started by Administrator in J:\work\blog)
2019-03-31 14:57:41.253 [main] DEBUG com.sunql.blog.SampleTest - Running with Spring Boot v2.1.3.RELEASE, Spring v5.1.5.RELEASE
2019-03-31 14:57:41.253 [main] INFO  com.sunql.blog.SampleTest - The following profiles are active: dev
2019-03-31 14:57:44.514 [main] INFO  com.zaxxer.hikari.HikariDataSource - HikariPool-1 - Starting...
2019-03-31 14:57:44.529 [main] WARN  com.zaxxer.hikari.util.DriverDataSource - Registered driver with driverClassName=com.mysql.jdbc.Driver was not found, trying direct instantiation.
2019-03-31 14:57:44.889 [main] INFO  com.zaxxer.hikari.HikariDataSource - HikariPool-1 - Start completed.
2019-03-31 14:57:44.998 [main] WARN  c.b.mybatisplus.core.toolkit.TableInfoHelper - Warn: Could not find @TableId in Class: com.sunql.blog.entity.User.
2019-03-31 14:57:47.761 [main] INFO  com.sunql.blog.SampleTest - Started SampleTest in 7.642 seconds (JVM running for 10.261)
2019-03-31 14:57:48.357 [Thread-2] INFO  com.zaxxer.hikari.HikariDataSource - HikariPool-1 - Shutdown initiated...
2019-03-31 14:57:48.373 [Thread-2] INFO  com.zaxxer.hikari.HikariDataSource - HikariPool-1 - Shutdown completed.
2019-03-31 15:01:27.919 [main] INFO  com.sunql.blog.SampleTest - Starting SampleTest on M81OGMXBVOO2F7H with PID 8148 (started by Administrator in J:\work\blog)
2019-03-31 15:01:27.919 [main] DEBUG com.sunql.blog.SampleTest - Running with Spring Boot v2.1.3.RELEASE, Spring v5.1.5.RELEASE
2019-03-31 15:01:27.919 [main] INFO  com.sunql.blog.SampleTest - The following profiles are active: dev
2019-03-31 15:01:31.200 [main] INFO  com.zaxxer.hikari.HikariDataSource - HikariPool-1 - Starting...
2019-03-31 15:01:31.200 [main] WARN  com.zaxxer.hikari.util.DriverDataSource - Registered driver with driverClassName=com.mysql.jdbc.Driver was not found, trying direct instantiation.
2019-03-31 15:01:31.528 [main] INFO  com.zaxxer.hikari.HikariDataSource - HikariPool-1 - Start completed.
2019-03-31 15:01:31.778 [main] WARN  c.b.mybatisplus.core.toolkit.TableInfoHelper - Warn: Could not find @TableId in Class: com.sunql.blog.entity.User.
2019-03-31 15:01:34.091 [main] INFO  com.sunql.blog.SampleTest - Started SampleTest in 7.594 seconds (JVM running for 10.184)
2019-03-31 15:01:34.606 [Thread-2] INFO  com.zaxxer.hikari.HikariDataSource - HikariPool-1 - Shutdown initiated...
2019-03-31 15:01:34.653 [Thread-2] INFO  com.zaxxer.hikari.HikariDataSource - HikariPool-1 - Shutdown completed.
2019-03-31 15:05:59.263 [main] INFO  com.sunql.blog.SampleTest - Starting SampleTest on M81OGMXBVOO2F7H with PID 12912 (started by Administrator in J:\work\blog)
2019-03-31 15:05:59.263 [main] DEBUG com.sunql.blog.SampleTest - Running with Spring Boot v2.1.3.RELEASE, Spring v5.1.5.RELEASE
2019-03-31 15:05:59.263 [main] INFO  com.sunql.blog.SampleTest - The following profiles are active: dev
2019-03-31 15:06:02.584 [main] INFO  com.zaxxer.hikari.HikariDataSource - HikariPool-1 - Starting...
2019-03-31 15:06:02.584 [main] WARN  com.zaxxer.hikari.util.DriverDataSource - Registered driver with driverClassName=com.mysql.jdbc.Driver was not found, trying direct instantiation.
2019-03-31 15:06:02.927 [main] INFO  com.zaxxer.hikari.HikariDataSource - HikariPool-1 - Start completed.
2019-03-31 15:06:03.193 [main] WARN  c.b.mybatisplus.core.toolkit.TableInfoHelper - Warn: Could not find @TableId in Class: com.sunql.blog.entity.User.
2019-03-31 15:06:05.840 [main] INFO  com.sunql.blog.SampleTest - Started SampleTest in 7.732 seconds (JVM running for 10.443)
2019-03-31 15:06:06.324 [main] DEBUG com.sunql.blog.mapper.UserMapper.loginUser - ==>  Preparing: SELECT * FROM user WHERE user_phone=? and user_pwd=? 
2019-03-31 15:06:06.371 [main] DEBUG com.sunql.blog.mapper.UserMapper.loginUser - ==> Parameters: 18716643045(String), 12345678(String)
2019-03-31 15:06:06.449 [main] DEBUG com.sunql.blog.mapper.UserMapper.loginUser - <==      Total: 1
2019-03-31 15:06:06.511 [Thread-2] INFO  com.zaxxer.hikari.HikariDataSource - HikariPool-1 - Shutdown initiated...
2019-03-31 15:06:06.543 [Thread-2] INFO  com.zaxxer.hikari.HikariDataSource - HikariPool-1 - Shutdown completed.
2019-03-31 15:07:24.996 [main] INFO  com.sunql.blog.BlogApplication - Starting BlogApplication on M81OGMXBVOO2F7H with PID 21116 (J:\work\blog\target\classes started by Administrator in J:\work\blog)
2019-03-31 15:07:24.996 [main] DEBUG com.sunql.blog.BlogApplication - Running with Spring Boot v2.1.3.RELEASE, Spring v5.1.5.RELEASE
2019-03-31 15:07:24.996 [main] INFO  com.sunql.blog.BlogApplication - The following profiles are active: dev
2019-03-31 15:07:26.590 [main] INFO  org.apache.coyote.http11.Http11NioProtocol - Initializing ProtocolHandler ["http-nio-8080"]
2019-03-31 15:07:26.590 [main] INFO  org.apache.catalina.core.StandardService - Starting service [Tomcat]
2019-03-31 15:07:26.590 [main] INFO  org.apache.catalina.core.StandardEngine - Starting Servlet engine: [Apache Tomcat/9.0.16]
2019-03-31 15:07:26.606 [main] INFO  org.apache.catalina.core.AprLifecycleListener - An older version [1.2.14] of the APR based Apache Tomcat Native library is installed, while Tomcat recommends a minimum version of [1.2.21]
2019-03-31 15:07:26.606 [main] INFO  org.apache.catalina.core.AprLifecycleListener - Loaded APR based Apache Tomcat Native library [1.2.14] using APR version [1.6.2].
2019-03-31 15:07:26.606 [main] INFO  org.apache.catalina.core.AprLifecycleListener - APR capabilities: IPv6 [true], sendfile [true], accept filters [false], random [true].
2019-03-31 15:07:26.606 [main] INFO  org.apache.catalina.core.AprLifecycleListener - APR/OpenSSL configuration: useAprConnector [false], useOpenSSL [true]
2019-03-31 15:07:27.652 [main] INFO  org.apache.catalina.core.AprLifecycleListener - OpenSSL successfully initialized [OpenSSL 1.0.2l  25 May 2017]
2019-03-31 15:07:27.809 [main] INFO  o.a.c.core.ContainerBase.[Tomcat].[localhost].[/] - Initializing Spring embedded WebApplicationContext
2019-03-31 15:07:28.012 [main] INFO  com.zaxxer.hikari.HikariDataSource - HikariPool-1 - Starting...
2019-03-31 15:07:28.012 [main] WARN  com.zaxxer.hikari.util.DriverDataSource - Registered driver with driverClassName=com.mysql.jdbc.Driver was not found, trying direct instantiation.
2019-03-31 15:07:28.152 [main] INFO  com.zaxxer.hikari.HikariDataSource - HikariPool-1 - Start completed.
2019-03-31 15:07:28.402 [main] WARN  c.b.mybatisplus.core.toolkit.TableInfoHelper - Warn: Could not find @TableId in Class: com.sunql.blog.entity.User.
2019-03-31 15:07:28.981 [main] INFO  org.apache.coyote.http11.Http11NioProtocol - Starting ProtocolHandler ["http-nio-8080"]
2019-03-31 15:07:29.027 [main] INFO  com.sunql.blog.BlogApplication - Started BlogApplication in 4.531 seconds (JVM running for 15.74)
2019-03-31 15:08:36.059 [main] INFO  com.sunql.blog.BlogApplication - Starting BlogApplication on M81OGMXBVOO2F7H with PID 9384 (J:\work\blog\target\classes started by Administrator in J:\work\blog)
2019-03-31 15:08:36.059 [main] DEBUG com.sunql.blog.BlogApplication - Running with Spring Boot v2.1.3.RELEASE, Spring v5.1.5.RELEASE
2019-03-31 15:08:36.059 [main] INFO  com.sunql.blog.BlogApplication - The following profiles are active: dev
2019-03-31 15:08:37.965 [main] INFO  org.apache.coyote.http11.Http11NioProtocol - Initializing ProtocolHandler ["http-nio-8080"]
2019-03-31 15:08:37.981 [main] INFO  org.apache.catalina.core.StandardService - Starting service [Tomcat]
2019-03-31 15:08:37.981 [main] INFO  org.apache.catalina.core.StandardEngine - Starting Servlet engine: [Apache Tomcat/9.0.16]
2019-03-31 15:08:37.981 [main] INFO  org.apache.catalina.core.AprLifecycleListener - An older version [1.2.14] of the APR based Apache Tomcat Native library is installed, while Tomcat recommends a minimum version of [1.2.21]
2019-03-31 15:08:37.981 [main] INFO  org.apache.catalina.core.AprLifecycleListener - Loaded APR based Apache Tomcat Native library [1.2.14] using APR version [1.6.2].
2019-03-31 15:08:37.981 [main] INFO  org.apache.catalina.core.AprLifecycleListener - APR capabilities: IPv6 [true], sendfile [true], accept filters [false], random [true].
2019-03-31 15:08:37.981 [main] INFO  org.apache.catalina.core.AprLifecycleListener - APR/OpenSSL configuration: useAprConnector [false], useOpenSSL [true]
2019-03-31 15:08:39.027 [main] INFO  org.apache.catalina.core.AprLifecycleListener - OpenSSL successfully initialized [OpenSSL 1.0.2l  25 May 2017]
2019-03-31 15:08:39.168 [main] INFO  o.a.c.core.ContainerBase.[Tomcat].[localhost].[/] - Initializing Spring embedded WebApplicationContext
2019-03-31 15:08:39.387 [main] INFO  com.zaxxer.hikari.HikariDataSource - HikariPool-1 - Starting...
2019-03-31 15:08:39.512 [main] INFO  com.zaxxer.hikari.HikariDataSource - HikariPool-1 - Start completed.
2019-03-31 15:08:39.762 [main] WARN  c.b.mybatisplus.core.toolkit.TableInfoHelper - Warn: Could not find @TableId in Class: com.sunql.blog.entity.User.
2019-03-31 15:08:40.371 [main] INFO  org.apache.coyote.http11.Http11NioProtocol - Starting ProtocolHandler ["http-nio-8080"]
2019-03-31 15:08:40.418 [main] INFO  com.sunql.blog.BlogApplication - Started BlogApplication in 5.172 seconds (JVM running for 7.458)
2019-03-31 15:09:54.524 [main] INFO  com.sunql.blog.SampleTest - Starting SampleTest on M81OGMXBVOO2F7H with PID 11516 (started by Administrator in J:\work\blog)
2019-03-31 15:09:54.524 [main] DEBUG com.sunql.blog.SampleTest - Running with Spring Boot v2.1.3.RELEASE, Spring v5.1.5.RELEASE
2019-03-31 15:09:54.524 [main] INFO  com.sunql.blog.SampleTest - The following profiles are active: dev
2019-03-31 15:09:57.430 [main] INFO  com.zaxxer.hikari.HikariDataSource - HikariPool-1 - Starting...
2019-03-31 15:09:57.758 [main] INFO  com.zaxxer.hikari.HikariDataSource - HikariPool-1 - Start completed.
2019-03-31 15:09:57.993 [main] WARN  c.b.mybatisplus.core.toolkit.TableInfoHelper - Warn: Could not find @TableId in Class: com.sunql.blog.entity.User.
2019-03-31 15:10:00.193 [main] INFO  com.sunql.blog.SampleTest - Started SampleTest in 6.685 seconds (JVM running for 9.042)
2019-03-31 15:10:00.584 [main] DEBUG com.sunql.blog.mapper.UserMapper.loginUser - ==>  Preparing: SELECT * FROM user WHERE user_phone=? and user_pwd=? 
2019-03-31 15:10:00.630 [main] DEBUG com.sunql.blog.mapper.UserMapper.loginUser - ==> Parameters: 18716643045(String), 12345678(String)
2019-03-31 15:10:00.677 [main] DEBUG com.sunql.blog.mapper.UserMapper.loginUser - <==      Total: 1
2019-03-31 15:10:00.693 [Thread-2] INFO  com.zaxxer.hikari.HikariDataSource - HikariPool-1 - Shutdown initiated...
2019-03-31 15:10:00.709 [Thread-2] INFO  com.zaxxer.hikari.HikariDataSource - HikariPool-1 - Shutdown completed.
2019-03-31 15:10:21.359 [main] INFO  com.sunql.blog.BlogApplication - Starting BlogApplication on M81OGMXBVOO2F7H with PID 21428 (J:\work\blog\target\classes started by Administrator in J:\work\blog)
2019-03-31 15:10:21.359 [main] DEBUG com.sunql.blog.BlogApplication - Running with Spring Boot v2.1.3.RELEASE, Spring v5.1.5.RELEASE
2019-03-31 15:10:21.359 [main] INFO  com.sunql.blog.BlogApplication - The following profiles are active: dev
2019-03-31 15:10:23.018 [main] INFO  org.apache.coyote.http11.Http11NioProtocol - Initializing ProtocolHandler ["http-nio-8080"]
2019-03-31 15:10:23.033 [main] INFO  org.apache.catalina.core.StandardService - Starting service [Tomcat]
2019-03-31 15:10:23.033 [main] INFO  org.apache.catalina.core.StandardEngine - Starting Servlet engine: [Apache Tomcat/9.0.16]
2019-03-31 15:10:23.033 [main] INFO  org.apache.catalina.core.AprLifecycleListener - An older version [1.2.14] of the APR based Apache Tomcat Native library is installed, while Tomcat recommends a minimum version of [1.2.21]
2019-03-31 15:10:23.033 [main] INFO  org.apache.catalina.core.AprLifecycleListener - Loaded APR based Apache Tomcat Native library [1.2.14] using APR version [1.6.2].
2019-03-31 15:10:23.033 [main] INFO  org.apache.catalina.core.AprLifecycleListener - APR capabilities: IPv6 [true], sendfile [true], accept filters [false], random [true].
2019-03-31 15:10:23.033 [main] INFO  org.apache.catalina.core.AprLifecycleListener - APR/OpenSSL configuration: useAprConnector [false], useOpenSSL [true]
2019-03-31 15:10:24.080 [main] INFO  org.apache.catalina.core.AprLifecycleListener - OpenSSL successfully initialized [OpenSSL 1.0.2l  25 May 2017]
2019-03-31 15:10:24.221 [main] INFO  o.a.c.core.ContainerBase.[Tomcat].[localhost].[/] - Initializing Spring embedded WebApplicationContext
2019-03-31 15:10:24.439 [main] INFO  com.zaxxer.hikari.HikariDataSource - HikariPool-1 - Starting...
2019-03-31 15:10:24.580 [main] INFO  com.zaxxer.hikari.HikariDataSource - HikariPool-1 - Start completed.
2019-03-31 15:10:24.830 [main] WARN  c.b.mybatisplus.core.toolkit.TableInfoHelper - Warn: Could not find @TableId in Class: com.sunql.blog.entity.User.
2019-03-31 15:10:25.471 [main] INFO  org.apache.coyote.http11.Http11NioProtocol - Starting ProtocolHandler ["http-nio-8080"]
2019-03-31 15:10:25.533 [main] INFO  com.sunql.blog.BlogApplication - Started BlogApplication in 4.784 seconds (JVM running for 16.102)
2019-03-31 15:13:45.529 [http-nio-8080-exec-1] INFO  o.a.c.core.ContainerBase.[Tomcat].[localhost].[/] - Initializing Spring DispatcherServlet 'dispatcherServlet'
2019-03-31 15:18:03.291 [http-nio-8080-exec-4] DEBUG com.sunql.blog.mapper.UserMapper.loginUser - ==>  Preparing: SELECT * FROM user WHERE user_phone=? and user_pwd=? 
2019-03-31 15:18:03.343 [http-nio-8080-exec-4] DEBUG com.sunql.blog.mapper.UserMapper.loginUser - ==> Parameters: 18716643045(String), 12345678(String)
2019-03-31 15:18:03.381 [http-nio-8080-exec-4] DEBUG com.sunql.blog.mapper.UserMapper.loginUser - <==      Total: 1
