2019-04-22 14:44:18.730 [main] INFO  com.sunql.blog.BlogApplication - Starting BlogApplication on M81OGMXBVOO2F7H with PID 6200 (J:\work\blog\target\classes started by Administrator in J:\work\blog)
2019-04-22 14:44:18.746 [main] DEBUG com.sunql.blog.BlogApplication - Running with Spring Boot v2.1.3.RELEASE, Spring v5.1.5.RELEASE
2019-04-22 14:44:18.746 [main] INFO  com.sunql.blog.BlogApplication - The following profiles are active: dev
2019-04-22 14:44:20.465 [main] INFO  org.apache.coyote.http11.Http11NioProtocol - Initializing ProtocolHandler ["http-nio-8080"]
2019-04-22 14:44:20.480 [main] INFO  org.apache.catalina.core.StandardService - Starting service [Tomcat]
2019-04-22 14:44:20.480 [main] INFO  org.apache.catalina.core.StandardEngine - Starting Servlet engine: [Apache Tomcat/9.0.16]
2019-04-22 14:44:20.496 [main] INFO  org.apache.catalina.core.AprLifecycleListener - An older version [1.2.14] of the APR based Apache Tomcat Native library is installed, while Tomcat recommends a minimum version of [1.2.21]
2019-04-22 14:44:20.496 [main] INFO  org.apache.catalina.core.AprLifecycleListener - Loaded APR based Apache Tomcat Native library [1.2.14] using APR version [1.6.2].
2019-04-22 14:44:20.496 [main] INFO  org.apache.catalina.core.AprLifecycleListener - APR capabilities: IPv6 [true], sendfile [true], accept filters [false], random [true].
2019-04-22 14:44:20.496 [main] INFO  org.apache.catalina.core.AprLifecycleListener - APR/OpenSSL configuration: useAprConnector [false], useOpenSSL [true]
2019-04-22 14:44:21.558 [main] INFO  org.apache.catalina.core.AprLifecycleListener - OpenSSL successfully initialized [OpenSSL 1.0.2l  25 May 2017]
2019-04-22 14:44:21.683 [main] INFO  o.a.c.core.ContainerBase.[Tomcat].[localhost].[/] - Initializing Spring embedded WebApplicationContext
2019-04-22 14:44:21.918 [main] INFO  com.zaxxer.hikari.HikariDataSource - HikariPool-1 - Starting...
2019-04-22 14:44:22.168 [main] INFO  com.zaxxer.hikari.HikariDataSource - HikariPool-1 - Start completed.
2019-04-22 14:44:22.527 [main] WARN  c.b.mybatisplus.core.toolkit.TableInfoHelper - Warn: Could not find @TableId in Class: com.sunql.blog.entity.Login.
2019-04-22 14:44:23.183 [main] INFO  org.apache.coyote.http11.Http11NioProtocol - Starting ProtocolHandler ["http-nio-8080"]
2019-04-22 14:44:23.230 [main] INFO  com.sunql.blog.BlogApplication - Started BlogApplication in 5.062 seconds (JVM running for 11.422)
2019-04-22 14:45:18.458 [http-nio-8080-exec-1] INFO  o.a.c.core.ContainerBase.[Tomcat].[localhost].[/] - Initializing Spring DispatcherServlet 'dispatcherServlet'
2019-04-22 14:45:18.540 [http-nio-8080-exec-1] DEBUG com.sunql.blog.mapper.UserMapper.loginUser - ==>  Preparing: SELECT * FROM user WHERE user_phone=? and user_pwd=? 
2019-04-22 14:45:18.556 [http-nio-8080-exec-1] DEBUG com.sunql.blog.mapper.UserMapper.loginUser - ==> Parameters: 18716643045(String), 12345678(String)
2019-04-22 14:45:18.587 [http-nio-8080-exec-1] DEBUG com.sunql.blog.mapper.UserMapper.loginUser - <==      Total: 1
2019-04-22 14:45:18.602 [http-nio-8080-exec-1] DEBUG com.sunql.blog.mapper.LoginMapper.insert - ==>  Preparing: INSERT INTO login ( ipaddress, loginstate, logintime, uid, token ) VALUES ( ?, ?, ?, ?, ? ) 
2019-04-22 14:45:18.602 [http-nio-8080-exec-1] DEBUG com.sunql.blog.mapper.LoginMapper.insert - ==> Parameters: 192.168.1.1(String), 1(Integer), 1555915518587(String), MnF/9XPJEprPvk/EwSLBAg==(String), 08HcYwEF1p563p9fM/IWsQ==(String)
2019-04-22 14:45:18.602 [http-nio-8080-exec-1] DEBUG com.sunql.blog.mapper.LoginMapper.insert - <==    Updates: 1
2019-04-22 14:45:53.618 [http-nio-8080-exec-3] DEBUG com.sunql.blog.mapper.UserMapper.loginUser - ==>  Preparing: SELECT * FROM user WHERE user_phone=? and user_pwd=? 
2019-04-22 14:45:53.619 [http-nio-8080-exec-3] DEBUG com.sunql.blog.mapper.UserMapper.loginUser - ==> Parameters: 18716643045(String), 12345678(String)
2019-04-22 14:45:53.622 [http-nio-8080-exec-3] DEBUG com.sunql.blog.mapper.UserMapper.loginUser - <==      Total: 1
2019-04-22 14:45:53.623 [http-nio-8080-exec-3] DEBUG com.sunql.blog.mapper.LoginMapper.insert - ==>  Preparing: INSERT INTO login ( ipaddress, loginstate, logintime, uid, token ) VALUES ( ?, ?, ?, ?, ? ) 
2019-04-22 14:45:53.624 [http-nio-8080-exec-3] DEBUG com.sunql.blog.mapper.LoginMapper.insert - ==> Parameters: 192.168.1.1(String), 1(Integer), 1555915553622(String), MnF/9XPJEprPvk/EwSLBAg==(String), G3z0zgEqMXUSdGS2SDb+Ow==(String)
2019-04-22 14:45:53.626 [http-nio-8080-exec-3] DEBUG com.sunql.blog.mapper.LoginMapper.insert - <==    Updates: 1
2019-04-22 17:59:27.518 [HikariPool-1 housekeeper] WARN  com.zaxxer.hikari.pool.HikariPool - HikariPool-1 - Thread starvation or clock leap detected (housekeeper delta=1h22m5s15ms169µs422ns).
2019-04-22 21:15:40.306 [main] INFO  com.sunql.blog.BlogApplication - Starting BlogApplication on M81OGMXBVOO2F7H with PID 11944 (J:\work\blog\target\classes started by Administrator in J:\work\blog)
2019-04-22 21:15:40.306 [main] DEBUG com.sunql.blog.BlogApplication - Running with Spring Boot v2.1.3.RELEASE, Spring v5.1.5.RELEASE
2019-04-22 21:15:40.306 [main] INFO  com.sunql.blog.BlogApplication - The following profiles are active: dev
2019-04-22 21:15:42.806 [main] INFO  org.apache.coyote.http11.Http11NioProtocol - Initializing ProtocolHandler ["http-nio-8080"]
2019-04-22 21:15:42.822 [main] INFO  org.apache.catalina.core.StandardService - Starting service [Tomcat]
2019-04-22 21:15:42.822 [main] INFO  org.apache.catalina.core.StandardEngine - Starting Servlet engine: [Apache Tomcat/9.0.16]
2019-04-22 21:15:42.822 [main] INFO  org.apache.catalina.core.AprLifecycleListener - An older version [1.2.14] of the APR based Apache Tomcat Native library is installed, while Tomcat recommends a minimum version of [1.2.21]
2019-04-22 21:15:42.822 [main] INFO  org.apache.catalina.core.AprLifecycleListener - Loaded APR based Apache Tomcat Native library [1.2.14] using APR version [1.6.2].
2019-04-22 21:15:42.837 [main] INFO  org.apache.catalina.core.AprLifecycleListener - APR capabilities: IPv6 [true], sendfile [true], accept filters [false], random [true].
2019-04-22 21:15:42.837 [main] INFO  org.apache.catalina.core.AprLifecycleListener - APR/OpenSSL configuration: useAprConnector [false], useOpenSSL [true]
2019-04-22 21:15:43.931 [main] INFO  org.apache.catalina.core.AprLifecycleListener - OpenSSL successfully initialized [OpenSSL 1.0.2l  25 May 2017]
2019-04-22 21:15:44.072 [main] INFO  o.a.c.core.ContainerBase.[Tomcat].[localhost].[/] - Initializing Spring embedded WebApplicationContext
2019-04-22 21:15:44.353 [main] INFO  com.zaxxer.hikari.HikariDataSource - HikariPool-1 - Starting...
2019-04-22 21:15:44.775 [main] INFO  com.zaxxer.hikari.HikariDataSource - HikariPool-1 - Start completed.
2019-04-22 21:15:45.228 [main] WARN  c.b.mybatisplus.core.toolkit.TableInfoHelper - Warn: Could not find @TableId in Class: com.sunql.blog.entity.Login.
2019-04-22 21:15:45.931 [main] INFO  org.apache.coyote.http11.Http11NioProtocol - Starting ProtocolHandler ["http-nio-8080"]
2019-04-22 21:15:46.072 [main] INFO  com.sunql.blog.BlogApplication - Started BlogApplication in 6.818 seconds (JVM running for 27.565)
2019-04-22 21:20:12.212 [http-nio-8080-exec-1] INFO  o.a.c.core.ContainerBase.[Tomcat].[localhost].[/] - Initializing Spring DispatcherServlet 'dispatcherServlet'
2019-04-22 21:23:05.832 [http-nio-8080-exec-4] DEBUG com.sunql.blog.mapper.UserMapper.loginUser - ==>  Preparing: SELECT * FROM user WHERE user_phone=? and user_pwd=? 
2019-04-22 21:23:05.871 [http-nio-8080-exec-4] DEBUG com.sunql.blog.mapper.UserMapper.loginUser - ==> Parameters: 18716643045(String), 12345678(String)
2019-04-22 21:23:05.902 [http-nio-8080-exec-4] DEBUG com.sunql.blog.mapper.UserMapper.loginUser - <==      Total: 1
2019-04-22 21:23:05.918 [http-nio-8080-exec-4] DEBUG com.sunql.blog.mapper.LoginMapper.insert - ==>  Preparing: INSERT INTO login ( ipaddress, loginstate, logintime, uid, token ) VALUES ( ?, ?, ?, ?, ? ) 
2019-04-22 21:23:05.918 [http-nio-8080-exec-4] DEBUG com.sunql.blog.mapper.LoginMapper.insert - ==> Parameters: 192.168.1.1(String), 1(Integer), 1555939385902(String), MnF/9XPJEprPvk/EwSLBAg==(String), hcHm5hTgTs53BrznzSq1gQ==(String)
2019-04-22 21:23:05.918 [http-nio-8080-exec-4] DEBUG com.sunql.blog.mapper.LoginMapper.insert - <==    Updates: 1
2019-04-22 21:35:40.058 [main] INFO  com.sunql.blog.BlogApplication - Starting BlogApplication on M81OGMXBVOO2F7H with PID 16056 (J:\work\blog\target\classes started by Administrator in J:\work\blog)
2019-04-22 21:35:40.074 [main] DEBUG com.sunql.blog.BlogApplication - Running with Spring Boot v2.1.3.RELEASE, Spring v5.1.5.RELEASE
2019-04-22 21:35:40.074 [main] INFO  com.sunql.blog.BlogApplication - The following profiles are active: dev
2019-04-22 21:35:42.199 [main] INFO  org.apache.coyote.http11.Http11NioProtocol - Initializing ProtocolHandler ["http-nio-8080"]
2019-04-22 21:35:42.199 [main] INFO  org.apache.catalina.core.StandardService - Starting service [Tomcat]
2019-04-22 21:35:42.199 [main] INFO  org.apache.catalina.core.StandardEngine - Starting Servlet engine: [Apache Tomcat/9.0.16]
2019-04-22 21:35:42.215 [main] INFO  org.apache.catalina.core.AprLifecycleListener - An older version [1.2.14] of the APR based Apache Tomcat Native library is installed, while Tomcat recommends a minimum version of [1.2.21]
2019-04-22 21:35:42.215 [main] INFO  org.apache.catalina.core.AprLifecycleListener - Loaded APR based Apache Tomcat Native library [1.2.14] using APR version [1.6.2].
2019-04-22 21:35:42.215 [main] INFO  org.apache.catalina.core.AprLifecycleListener - APR capabilities: IPv6 [true], sendfile [true], accept filters [false], random [true].
2019-04-22 21:35:42.215 [main] INFO  org.apache.catalina.core.AprLifecycleListener - APR/OpenSSL configuration: useAprConnector [false], useOpenSSL [true]
2019-04-22 21:35:43.262 [main] INFO  org.apache.catalina.core.AprLifecycleListener - OpenSSL successfully initialized [OpenSSL 1.0.2l  25 May 2017]
2019-04-22 21:35:43.402 [main] INFO  o.a.c.core.ContainerBase.[Tomcat].[localhost].[/] - Initializing Spring embedded WebApplicationContext
2019-04-22 21:35:43.636 [main] INFO  com.zaxxer.hikari.HikariDataSource - HikariPool-1 - Starting...
2019-04-22 21:35:43.918 [main] INFO  com.zaxxer.hikari.HikariDataSource - HikariPool-1 - Start completed.
2019-04-22 21:35:44.308 [main] WARN  c.b.mybatisplus.core.toolkit.TableInfoHelper - Warn: Could not find @TableId in Class: com.sunql.blog.entity.Login.
2019-04-22 21:35:45.011 [main] INFO  org.apache.coyote.http11.Http11NioProtocol - Starting ProtocolHandler ["http-nio-8080"]
2019-04-22 21:35:45.136 [main] INFO  com.sunql.blog.BlogApplication - Started BlogApplication in 5.968 seconds (JVM running for 17.119)
2019-04-22 21:36:31.831 [http-nio-8080-exec-1] INFO  o.a.c.core.ContainerBase.[Tomcat].[localhost].[/] - Initializing Spring DispatcherServlet 'dispatcherServlet'
2019-04-22 21:36:31.941 [http-nio-8080-exec-1] DEBUG com.sunql.blog.mapper.UserMapper.loginUser - ==>  Preparing: SELECT * FROM user WHERE user_phone=? and user_pwd=? 
2019-04-22 21:36:31.972 [http-nio-8080-exec-1] DEBUG com.sunql.blog.mapper.UserMapper.loginUser - ==> Parameters: 18716643045(String), 12345678(String)
2019-04-22 21:36:32.003 [http-nio-8080-exec-1] DEBUG com.sunql.blog.mapper.UserMapper.loginUser - <==      Total: 1
2019-04-22 21:36:32.035 [http-nio-8080-exec-1] DEBUG com.sunql.blog.mapper.LoginMapper.insert - ==>  Preparing: INSERT INTO login ( ipaddress, loginstate, logintime, uid, token ) VALUES ( ?, ?, ?, ?, ? ) 
2019-04-22 21:36:32.035 [http-nio-8080-exec-1] DEBUG com.sunql.blog.mapper.LoginMapper.insert - ==> Parameters: 192.168.1.1(String), 1(Integer), 1555940192003(String), MnF/9XPJEprPvk/EwSLBAg==(String), 2lSUbr3lR25/vYUC51AXaw==(String)
2019-04-22 21:36:32.097 [http-nio-8080-exec-1] DEBUG com.sunql.blog.mapper.LoginMapper.insert - <==    Updates: 1
2019-04-22 21:39:49.190 [http-nio-8080-exec-9] DEBUG com.sunql.blog.mapper.UserMapper.loginUser - ==>  Preparing: SELECT * FROM user WHERE user_phone=? and user_pwd=? 
2019-04-22 21:39:49.191 [http-nio-8080-exec-9] DEBUG com.sunql.blog.mapper.UserMapper.loginUser - ==> Parameters: 18716643045(String), 12345678(String)
2019-04-22 21:39:49.194 [http-nio-8080-exec-9] DEBUG com.sunql.blog.mapper.UserMapper.loginUser - <==      Total: 1
2019-04-22 21:39:49.196 [http-nio-8080-exec-9] DEBUG com.sunql.blog.mapper.LoginMapper.insert - ==>  Preparing: INSERT INTO login ( ipaddress, loginstate, logintime, uid, token ) VALUES ( ?, ?, ?, ?, ? ) 
2019-04-22 21:39:49.197 [http-nio-8080-exec-9] DEBUG com.sunql.blog.mapper.LoginMapper.insert - ==> Parameters: 192.168.1.1(String), 1(Integer), 1555940389195(String), MnF/9XPJEprPvk/EwSLBAg==(String), G7ZX0CSCkorguPDG08rm1A==(String)
2019-04-22 21:39:49.199 [http-nio-8080-exec-9] DEBUG com.sunql.blog.mapper.LoginMapper.insert - <==    Updates: 1
2019-04-22 21:41:15.397 [http-nio-8080-exec-2] DEBUG com.sunql.blog.mapper.ArticleMapper.selectList - ==>  Preparing: SELECT id,add_time,art_desc,art_title,art_type,comment,islike,isread,is_release,updata_time,user_id,words,intro FROM article 
2019-04-22 21:41:15.398 [http-nio-8080-exec-2] DEBUG com.sunql.blog.mapper.ArticleMapper.selectList - ==> Parameters: 
2019-04-22 21:41:15.420 [http-nio-8080-exec-2] DEBUG com.sunql.blog.mapper.ArticleMapper.selectList - <==      Total: 15
2019-04-22 21:42:15.885 [http-nio-8080-exec-5] DEBUG com.sunql.blog.mapper.ArticleMapper.selectList - ==>  Preparing: SELECT id,add_time,art_desc,art_title,art_type,comment,islike,isread,is_release,updata_time,user_id,words,intro FROM article 
2019-04-22 21:42:15.885 [http-nio-8080-exec-5] DEBUG com.sunql.blog.mapper.ArticleMapper.selectList - ==> Parameters: 
2019-04-22 21:42:15.897 [http-nio-8080-exec-5] DEBUG com.sunql.blog.mapper.ArticleMapper.selectList - <==      Total: 15
2019-04-22 21:42:37.191 [main] INFO  com.sunql.blog.BlogApplication - Starting BlogApplication on M81OGMXBVOO2F7H with PID 4748 (J:\work\blog\target\classes started by Administrator in J:\work\blog)
2019-04-22 21:42:37.207 [main] DEBUG com.sunql.blog.BlogApplication - Running with Spring Boot v2.1.3.RELEASE, Spring v5.1.5.RELEASE
2019-04-22 21:42:37.207 [main] INFO  com.sunql.blog.BlogApplication - The following profiles are active: dev
2019-04-22 21:42:39.053 [main] INFO  org.apache.coyote.http11.Http11NioProtocol - Initializing ProtocolHandler ["http-nio-8080"]
2019-04-22 21:42:39.069 [main] INFO  org.apache.catalina.core.StandardService - Starting service [Tomcat]
2019-04-22 21:42:39.069 [main] INFO  org.apache.catalina.core.StandardEngine - Starting Servlet engine: [Apache Tomcat/9.0.16]
2019-04-22 21:42:39.085 [main] INFO  org.apache.catalina.core.AprLifecycleListener - An older version [1.2.14] of the APR based Apache Tomcat Native library is installed, while Tomcat recommends a minimum version of [1.2.21]
2019-04-22 21:42:39.085 [main] INFO  org.apache.catalina.core.AprLifecycleListener - Loaded APR based Apache Tomcat Native library [1.2.14] using APR version [1.6.2].
2019-04-22 21:42:39.085 [main] INFO  org.apache.catalina.core.AprLifecycleListener - APR capabilities: IPv6 [true], sendfile [true], accept filters [false], random [true].
2019-04-22 21:42:39.085 [main] INFO  org.apache.catalina.core.AprLifecycleListener - APR/OpenSSL configuration: useAprConnector [false], useOpenSSL [true]
2019-04-22 21:42:40.110 [main] INFO  org.apache.catalina.core.AprLifecycleListener - OpenSSL successfully initialized [OpenSSL 1.0.2l  25 May 2017]
2019-04-22 21:42:40.226 [main] INFO  o.a.c.core.ContainerBase.[Tomcat].[localhost].[/] - Initializing Spring embedded WebApplicationContext
2019-04-22 21:42:40.429 [main] INFO  com.zaxxer.hikari.HikariDataSource - HikariPool-1 - Starting...
2019-04-22 21:42:40.586 [main] INFO  com.zaxxer.hikari.HikariDataSource - HikariPool-1 - Start completed.
2019-04-22 21:42:40.992 [main] WARN  c.b.mybatisplus.core.toolkit.TableInfoHelper - Warn: Could not find @TableId in Class: com.sunql.blog.entity.Login.
2019-04-22 21:42:41.694 [main] INFO  org.apache.coyote.http11.Http11NioProtocol - Starting ProtocolHandler ["http-nio-8080"]
2019-04-22 21:42:41.772 [main] INFO  com.sunql.blog.BlogApplication - Started BlogApplication in 5.15 seconds (JVM running for 16.049)
2019-04-22 21:43:16.916 [http-nio-8080-exec-1] INFO  o.a.c.core.ContainerBase.[Tomcat].[localhost].[/] - Initializing Spring DispatcherServlet 'dispatcherServlet'
2019-04-22 21:43:17.058 [http-nio-8080-exec-1] DEBUG com.sunql.blog.mapper.ArticleMapper.selectList - ==>  Preparing: SELECT id,add_time,art_desc,art_title,art_type,comment,islike,isread,is_release,updata_time,user_id,words,intro FROM article 
2019-04-22 21:43:17.089 [http-nio-8080-exec-1] DEBUG com.sunql.blog.mapper.ArticleMapper.selectList - ==> Parameters: 
2019-04-22 21:43:17.146 [http-nio-8080-exec-1] DEBUG com.sunql.blog.mapper.ArticleMapper.selectList - <==      Total: 15
2019-04-22 21:43:25.119 [http-nio-8080-exec-3] DEBUG com.sunql.blog.mapper.ArticleMapper.selectList - ==>  Preparing: SELECT id,add_time,art_desc,art_title,art_type,comment,islike,isread,is_release,updata_time,user_id,words,intro FROM article 
2019-04-22 21:43:25.119 [http-nio-8080-exec-3] DEBUG com.sunql.blog.mapper.ArticleMapper.selectList - ==> Parameters: 
2019-04-22 21:43:25.132 [http-nio-8080-exec-3] DEBUG com.sunql.blog.mapper.ArticleMapper.selectList - <==      Total: 15
2019-04-22 21:45:01.821 [http-nio-8080-exec-7] DEBUG com.sunql.blog.mapper.ArticleMapper.selectList - ==>  Preparing: SELECT id,add_time,art_desc,art_title,art_type,comment,islike,isread,is_release,updata_time,user_id,words,intro FROM article 
2019-04-22 21:45:01.821 [http-nio-8080-exec-7] DEBUG com.sunql.blog.mapper.ArticleMapper.selectList - ==> Parameters: 
2019-04-22 21:45:01.828 [http-nio-8080-exec-7] DEBUG com.sunql.blog.mapper.ArticleMapper.selectList - <==      Total: 15
2019-04-22 21:45:10.973 [http-nio-8080-exec-8] DEBUG com.sunql.blog.mapper.ArticleMapper.selectList - ==>  Preparing: SELECT id,add_time,art_desc,art_title,art_type,comment,islike,isread,is_release,updata_time,user_id,words,intro FROM article 
2019-04-22 21:45:10.974 [http-nio-8080-exec-8] DEBUG com.sunql.blog.mapper.ArticleMapper.selectList - ==> Parameters: 
2019-04-22 21:45:10.979 [http-nio-8080-exec-8] DEBUG com.sunql.blog.mapper.ArticleMapper.selectList - <==      Total: 15
2019-04-22 21:46:31.503 [http-nio-8080-exec-1] DEBUG com.sunql.blog.mapper.ArticleMapper.selectList - ==>  Preparing: SELECT id,add_time,art_desc,art_title,art_type,comment,islike,isread,is_release,updata_time,user_id,words,intro FROM article 
2019-04-22 21:46:31.503 [http-nio-8080-exec-1] DEBUG com.sunql.blog.mapper.ArticleMapper.selectList - ==> Parameters: 
2019-04-22 21:46:31.509 [http-nio-8080-exec-1] DEBUG com.sunql.blog.mapper.ArticleMapper.selectList - <==      Total: 15
2019-04-22 21:52:19.869 [main] INFO  com.sunql.blog.BlogApplication - Starting BlogApplication on M81OGMXBVOO2F7H with PID 5112 (J:\work\blog\target\classes started by Administrator in J:\work\blog)
2019-04-22 21:52:19.873 [main] DEBUG com.sunql.blog.BlogApplication - Running with Spring Boot v2.1.3.RELEASE, Spring v5.1.5.RELEASE
2019-04-22 21:52:19.874 [main] INFO  com.sunql.blog.BlogApplication - The following profiles are active: dev
2019-04-22 21:52:21.377 [main] INFO  org.apache.coyote.http11.Http11NioProtocol - Initializing ProtocolHandler ["http-nio-8080"]
2019-04-22 21:52:21.387 [main] INFO  org.apache.catalina.core.StandardService - Starting service [Tomcat]
2019-04-22 21:52:21.387 [main] INFO  org.apache.catalina.core.StandardEngine - Starting Servlet engine: [Apache Tomcat/9.0.16]
2019-04-22 21:52:21.394 [main] INFO  org.apache.catalina.core.AprLifecycleListener - An older version [1.2.14] of the APR based Apache Tomcat Native library is installed, while Tomcat recommends a minimum version of [1.2.21]
2019-04-22 21:52:21.394 [main] INFO  org.apache.catalina.core.AprLifecycleListener - Loaded APR based Apache Tomcat Native library [1.2.14] using APR version [1.6.2].
2019-04-22 21:52:21.395 [main] INFO  org.apache.catalina.core.AprLifecycleListener - APR capabilities: IPv6 [true], sendfile [true], accept filters [false], random [true].
2019-04-22 21:52:21.395 [main] INFO  org.apache.catalina.core.AprLifecycleListener - APR/OpenSSL configuration: useAprConnector [false], useOpenSSL [true]
2019-04-22 21:52:22.450 [main] INFO  org.apache.catalina.core.AprLifecycleListener - OpenSSL successfully initialized [OpenSSL 1.0.2l  25 May 2017]
2019-04-22 21:52:22.563 [main] INFO  o.a.c.core.ContainerBase.[Tomcat].[localhost].[/] - Initializing Spring embedded WebApplicationContext
2019-04-22 21:52:22.777 [main] INFO  com.zaxxer.hikari.HikariDataSource - HikariPool-1 - Starting...
2019-04-22 21:52:22.989 [main] INFO  com.zaxxer.hikari.HikariDataSource - HikariPool-1 - Start completed.
2019-04-22 21:52:23.335 [main] WARN  c.b.mybatisplus.core.toolkit.TableInfoHelper - Warn: Could not find @TableId in Class: com.sunql.blog.entity.Login.
2019-04-22 21:52:23.931 [main] INFO  org.apache.coyote.http11.Http11NioProtocol - Starting ProtocolHandler ["http-nio-8080"]
2019-04-22 21:52:23.974 [main] INFO  com.sunql.blog.BlogApplication - Started BlogApplication in 4.584 seconds (JVM running for 15.312)
2019-04-22 21:53:00.080 [http-nio-8080-exec-2] INFO  o.a.c.core.ContainerBase.[Tomcat].[localhost].[/] - Initializing Spring DispatcherServlet 'dispatcherServlet'
2019-04-22 21:53:00.161 [http-nio-8080-exec-2] DEBUG com.sunql.blog.mapper.ArticleMapper.selectAll - ==>  Preparing: SELECT * FROM user Order By updata_time Desc 
2019-04-22 21:53:00.194 [http-nio-8080-exec-2] DEBUG com.sunql.blog.mapper.ArticleMapper.selectAll - ==> Parameters: 
2019-04-22 21:53:00.331 [http-nio-8080-exec-2] ERROR o.a.c.c.C.[.[localhost].[/].[dispatcherServlet] - Servlet.service() for servlet [dispatcherServlet] in context with path [] threw exception [Request processing failed; nested exception is org.springframework.dao.DataIntegrityViolationException: Error attempting to get column 'user_address' from result set.  Cause: java.sql.SQLDataException: Cannot determine value type from string '重庆大足'
; Cannot determine value type from string '重庆大足'; nested exception is java.sql.SQLDataException: Cannot determine value type from string '重庆大足'] with root cause
com.mysql.cj.exceptions.DataConversionException: Cannot determine value type from string '重庆大足'
	at com.mysql.cj.result.StringConverter.createFromBytes(StringConverter.java:131)
	at com.mysql.cj.protocol.a.MysqlTextValueDecoder.decodeByteArray(MysqlTextValueDecoder.java:238)
	at com.mysql.cj.protocol.result.AbstractResultsetRow.decodeAndCreateReturnValue(AbstractResultsetRow.java:143)
	at com.mysql.cj.protocol.result.AbstractResultsetRow.getValueFromBytes(AbstractResultsetRow.java:250)
	at com.mysql.cj.protocol.a.result.ByteArrayRow.getValue(ByteArrayRow.java:91)
	at com.mysql.cj.jdbc.result.ResultSetImpl.getNonStringValueFromRow(ResultSetImpl.java:656)
	at com.mysql.cj.jdbc.result.ResultSetImpl.getInt(ResultSetImpl.java:896)
	at com.mysql.cj.jdbc.result.ResultSetImpl.getInt(ResultSetImpl.java:916)
	at com.zaxxer.hikari.pool.HikariProxyResultSet.getInt(HikariProxyResultSet.java)
	at sun.reflect.NativeMethodAccessorImpl.invoke0(Native Method)
	at sun.reflect.NativeMethodAccessorImpl.invoke(NativeMethodAccessorImpl.java:62)
	at sun.reflect.DelegatingMethodAccessorImpl.invoke(DelegatingMethodAccessorImpl.java:43)
	at java.lang.reflect.Method.invoke(Method.java:498)
	at org.apache.ibatis.logging.jdbc.ResultSetLogger.invoke(ResultSetLogger.java:68)
	at com.sun.proxy.$Proxy91.getInt(Unknown Source)
	at org.apache.ibatis.type.IntegerTypeHandler.getNullableResult(IntegerTypeHandler.java:37)
	at org.apache.ibatis.type.IntegerTypeHandler.getNullableResult(IntegerTypeHandler.java:26)
	at org.apache.ibatis.type.BaseTypeHandler.getResult(BaseTypeHandler.java:81)
	at org.apache.ibatis.executor.resultset.DefaultResultSetHandler.createUsingConstructor(DefaultResultSetHandler.java:672)
	at org.apache.ibatis.executor.resultset.DefaultResultSetHandler.createByConstructorSignature(DefaultResultSetHandler.java:655)
	at org.apache.ibatis.executor.resultset.DefaultResultSetHandler.createResultObject(DefaultResultSetHandler.java:618)
	at org.apache.ibatis.executor.resultset.DefaultResultSetHandler.createResultObject(DefaultResultSetHandler.java:591)
	at org.apache.ibatis.executor.resultset.DefaultResultSetHandler.getRowValue(DefaultResultSetHandler.java:397)
	at org.apache.ibatis.executor.resultset.DefaultResultSetHandler.handleRowValuesForSimpleResultMap(DefaultResultSetHandler.java:354)
	at org.apache.ibatis.executor.resultset.DefaultResultSetHandler.handleRowValues(DefaultResultSetHandler.java:328)
	at org.apache.ibatis.executor.resultset.DefaultResultSetHandler.handleResultSet(DefaultResultSetHandler.java:301)
	at org.apache.ibatis.executor.resultset.DefaultResultSetHandler.handleResultSets(DefaultResultSetHandler.java:194)
	at org.apache.ibatis.executor.statement.PreparedStatementHandler.query(PreparedStatementHandler.java:65)
	at org.apache.ibatis.executor.statement.RoutingStatementHandler.query(RoutingStatementHandler.java:79)
	at org.apache.ibatis.executor.SimpleExecutor.doQuery(SimpleExecutor.java:63)
	at org.apache.ibatis.executor.BaseExecutor.queryFromDatabase(BaseExecutor.java:324)
	at org.apache.ibatis.executor.BaseExecutor.query(BaseExecutor.java:156)
	at org.apache.ibatis.executor.CachingExecutor.query(CachingExecutor.java:109)
	at org.apache.ibatis.executor.CachingExecutor.query(CachingExecutor.java:83)
	at org.apache.ibatis.session.defaults.DefaultSqlSession.selectList(DefaultSqlSession.java:148)
	at org.apache.ibatis.session.defaults.DefaultSqlSession.selectList(DefaultSqlSession.java:141)
	at sun.reflect.NativeMethodAccessorImpl.invoke0(Native Method)
	at sun.reflect.NativeMethodAccessorImpl.invoke(NativeMethodAccessorImpl.java:62)
	at sun.reflect.DelegatingMethodAccessorImpl.invoke(DelegatingMethodAccessorImpl.java:43)
	at java.lang.reflect.Method.invoke(Method.java:498)
	at org.mybatis.spring.SqlSessionTemplate$SqlSessionInterceptor.invoke(SqlSessionTemplate.java:433)
	at com.sun.proxy.$Proxy65.selectList(Unknown Source)
	at org.mybatis.spring.SqlSessionTemplate.selectList(SqlSessionTemplate.java:230)
	at com.baomidou.mybatisplus.core.override.MybatisMapperMethod.executeForMany(MybatisMapperMethod.java:168)
	at com.baomidou.mybatisplus.core.override.MybatisMapperMethod.execute(MybatisMapperMethod.java:82)
	at com.baomidou.mybatisplus.core.override.MybatisMapperProxy.invoke(MybatisMapperProxy.java:61)
	at com.sun.proxy.$Proxy78.selectAll(Unknown Source)
	at sun.reflect.NativeMethodAccessorImpl.invoke0(Native Method)
	at sun.reflect.NativeMethodAccessorImpl.invoke(NativeMethodAccessorImpl.java:62)
	at sun.reflect.DelegatingMethodAccessorImpl.invoke(DelegatingMethodAccessorImpl.java:43)
	at java.lang.reflect.Method.invoke(Method.java:498)
	at org.springframework.aop.support.AopUtils.invokeJoinpointUsingReflection(AopUtils.java:343)
	at org.springframework.aop.framework.ReflectiveMethodInvocation.invokeJoinpoint(ReflectiveMethodInvocation.java:198)
	at org.springframework.aop.framework.ReflectiveMethodInvocation.proceed(ReflectiveMethodInvocation.java:163)
	at org.springframework.dao.support.PersistenceExceptionTranslationInterceptor.invoke(PersistenceExceptionTranslationInterceptor.java:139)
	at org.springframework.aop.framework.ReflectiveMethodInvocation.proceed(ReflectiveMethodInvocation.java:186)
	at org.springframework.aop.framework.JdkDynamicAopProxy.invoke(JdkDynamicAopProxy.java:212)
	at com.sun.proxy.$Proxy79.selectAll(Unknown Source)
	at com.sunql.blog.service.impl.ArticleServiceImpl.getArticle(ArticleServiceImpl.java:151)
	at com.sunql.blog.service.impl.ArticleServiceImpl$$FastClassBySpringCGLIB$$3ee8967c.invoke(<generated>)
	at org.springframework.cglib.proxy.MethodProxy.invoke(MethodProxy.java:218)
	at org.springframework.aop.framework.CglibAopProxy$DynamicAdvisedInterceptor.intercept(CglibAopProxy.java:684)
	at com.sunql.blog.service.impl.ArticleServiceImpl$$EnhancerBySpringCGLIB$$934ba38d.getArticle(<generated>)
	at com.sunql.blog.controller.ArticleController.bloghome(ArticleController.java:75)
	at sun.reflect.NativeMethodAccessorImpl.invoke0(Native Method)
	at sun.reflect.NativeMethodAccessorImpl.invoke(NativeMethodAccessorImpl.java:62)
	at sun.reflect.DelegatingMethodAccessorImpl.invoke(DelegatingMethodAccessorImpl.java:43)
	at java.lang.reflect.Method.invoke(Method.java:498)
	at org.springframework.web.method.support.InvocableHandlerMethod.doInvoke(InvocableHandlerMethod.java:189)
	at org.springframework.web.method.support.InvocableHandlerMethod.invokeForRequest(InvocableHandlerMethod.java:138)
	at org.springframework.web.servlet.mvc.method.annotation.ServletInvocableHandlerMethod.invokeAndHandle(ServletInvocableHandlerMethod.java:102)
	at org.springframework.web.servlet.mvc.method.annotation.RequestMappingHandlerAdapter.invokeHandlerMethod(RequestMappingHandlerAdapter.java:895)
	at org.springframework.web.servlet.mvc.method.annotation.RequestMappingHandlerAdapter.handleInternal(RequestMappingHandlerAdapter.java:800)
	at org.springframework.web.servlet.mvc.method.AbstractHandlerMethodAdapter.handle(AbstractHandlerMethodAdapter.java:87)
	at org.springframework.web.servlet.DispatcherServlet.doDispatch(DispatcherServlet.java:1038)
	at org.springframework.web.servlet.DispatcherServlet.doService(DispatcherServlet.java:942)
	at org.springframework.web.servlet.FrameworkServlet.processRequest(FrameworkServlet.java:1005)
	at org.springframework.web.servlet.FrameworkServlet.doPost(FrameworkServlet.java:908)
	at javax.servlet.http.HttpServlet.service(HttpServlet.java:660)
	at org.springframework.web.servlet.FrameworkServlet.service(FrameworkServlet.java:882)
	at javax.servlet.http.HttpServlet.service(HttpServlet.java:741)
	at org.apache.catalina.core.ApplicationFilterChain.internalDoFilter(ApplicationFilterChain.java:231)
	at org.apache.catalina.core.ApplicationFilterChain.doFilter(ApplicationFilterChain.java:166)
	at org.apache.tomcat.websocket.server.WsFilter.doFilter(WsFilter.java:53)
	at org.apache.catalina.core.ApplicationFilterChain.internalDoFilter(ApplicationFilterChain.java:193)
	at org.apache.catalina.core.ApplicationFilterChain.doFilter(ApplicationFilterChain.java:166)
	at org.springframework.web.filter.RequestContextFilter.doFilterInternal(RequestContextFilter.java:99)
	at org.springframework.web.filter.OncePerRequestFilter.doFilter(OncePerRequestFilter.java:107)
	at org.apache.catalina.core.ApplicationFilterChain.internalDoFilter(ApplicationFilterChain.java:193)
	at org.apache.catalina.core.ApplicationFilterChain.doFilter(ApplicationFilterChain.java:166)
	at org.springframework.web.filter.FormContentFilter.doFilterInternal(FormContentFilter.java:92)
	at org.springframework.web.filter.OncePerRequestFilter.doFilter(OncePerRequestFilter.java:107)
	at org.apache.catalina.core.ApplicationFilterChain.internalDoFilter(ApplicationFilterChain.java:193)
	at org.apache.catalina.core.ApplicationFilterChain.doFilter(ApplicationFilterChain.java:166)
	at org.springframework.web.filter.HiddenHttpMethodFilter.doFilterInternal(HiddenHttpMethodFilter.java:93)
	at org.springframework.web.filter.OncePerRequestFilter.doFilter(OncePerRequestFilter.java:107)
	at org.apache.catalina.core.ApplicationFilterChain.internalDoFilter(ApplicationFilterChain.java:193)
	at org.apache.catalina.core.ApplicationFilterChain.doFilter(ApplicationFilterChain.java:166)
	at org.springframework.web.filter.CharacterEncodingFilter.doFilterInternal(CharacterEncodingFilter.java:200)
	at org.springframework.web.filter.OncePerRequestFilter.doFilter(OncePerRequestFilter.java:107)
	at org.apache.catalina.core.ApplicationFilterChain.internalDoFilter(ApplicationFilterChain.java:193)
	at org.apache.catalina.core.ApplicationFilterChain.doFilter(ApplicationFilterChain.java:166)
	at org.apache.catalina.core.StandardWrapperValve.invoke(StandardWrapperValve.java:200)
	at org.apache.catalina.core.StandardContextValve.invoke(StandardContextValve.java:96)
	at org.apache.catalina.authenticator.AuthenticatorBase.invoke(AuthenticatorBase.java:490)
	at org.apache.catalina.core.StandardHostValve.invoke(StandardHostValve.java:139)
	at org.apache.catalina.valves.ErrorReportValve.invoke(ErrorReportValve.java:92)
	at org.apache.catalina.core.StandardEngineValve.invoke(StandardEngineValve.java:74)
	at org.apache.catalina.connector.CoyoteAdapter.service(CoyoteAdapter.java:343)
	at org.apache.coyote.http11.Http11Processor.service(Http11Processor.java:408)
	at org.apache.coyote.AbstractProcessorLight.process(AbstractProcessorLight.java:66)
	at org.apache.coyote.AbstractProtocol$ConnectionHandler.process(AbstractProtocol.java:834)
	at org.apache.tomcat.util.net.NioEndpoint$SocketProcessor.doRun(NioEndpoint.java:1415)
	at org.apache.tomcat.util.net.SocketProcessorBase.run(SocketProcessorBase.java:49)
	at java.util.concurrent.ThreadPoolExecutor.runWorker(ThreadPoolExecutor.java:1142)
	at java.util.concurrent.ThreadPoolExecutor$Worker.run(ThreadPoolExecutor.java:617)
	at org.apache.tomcat.util.threads.TaskThread$WrappingRunnable.run(TaskThread.java:61)
	at java.lang.Thread.run(Thread.java:745)
2019-04-22 21:56:52.360 [main] INFO  com.sunql.blog.BlogApplication - Starting BlogApplication on M81OGMXBVOO2F7H with PID 14216 (J:\work\blog\target\classes started by Administrator in J:\work\blog)
2019-04-22 21:56:52.364 [main] DEBUG com.sunql.blog.BlogApplication - Running with Spring Boot v2.1.3.RELEASE, Spring v5.1.5.RELEASE
2019-04-22 21:56:52.365 [main] INFO  com.sunql.blog.BlogApplication - The following profiles are active: dev
2019-04-22 21:56:54.434 [main] INFO  org.apache.coyote.http11.Http11NioProtocol - Initializing ProtocolHandler ["http-nio-8080"]
2019-04-22 21:56:54.450 [main] INFO  org.apache.catalina.core.StandardService - Starting service [Tomcat]
2019-04-22 21:56:54.450 [main] INFO  org.apache.catalina.core.StandardEngine - Starting Servlet engine: [Apache Tomcat/9.0.16]
2019-04-22 21:56:54.459 [main] INFO  org.apache.catalina.core.AprLifecycleListener - An older version [1.2.14] of the APR based Apache Tomcat Native library is installed, while Tomcat recommends a minimum version of [1.2.21]
2019-04-22 21:56:54.459 [main] INFO  org.apache.catalina.core.AprLifecycleListener - Loaded APR based Apache Tomcat Native library [1.2.14] using APR version [1.6.2].
2019-04-22 21:56:54.459 [main] INFO  org.apache.catalina.core.AprLifecycleListener - APR capabilities: IPv6 [true], sendfile [true], accept filters [false], random [true].
2019-04-22 21:56:54.459 [main] INFO  org.apache.catalina.core.AprLifecycleListener - APR/OpenSSL configuration: useAprConnector [false], useOpenSSL [true]
2019-04-22 21:56:55.508 [main] INFO  org.apache.catalina.core.AprLifecycleListener - OpenSSL successfully initialized [OpenSSL 1.0.2l  25 May 2017]
2019-04-22 21:56:55.662 [main] INFO  o.a.c.core.ContainerBase.[Tomcat].[localhost].[/] - Initializing Spring embedded WebApplicationContext
2019-04-22 21:56:55.927 [main] INFO  com.zaxxer.hikari.HikariDataSource - HikariPool-1 - Starting...
2019-04-22 21:56:56.228 [main] INFO  com.zaxxer.hikari.HikariDataSource - HikariPool-1 - Start completed.
2019-04-22 21:56:56.617 [main] WARN  c.b.mybatisplus.core.toolkit.TableInfoHelper - Warn: Could not find @TableId in Class: com.sunql.blog.entity.Login.
2019-04-22 21:56:57.324 [main] INFO  org.apache.coyote.http11.Http11NioProtocol - Starting ProtocolHandler ["http-nio-8080"]
2019-04-22 21:56:57.421 [main] INFO  com.sunql.blog.BlogApplication - Started BlogApplication in 6.092 seconds (JVM running for 17.276)
2019-04-22 21:57:22.178 [http-nio-8080-exec-1] INFO  o.a.c.core.ContainerBase.[Tomcat].[localhost].[/] - Initializing Spring DispatcherServlet 'dispatcherServlet'
2019-04-22 21:57:22.318 [http-nio-8080-exec-1] DEBUG com.sunql.blog.mapper.ArticleMapper.selectAll - ==>  Preparing: SELECT * FROM article Order By updata_time Desc 
2019-04-22 21:57:22.346 [http-nio-8080-exec-1] DEBUG com.sunql.blog.mapper.ArticleMapper.selectAll - ==> Parameters: 
2019-04-22 21:57:22.398 [http-nio-8080-exec-1] DEBUG com.sunql.blog.mapper.ArticleMapper.selectAll - <==      Total: 15
2019-04-22 21:59:16.075 [http-nio-8080-exec-5] DEBUG com.sunql.blog.mapper.ArticleMapper.selectAll - ==>  Preparing: SELECT * FROM article Order By updata_time Desc 
2019-04-22 21:59:16.076 [http-nio-8080-exec-5] DEBUG com.sunql.blog.mapper.ArticleMapper.selectAll - ==> Parameters: 
2019-04-22 21:59:16.090 [http-nio-8080-exec-5] DEBUG com.sunql.blog.mapper.ArticleMapper.selectAll - <==      Total: 15
2019-04-22 21:59:53.982 [main] INFO  com.sunql.blog.BlogApplication - Starting BlogApplication on M81OGMXBVOO2F7H with PID 10164 (J:\work\blog\target\classes started by Administrator in J:\work\blog)
2019-04-22 21:59:53.989 [main] DEBUG com.sunql.blog.BlogApplication - Running with Spring Boot v2.1.3.RELEASE, Spring v5.1.5.RELEASE
2019-04-22 21:59:53.989 [main] INFO  com.sunql.blog.BlogApplication - The following profiles are active: dev
2019-04-22 21:59:55.945 [main] INFO  org.apache.coyote.http11.Http11NioProtocol - Initializing ProtocolHandler ["http-nio-8080"]
2019-04-22 21:59:55.959 [main] INFO  org.apache.catalina.core.StandardService - Starting service [Tomcat]
2019-04-22 21:59:55.960 [main] INFO  org.apache.catalina.core.StandardEngine - Starting Servlet engine: [Apache Tomcat/9.0.16]
2019-04-22 21:59:55.970 [main] INFO  org.apache.catalina.core.AprLifecycleListener - An older version [1.2.14] of the APR based Apache Tomcat Native library is installed, while Tomcat recommends a minimum version of [1.2.21]
2019-04-22 21:59:55.970 [main] INFO  org.apache.catalina.core.AprLifecycleListener - Loaded APR based Apache Tomcat Native library [1.2.14] using APR version [1.6.2].
2019-04-22 21:59:55.970 [main] INFO  org.apache.catalina.core.AprLifecycleListener - APR capabilities: IPv6 [true], sendfile [true], accept filters [false], random [true].
2019-04-22 21:59:55.970 [main] INFO  org.apache.catalina.core.AprLifecycleListener - APR/OpenSSL configuration: useAprConnector [false], useOpenSSL [true]
2019-04-22 21:59:57.008 [main] INFO  org.apache.catalina.core.AprLifecycleListener - OpenSSL successfully initialized [OpenSSL 1.0.2l  25 May 2017]
2019-04-22 21:59:57.135 [main] INFO  o.a.c.core.ContainerBase.[Tomcat].[localhost].[/] - Initializing Spring embedded WebApplicationContext
2019-04-22 21:59:57.365 [main] INFO  com.zaxxer.hikari.HikariDataSource - HikariPool-1 - Starting...
2019-04-22 21:59:57.545 [main] INFO  com.zaxxer.hikari.HikariDataSource - HikariPool-1 - Start completed.
2019-04-22 21:59:58.067 [main] WARN  c.b.mybatisplus.core.toolkit.TableInfoHelper - Warn: Could not find @TableId in Class: com.sunql.blog.entity.Login.
2019-04-22 21:59:58.715 [main] INFO  org.apache.coyote.http11.Http11NioProtocol - Starting ProtocolHandler ["http-nio-8080"]
2019-04-22 21:59:58.826 [main] INFO  com.sunql.blog.BlogApplication - Started BlogApplication in 5.642 seconds (JVM running for 16.998)
2019-04-22 22:00:22.354 [http-nio-8080-exec-2] INFO  o.a.c.core.ContainerBase.[Tomcat].[localhost].[/] - Initializing Spring DispatcherServlet 'dispatcherServlet'
2019-04-22 22:00:22.438 [http-nio-8080-exec-2] DEBUG com.sunql.blog.mapper.ArticleMapper.selectAll - ==>  Preparing: SELECT * FROM article Order By updata_time Desc 
2019-04-22 22:00:22.463 [http-nio-8080-exec-2] DEBUG com.sunql.blog.mapper.ArticleMapper.selectAll - ==> Parameters: 
2019-04-22 22:00:22.528 [http-nio-8080-exec-2] DEBUG com.sunql.blog.mapper.ArticleMapper.selectAll - <==      Total: 15
2019-04-22 22:01:29.369 [http-nio-8080-exec-5] DEBUG com.sunql.blog.mapper.ArticleMapper.selectAll - ==>  Preparing: SELECT * FROM article Order By updata_time Desc 
2019-04-22 22:01:29.369 [http-nio-8080-exec-5] DEBUG com.sunql.blog.mapper.ArticleMapper.selectAll - ==> Parameters: 
2019-04-22 22:01:29.381 [http-nio-8080-exec-5] DEBUG com.sunql.blog.mapper.ArticleMapper.selectAll - <==      Total: 15
2019-04-22 22:02:41.329 [http-nio-8080-exec-6] DEBUG com.sunql.blog.mapper.ArticleMapper.selectAll - ==>  Preparing: SELECT * FROM article Order By updata_time Desc 
2019-04-22 22:02:41.329 [http-nio-8080-exec-6] DEBUG com.sunql.blog.mapper.ArticleMapper.selectAll - ==> Parameters: 
2019-04-22 22:02:41.337 [http-nio-8080-exec-6] DEBUG com.sunql.blog.mapper.ArticleMapper.selectAll - <==      Total: 15
2019-04-22 22:04:02.873 [http-nio-8080-exec-9] DEBUG com.sunql.blog.mapper.ArticleMapper.selectAll - ==>  Preparing: SELECT * FROM article Order By updata_time Desc 
2019-04-22 22:04:02.873 [http-nio-8080-exec-9] DEBUG com.sunql.blog.mapper.ArticleMapper.selectAll - ==> Parameters: 
2019-04-22 22:04:02.885 [http-nio-8080-exec-9] DEBUG com.sunql.blog.mapper.ArticleMapper.selectAll - <==      Total: 15
2019-04-22 22:05:34.735 [http-nio-8080-exec-2] DEBUG com.sunql.blog.mapper.ArticleMapper.selectAll - ==>  Preparing: SELECT * FROM article Order By updata_time Desc 
2019-04-22 22:05:34.736 [http-nio-8080-exec-2] DEBUG com.sunql.blog.mapper.ArticleMapper.selectAll - ==> Parameters: 
2019-04-22 22:05:34.743 [http-nio-8080-exec-2] DEBUG com.sunql.blog.mapper.ArticleMapper.selectAll - <==      Total: 15
2019-04-22 22:06:30.976 [http-nio-8080-exec-3] DEBUG com.sunql.blog.mapper.ArticleMapper.selectAll - ==>  Preparing: SELECT * FROM article Order By updata_time Desc 
2019-04-22 22:06:30.977 [http-nio-8080-exec-3] DEBUG com.sunql.blog.mapper.ArticleMapper.selectAll - ==> Parameters: 
2019-04-22 22:06:30.982 [http-nio-8080-exec-3] DEBUG com.sunql.blog.mapper.ArticleMapper.selectAll - <==      Total: 15
2019-04-22 22:06:50.025 [main] INFO  com.sunql.blog.BlogApplication - Starting BlogApplication on M81OGMXBVOO2F7H with PID 4492 (J:\work\blog\target\classes started by Administrator in J:\work\blog)
2019-04-22 22:06:50.029 [main] DEBUG com.sunql.blog.BlogApplication - Running with Spring Boot v2.1.3.RELEASE, Spring v5.1.5.RELEASE
2019-04-22 22:06:50.029 [main] INFO  com.sunql.blog.BlogApplication - The following profiles are active: dev
2019-04-22 22:06:51.578 [main] INFO  org.apache.coyote.http11.Http11NioProtocol - Initializing ProtocolHandler ["http-nio-8080"]
2019-04-22 22:06:51.588 [main] INFO  org.apache.catalina.core.StandardService - Starting service [Tomcat]
2019-04-22 22:06:51.588 [main] INFO  org.apache.catalina.core.StandardEngine - Starting Servlet engine: [Apache Tomcat/9.0.16]
2019-04-22 22:06:51.596 [main] INFO  org.apache.catalina.core.AprLifecycleListener - An older version [1.2.14] of the APR based Apache Tomcat Native library is installed, while Tomcat recommends a minimum version of [1.2.21]
2019-04-22 22:06:51.596 [main] INFO  org.apache.catalina.core.AprLifecycleListener - Loaded APR based Apache Tomcat Native library [1.2.14] using APR version [1.6.2].
2019-04-22 22:06:51.597 [main] INFO  org.apache.catalina.core.AprLifecycleListener - APR capabilities: IPv6 [true], sendfile [true], accept filters [false], random [true].
2019-04-22 22:06:51.597 [main] INFO  org.apache.catalina.core.AprLifecycleListener - APR/OpenSSL configuration: useAprConnector [false], useOpenSSL [true]
2019-04-22 22:06:52.634 [main] INFO  org.apache.catalina.core.AprLifecycleListener - OpenSSL successfully initialized [OpenSSL 1.0.2l  25 May 2017]
2019-04-22 22:06:52.773 [main] INFO  o.a.c.core.ContainerBase.[Tomcat].[localhost].[/] - Initializing Spring embedded WebApplicationContext
2019-04-22 22:06:52.983 [main] INFO  com.zaxxer.hikari.HikariDataSource - HikariPool-1 - Starting...
2019-04-22 22:06:53.210 [main] INFO  com.zaxxer.hikari.HikariDataSource - HikariPool-1 - Start completed.
2019-04-22 22:06:53.561 [main] WARN  c.b.mybatisplus.core.toolkit.TableInfoHelper - Warn: Could not find @TableId in Class: com.sunql.blog.entity.Login.
2019-04-22 22:06:54.169 [main] INFO  org.apache.coyote.http11.Http11NioProtocol - Starting ProtocolHandler ["http-nio-8080"]
2019-04-22 22:06:54.221 [main] INFO  com.sunql.blog.BlogApplication - Started BlogApplication in 4.724 seconds (JVM running for 15.533)
2019-04-22 22:07:11.019 [http-nio-8080-exec-1] INFO  o.a.c.core.ContainerBase.[Tomcat].[localhost].[/] - Initializing Spring DispatcherServlet 'dispatcherServlet'
2019-04-22 22:07:11.099 [http-nio-8080-exec-1] DEBUG com.sunql.blog.mapper.ArticleMapper.selectAll - ==>  Preparing: SELECT * FROM article Order By updata_time Desc 
2019-04-22 22:07:11.125 [http-nio-8080-exec-1] DEBUG com.sunql.blog.mapper.ArticleMapper.selectAll - ==> Parameters: 
2019-04-22 22:07:11.183 [http-nio-8080-exec-1] DEBUG com.sunql.blog.mapper.ArticleMapper.selectAll - <==      Total: 15
2019-04-22 22:07:24.467 [http-nio-8080-exec-3] DEBUG com.sunql.blog.mapper.ArticleMapper.selectAll - ==>  Preparing: SELECT * FROM article Order By updata_time Desc 
2019-04-22 22:07:24.468 [http-nio-8080-exec-3] DEBUG com.sunql.blog.mapper.ArticleMapper.selectAll - ==> Parameters: 
2019-04-22 22:07:24.483 [http-nio-8080-exec-3] DEBUG com.sunql.blog.mapper.ArticleMapper.selectAll - <==      Total: 15
