2019-05-06 20:37:03.388 [main] INFO  com.sunql.blog.BlogApplication - Starting BlogApplication on M81OGMXBVOO2F7H with PID 15352 (J:\work\blog\target\classes started by Administrator in J:\work\blog)
2019-05-06 20:37:03.404 [main] DEBUG com.sunql.blog.BlogApplication - Running with Spring Boot v2.1.3.RELEASE, Spring v5.1.5.RELEASE
2019-05-06 20:37:03.404 [main] INFO  com.sunql.blog.BlogApplication - The following profiles are active: dev
2019-05-06 20:37:05.420 [main] INFO  org.apache.coyote.http11.Http11NioProtocol - Initializing ProtocolHandler ["http-nio-8080"]
2019-05-06 20:37:05.435 [main] INFO  org.apache.catalina.core.StandardService - Starting service [Tomcat]
2019-05-06 20:37:05.435 [main] INFO  org.apache.catalina.core.StandardEngine - Starting Servlet engine: [Apache Tomcat/9.0.16]
2019-05-06 20:37:05.435 [main] INFO  org.apache.catalina.core.AprLifecycleListener - An older version [1.2.14] of the APR based Apache Tomcat Native library is installed, while Tomcat recommends a minimum version of [1.2.21]
2019-05-06 20:37:05.435 [main] INFO  org.apache.catalina.core.AprLifecycleListener - Loaded APR based Apache Tomcat Native library [1.2.14] using APR version [1.6.2].
2019-05-06 20:37:05.435 [main] INFO  org.apache.catalina.core.AprLifecycleListener - APR capabilities: IPv6 [true], sendfile [true], accept filters [false], random [true].
2019-05-06 20:37:05.435 [main] INFO  org.apache.catalina.core.AprLifecycleListener - APR/OpenSSL configuration: useAprConnector [false], useOpenSSL [true]
2019-05-06 20:37:06.529 [main] INFO  org.apache.catalina.core.AprLifecycleListener - OpenSSL successfully initialized [OpenSSL 1.0.2l  25 May 2017]
2019-05-06 20:37:06.654 [main] INFO  o.a.c.core.ContainerBase.[Tomcat].[localhost].[/] - Initializing Spring embedded WebApplicationContext
2019-05-06 20:37:06.904 [main] INFO  com.zaxxer.hikari.HikariDataSource - HikariPool-1 - Starting...
2019-05-06 20:37:07.154 [main] INFO  com.zaxxer.hikari.HikariDataSource - HikariPool-1 - Start completed.
2019-05-06 20:37:07.530 [main] WARN  c.b.mybatisplus.core.toolkit.TableInfoHelper - Warn: Could not find @TableId in Class: com.sunql.blog.entity.Banner.
2019-05-06 20:37:07.562 [main] WARN  c.b.mybatisplus.core.toolkit.TableInfoHelper - Warn: Could not find @TableId in Class: com.sunql.blog.entity.Comment.
2019-05-06 20:37:07.733 [main] WARN  c.b.mybatisplus.core.toolkit.TableInfoHelper - Warn: Could not find @TableId in Class: com.sunql.blog.entity.Login.
2019-05-06 20:37:08.437 [main] INFO  org.apache.coyote.http11.Http11NioProtocol - Starting ProtocolHandler ["http-nio-8080"]
2019-05-06 20:37:08.530 [main] INFO  com.sunql.blog.BlogApplication - Started BlogApplication in 5.814 seconds (JVM running for 19.178)
2019-05-06 20:38:37.892 [http-nio-8080-exec-1] INFO  o.a.c.core.ContainerBase.[Tomcat].[localhost].[/] - Initializing Spring DispatcherServlet 'dispatcherServlet'
2019-05-06 20:38:38.173 [http-nio-8080-exec-1] DEBUG com.sunql.blog.mapper.ArticleMapper.selectList - ==>  Preparing: SELECT id,add_time,art_desc,art_title,art_type,comment,islike,isread,is_release,updata_time,user_id,words,intro,type FROM article WHERE type = ? 
2019-05-06 20:38:38.220 [http-nio-8080-exec-1] DEBUG com.sunql.blog.mapper.ArticleMapper.selectList - ==> Parameters: 1(Integer)
2019-05-06 20:38:38.267 [http-nio-8080-exec-1] DEBUG com.sunql.blog.mapper.ArticleMapper.selectList - <==      Total: 3
2019-05-06 20:38:38.283 [http-nio-8080-exec-1] DEBUG com.sunql.blog.mapper.BannerMapper.selectList - ==>  Preparing: SELECT title,imgurl,add_time,updata_time,uid,type,href FROM banner WHERE uid = ? 
2019-05-06 20:38:38.283 [http-nio-8080-exec-1] DEBUG com.sunql.blog.mapper.BannerMapper.selectList - ==> Parameters: MnF/9XPJEprPvk/EwSLBAg==(String)
2019-05-06 20:38:38.283 [http-nio-8080-exec-1] DEBUG com.sunql.blog.mapper.BannerMapper.selectList - <==      Total: 3
2019-05-06 20:38:41.829 [http-nio-8080-exec-2] DEBUG com.sunql.blog.mapper.UserMapper.selectOne - ==>  Preparing: SELECT id,add_time,uid,updata_time,user_address,user_age,user_name,user_phone,user_photo,user_pwd,user_sex FROM user WHERE uid = ? 
2019-05-06 20:38:41.829 [http-nio-8080-exec-2] DEBUG com.sunql.blog.mapper.UserMapper.selectOne - ==> Parameters: MnF/9XPJEprPvk/EwSLBAg==(String)
2019-05-06 20:38:41.845 [http-nio-8080-exec-2] DEBUG com.sunql.blog.mapper.UserMapper.selectOne - <==      Total: 1
2019-05-06 20:38:41.845 [http-nio-8080-exec-2] DEBUG com.sunql.blog.mapper.ArticleMapper.selectList - ==>  Preparing: SELECT id,add_time,art_desc,art_title,art_type,comment,islike,isread,is_release,updata_time,user_id,words,intro,type FROM article WHERE user_id = ? 
2019-05-06 20:38:41.845 [http-nio-8080-exec-2] DEBUG com.sunql.blog.mapper.ArticleMapper.selectList - ==> Parameters: MnF/9XPJEprPvk/EwSLBAg==(String)
2019-05-06 20:38:41.861 [http-nio-8080-exec-2] DEBUG com.sunql.blog.mapper.ArticleMapper.selectList - <==      Total: 11
2019-05-06 20:38:41.861 [http-nio-8080-exec-2] DEBUG com.sunql.blog.mapper.CommentMapper.selectList - ==>  Preparing: SELECT content,uid,author,art_id,add_time FROM comment WHERE uid = ? 
2019-05-06 20:38:41.861 [http-nio-8080-exec-2] DEBUG com.sunql.blog.mapper.CommentMapper.selectList - ==> Parameters: MnF/9XPJEprPvk/EwSLBAg==(String)
2019-05-06 20:38:41.861 [http-nio-8080-exec-2] DEBUG com.sunql.blog.mapper.CommentMapper.selectList - <==      Total: 3
2019-05-06 20:40:01.291 [main] INFO  com.sunql.blog.BlogApplication - Starting BlogApplication on M81OGMXBVOO2F7H with PID 12960 (J:\work\blog\target\classes started by Administrator in J:\work\blog)
2019-05-06 20:40:01.307 [main] DEBUG com.sunql.blog.BlogApplication - Running with Spring Boot v2.1.3.RELEASE, Spring v5.1.5.RELEASE
2019-05-06 20:40:01.307 [main] INFO  com.sunql.blog.BlogApplication - The following profiles are active: dev
2019-05-06 20:40:03.869 [main] INFO  org.apache.coyote.http11.Http11NioProtocol - Initializing ProtocolHandler ["http-nio-8080"]
2019-05-06 20:40:03.885 [main] INFO  org.apache.catalina.core.StandardService - Starting service [Tomcat]
2019-05-06 20:40:03.885 [main] INFO  org.apache.catalina.core.StandardEngine - Starting Servlet engine: [Apache Tomcat/9.0.16]
2019-05-06 20:40:03.885 [main] INFO  org.apache.catalina.core.AprLifecycleListener - An older version [1.2.14] of the APR based Apache Tomcat Native library is installed, while Tomcat recommends a minimum version of [1.2.21]
2019-05-06 20:40:03.885 [main] INFO  org.apache.catalina.core.AprLifecycleListener - Loaded APR based Apache Tomcat Native library [1.2.14] using APR version [1.6.2].
2019-05-06 20:40:03.885 [main] INFO  org.apache.catalina.core.AprLifecycleListener - APR capabilities: IPv6 [true], sendfile [true], accept filters [false], random [true].
2019-05-06 20:40:03.885 [main] INFO  org.apache.catalina.core.AprLifecycleListener - APR/OpenSSL configuration: useAprConnector [false], useOpenSSL [true]
2019-05-06 20:40:04.947 [main] INFO  org.apache.catalina.core.AprLifecycleListener - OpenSSL successfully initialized [OpenSSL 1.0.2l  25 May 2017]
2019-05-06 20:40:05.104 [main] INFO  o.a.c.core.ContainerBase.[Tomcat].[localhost].[/] - Initializing Spring embedded WebApplicationContext
2019-05-06 20:40:05.338 [main] INFO  com.zaxxer.hikari.HikariDataSource - HikariPool-1 - Starting...
2019-05-06 20:40:05.588 [main] INFO  com.zaxxer.hikari.HikariDataSource - HikariPool-1 - Start completed.
2019-05-06 20:40:05.963 [main] WARN  c.b.mybatisplus.core.toolkit.TableInfoHelper - Warn: Could not find @TableId in Class: com.sunql.blog.entity.Banner.
2019-05-06 20:40:05.994 [main] WARN  c.b.mybatisplus.core.toolkit.TableInfoHelper - Warn: Could not find @TableId in Class: com.sunql.blog.entity.Comment.
2019-05-06 20:40:06.103 [main] WARN  c.b.mybatisplus.core.toolkit.TableInfoHelper - Warn: Could not find @TableId in Class: com.sunql.blog.entity.Login.
2019-05-06 20:40:06.822 [main] INFO  org.apache.coyote.http11.Http11NioProtocol - Starting ProtocolHandler ["http-nio-8080"]
2019-05-06 20:40:06.885 [main] INFO  com.sunql.blog.BlogApplication - Started BlogApplication in 6.281 seconds (JVM running for 19.313)
2019-05-06 20:41:48.601 [main] INFO  com.sunql.blog.BlogApplication - Starting BlogApplication on M81OGMXBVOO2F7H with PID 2796 (J:\work\blog\target\classes started by Administrator in J:\work\blog)
2019-05-06 20:41:48.601 [main] DEBUG com.sunql.blog.BlogApplication - Running with Spring Boot v2.1.3.RELEASE, Spring v5.1.5.RELEASE
2019-05-06 20:41:48.601 [main] INFO  com.sunql.blog.BlogApplication - The following profiles are active: dev
2019-05-06 20:41:50.585 [main] INFO  org.apache.coyote.http11.Http11NioProtocol - Initializing ProtocolHandler ["http-nio-8080"]
2019-05-06 20:41:50.600 [main] INFO  org.apache.catalina.core.StandardService - Starting service [Tomcat]
2019-05-06 20:41:50.600 [main] INFO  org.apache.catalina.core.StandardEngine - Starting Servlet engine: [Apache Tomcat/9.0.16]
2019-05-06 20:41:50.616 [main] INFO  org.apache.catalina.core.AprLifecycleListener - An older version [1.2.14] of the APR based Apache Tomcat Native library is installed, while Tomcat recommends a minimum version of [1.2.21]
2019-05-06 20:41:50.616 [main] INFO  org.apache.catalina.core.AprLifecycleListener - Loaded APR based Apache Tomcat Native library [1.2.14] using APR version [1.6.2].
2019-05-06 20:41:50.616 [main] INFO  org.apache.catalina.core.AprLifecycleListener - APR capabilities: IPv6 [true], sendfile [true], accept filters [false], random [true].
2019-05-06 20:41:50.616 [main] INFO  org.apache.catalina.core.AprLifecycleListener - APR/OpenSSL configuration: useAprConnector [false], useOpenSSL [true]
2019-05-06 20:41:51.679 [main] INFO  org.apache.catalina.core.AprLifecycleListener - OpenSSL successfully initialized [OpenSSL 1.0.2l  25 May 2017]
2019-05-06 20:41:51.788 [main] INFO  o.a.c.core.ContainerBase.[Tomcat].[localhost].[/] - Initializing Spring embedded WebApplicationContext
2019-05-06 20:41:52.022 [main] INFO  com.zaxxer.hikari.HikariDataSource - HikariPool-1 - Starting...
2019-05-06 20:41:52.257 [main] INFO  com.zaxxer.hikari.HikariDataSource - HikariPool-1 - Start completed.
2019-05-06 20:41:52.616 [main] WARN  c.b.mybatisplus.core.toolkit.TableInfoHelper - Warn: Could not find @TableId in Class: com.sunql.blog.entity.Banner.
2019-05-06 20:41:52.647 [main] WARN  c.b.mybatisplus.core.toolkit.TableInfoHelper - Warn: Could not find @TableId in Class: com.sunql.blog.entity.Comment.
2019-05-06 20:41:52.725 [main] WARN  c.b.mybatisplus.core.toolkit.TableInfoHelper - Warn: Could not find @TableId in Class: com.sunql.blog.entity.Login.
2019-05-06 20:41:53.397 [main] INFO  org.apache.coyote.http11.Http11NioProtocol - Starting ProtocolHandler ["http-nio-8080"]
2019-05-06 20:41:53.460 [main] INFO  com.sunql.blog.BlogApplication - Started BlogApplication in 5.391 seconds (JVM running for 16.56)
2019-05-06 20:42:52.586 [http-nio-8080-exec-1] INFO  o.a.c.core.ContainerBase.[Tomcat].[localhost].[/] - Initializing Spring DispatcherServlet 'dispatcherServlet'
2019-05-06 20:43:11.164 [main] INFO  com.sunql.blog.BlogApplication - Starting BlogApplication on M81OGMXBVOO2F7H with PID 9852 (J:\work\blog\target\classes started by Administrator in J:\work\blog)
2019-05-06 20:43:11.164 [main] DEBUG com.sunql.blog.BlogApplication - Running with Spring Boot v2.1.3.RELEASE, Spring v5.1.5.RELEASE
2019-05-06 20:43:11.164 [main] INFO  com.sunql.blog.BlogApplication - The following profiles are active: dev
2019-05-06 20:43:12.806 [main] INFO  org.apache.coyote.http11.Http11NioProtocol - Initializing ProtocolHandler ["http-nio-8080"]
2019-05-06 20:43:12.822 [main] INFO  org.apache.catalina.core.StandardService - Starting service [Tomcat]
2019-05-06 20:43:12.822 [main] INFO  org.apache.catalina.core.StandardEngine - Starting Servlet engine: [Apache Tomcat/9.0.16]
2019-05-06 20:43:12.822 [main] INFO  org.apache.catalina.core.AprLifecycleListener - An older version [1.2.14] of the APR based Apache Tomcat Native library is installed, while Tomcat recommends a minimum version of [1.2.21]
2019-05-06 20:43:12.822 [main] INFO  org.apache.catalina.core.AprLifecycleListener - Loaded APR based Apache Tomcat Native library [1.2.14] using APR version [1.6.2].
2019-05-06 20:43:12.822 [main] INFO  org.apache.catalina.core.AprLifecycleListener - APR capabilities: IPv6 [true], sendfile [true], accept filters [false], random [true].
2019-05-06 20:43:12.822 [main] INFO  org.apache.catalina.core.AprLifecycleListener - APR/OpenSSL configuration: useAprConnector [false], useOpenSSL [true]
2019-05-06 20:43:13.869 [main] INFO  org.apache.catalina.core.AprLifecycleListener - OpenSSL successfully initialized [OpenSSL 1.0.2l  25 May 2017]
2019-05-06 20:43:14.009 [main] INFO  o.a.c.core.ContainerBase.[Tomcat].[localhost].[/] - Initializing Spring embedded WebApplicationContext
2019-05-06 20:43:14.306 [main] INFO  com.zaxxer.hikari.HikariDataSource - HikariPool-1 - Starting...
2019-05-06 20:43:14.525 [main] INFO  com.zaxxer.hikari.HikariDataSource - HikariPool-1 - Start completed.
2019-05-06 20:43:14.853 [main] WARN  c.b.mybatisplus.core.toolkit.TableInfoHelper - Warn: Could not find @TableId in Class: com.sunql.blog.entity.Banner.
2019-05-06 20:43:14.884 [main] WARN  c.b.mybatisplus.core.toolkit.TableInfoHelper - Warn: Could not find @TableId in Class: com.sunql.blog.entity.Comment.
2019-05-06 20:43:14.978 [main] WARN  c.b.mybatisplus.core.toolkit.TableInfoHelper - Warn: Could not find @TableId in Class: com.sunql.blog.entity.Login.
2019-05-06 20:43:15.587 [main] INFO  org.apache.coyote.http11.Http11NioProtocol - Starting ProtocolHandler ["http-nio-8080"]
2019-05-06 20:43:15.665 [main] INFO  com.sunql.blog.BlogApplication - Started BlogApplication in 5.017 seconds (JVM running for 16.385)
2019-05-06 20:43:56.528 [http-nio-8080-exec-1] INFO  o.a.c.core.ContainerBase.[Tomcat].[localhost].[/] - Initializing Spring DispatcherServlet 'dispatcherServlet'
2019-05-06 20:43:56.840 [http-nio-8080-exec-1] DEBUG com.sunql.blog.mapper.UserMapper.selectOne - ==>  Preparing: SELECT id,add_time,uid,updata_time,user_address,user_age,user_name,user_phone,user_photo,user_pwd,user_sex FROM user WHERE uid = ? 
2019-05-06 20:43:56.872 [http-nio-8080-exec-1] DEBUG com.sunql.blog.mapper.UserMapper.selectOne - ==> Parameters: MnF/9XPJEprPvk/EwSLBAg==(String)
2019-05-06 20:43:56.918 [http-nio-8080-exec-1] DEBUG com.sunql.blog.mapper.UserMapper.selectOne - <==      Total: 1
2019-05-06 20:43:56.918 [http-nio-8080-exec-1] DEBUG com.sunql.blog.mapper.ArticleMapper.selectList - ==>  Preparing: SELECT id,add_time,art_desc,art_title,art_type,comment,islike,isread,is_release,updata_time,user_id,words,intro,type FROM article WHERE user_id = ? 
2019-05-06 20:43:56.918 [http-nio-8080-exec-1] DEBUG com.sunql.blog.mapper.ArticleMapper.selectList - ==> Parameters: MnF/9XPJEprPvk/EwSLBAg==(String)
2019-05-06 20:43:56.934 [http-nio-8080-exec-1] DEBUG com.sunql.blog.mapper.ArticleMapper.selectList - <==      Total: 11
2019-05-06 20:43:56.934 [http-nio-8080-exec-1] DEBUG com.sunql.blog.mapper.CommentMapper.selectList - ==>  Preparing: SELECT content,uid,author,art_id,add_time FROM comment WHERE uid = ? 
2019-05-06 20:43:56.950 [http-nio-8080-exec-1] DEBUG com.sunql.blog.mapper.CommentMapper.selectList - ==> Parameters: MnF/9XPJEprPvk/EwSLBAg==(String)
2019-05-06 20:43:56.950 [http-nio-8080-exec-1] DEBUG com.sunql.blog.mapper.CommentMapper.selectList - <==      Total: 3
2019-05-06 20:46:09.125 [HikariPool-1 housekeeper] WARN  com.zaxxer.hikari.pool.HikariPool - HikariPool-1 - Thread starvation or clock leap detected (housekeeper delta=2m24s463ms867µs128ns).
2019-05-06 21:03:49.632 [main] INFO  com.sunql.blog.BlogApplication - Starting BlogApplication on M81OGMXBVOO2F7H with PID 14884 (J:\work\blog\target\classes started by Administrator in J:\work\blog)
2019-05-06 21:03:49.632 [main] DEBUG com.sunql.blog.BlogApplication - Running with Spring Boot v2.1.3.RELEASE, Spring v5.1.5.RELEASE
2019-05-06 21:03:49.632 [main] INFO  com.sunql.blog.BlogApplication - The following profiles are active: dev
2019-05-06 21:03:51.616 [main] INFO  org.apache.coyote.http11.Http11NioProtocol - Initializing ProtocolHandler ["http-nio-8080"]
2019-05-06 21:03:51.632 [main] INFO  org.apache.catalina.core.StandardService - Starting service [Tomcat]
2019-05-06 21:03:51.632 [main] INFO  org.apache.catalina.core.StandardEngine - Starting Servlet engine: [Apache Tomcat/9.0.16]
2019-05-06 21:03:51.632 [main] INFO  org.apache.catalina.core.AprLifecycleListener - An older version [1.2.14] of the APR based Apache Tomcat Native library is installed, while Tomcat recommends a minimum version of [1.2.21]
2019-05-06 21:03:51.632 [main] INFO  org.apache.catalina.core.AprLifecycleListener - Loaded APR based Apache Tomcat Native library [1.2.14] using APR version [1.6.2].
2019-05-06 21:03:51.632 [main] INFO  org.apache.catalina.core.AprLifecycleListener - APR capabilities: IPv6 [true], sendfile [true], accept filters [false], random [true].
2019-05-06 21:03:51.632 [main] INFO  org.apache.catalina.core.AprLifecycleListener - APR/OpenSSL configuration: useAprConnector [false], useOpenSSL [true]
2019-05-06 21:03:52.678 [main] INFO  org.apache.catalina.core.AprLifecycleListener - OpenSSL successfully initialized [OpenSSL 1.0.2l  25 May 2017]
2019-05-06 21:03:52.803 [main] INFO  o.a.c.core.ContainerBase.[Tomcat].[localhost].[/] - Initializing Spring embedded WebApplicationContext
2019-05-06 21:03:53.022 [main] INFO  com.zaxxer.hikari.HikariDataSource - HikariPool-1 - Starting...
2019-05-06 21:03:53.272 [main] INFO  com.zaxxer.hikari.HikariDataSource - HikariPool-1 - Start completed.
2019-05-06 21:03:53.756 [main] WARN  c.b.mybatisplus.core.toolkit.TableInfoHelper - Warn: Could not find @TableId in Class: com.sunql.blog.entity.Banner.
2019-05-06 21:03:53.788 [main] WARN  c.b.mybatisplus.core.toolkit.TableInfoHelper - Warn: Could not find @TableId in Class: com.sunql.blog.entity.Comment.
2019-05-06 21:03:53.881 [main] WARN  c.b.mybatisplus.core.toolkit.TableInfoHelper - Warn: Could not find @TableId in Class: com.sunql.blog.entity.Login.
2019-05-06 21:03:54.585 [main] INFO  org.apache.coyote.http11.Http11NioProtocol - Starting ProtocolHandler ["http-nio-8080"]
2019-05-06 21:03:54.663 [main] INFO  com.sunql.blog.BlogApplication - Started BlogApplication in 5.859 seconds (JVM running for 16.864)
2019-05-06 21:04:06.006 [http-nio-8080-exec-1] INFO  o.a.c.core.ContainerBase.[Tomcat].[localhost].[/] - Initializing Spring DispatcherServlet 'dispatcherServlet'
2019-05-06 21:08:20.290 [HikariPool-1 housekeeper] WARN  com.zaxxer.hikari.pool.HikariPool - HikariPool-1 - Thread starvation or clock leap detected (housekeeper delta=4m26s910ms784µs741ns).
2019-05-06 21:08:36.540 [main] INFO  com.sunql.blog.BlogApplication - Starting BlogApplication on M81OGMXBVOO2F7H with PID 14232 (J:\work\blog\target\classes started by Administrator in J:\work\blog)
2019-05-06 21:08:36.540 [main] DEBUG com.sunql.blog.BlogApplication - Running with Spring Boot v2.1.3.RELEASE, Spring v5.1.5.RELEASE
2019-05-06 21:08:36.540 [main] INFO  com.sunql.blog.BlogApplication - The following profiles are active: dev
2019-05-06 21:08:38.212 [main] INFO  org.apache.coyote.http11.Http11NioProtocol - Initializing ProtocolHandler ["http-nio-8080"]
2019-05-06 21:08:38.228 [main] INFO  org.apache.catalina.core.StandardService - Starting service [Tomcat]
2019-05-06 21:08:38.228 [main] INFO  org.apache.catalina.core.StandardEngine - Starting Servlet engine: [Apache Tomcat/9.0.16]
2019-05-06 21:08:38.243 [main] INFO  org.apache.catalina.core.AprLifecycleListener - An older version [1.2.14] of the APR based Apache Tomcat Native library is installed, while Tomcat recommends a minimum version of [1.2.21]
2019-05-06 21:08:38.243 [main] INFO  org.apache.catalina.core.AprLifecycleListener - Loaded APR based Apache Tomcat Native library [1.2.14] using APR version [1.6.2].
2019-05-06 21:08:38.243 [main] INFO  org.apache.catalina.core.AprLifecycleListener - APR capabilities: IPv6 [true], sendfile [true], accept filters [false], random [true].
2019-05-06 21:08:38.243 [main] INFO  org.apache.catalina.core.AprLifecycleListener - APR/OpenSSL configuration: useAprConnector [false], useOpenSSL [true]
2019-05-06 21:08:39.306 [main] INFO  org.apache.catalina.core.AprLifecycleListener - OpenSSL successfully initialized [OpenSSL 1.0.2l  25 May 2017]
2019-05-06 21:08:39.431 [main] INFO  o.a.c.core.ContainerBase.[Tomcat].[localhost].[/] - Initializing Spring embedded WebApplicationContext
2019-05-06 21:08:39.618 [main] INFO  com.zaxxer.hikari.HikariDataSource - HikariPool-1 - Starting...
2019-05-06 21:08:39.852 [main] INFO  com.zaxxer.hikari.HikariDataSource - HikariPool-1 - Start completed.
2019-05-06 21:08:40.196 [main] WARN  c.b.mybatisplus.core.toolkit.TableInfoHelper - Warn: Could not find @TableId in Class: com.sunql.blog.entity.Banner.
2019-05-06 21:08:40.227 [main] WARN  c.b.mybatisplus.core.toolkit.TableInfoHelper - Warn: Could not find @TableId in Class: com.sunql.blog.entity.Comment.
2019-05-06 21:08:40.306 [main] WARN  c.b.mybatisplus.core.toolkit.TableInfoHelper - Warn: Could not find @TableId in Class: com.sunql.blog.entity.Login.
2019-05-06 21:08:40.931 [main] INFO  org.apache.coyote.http11.Http11NioProtocol - Starting ProtocolHandler ["http-nio-8080"]
2019-05-06 21:08:40.977 [main] INFO  com.sunql.blog.BlogApplication - Started BlogApplication in 4.953 seconds (JVM running for 15.9)
2019-05-06 21:08:53.041 [http-nio-8080-exec-2] INFO  o.a.c.core.ContainerBase.[Tomcat].[localhost].[/] - Initializing Spring DispatcherServlet 'dispatcherServlet'
2019-05-06 21:09:48.356 [HikariPool-1 housekeeper] WARN  com.zaxxer.hikari.pool.HikariPool - HikariPool-1 - Thread starvation or clock leap detected (housekeeper delta=1m8s384ms610µs159ns).
2019-05-06 21:14:00.070 [http-nio-8080-exec-9] DEBUG com.sunql.blog.mapper.ArticleMapper.selectList - ==>  Preparing: SELECT id,add_time,art_desc,art_title,art_type,comment,islike,isread,is_release,updata_time,user_id,words,intro,type FROM article WHERE type = ? 
2019-05-06 21:14:00.117 [http-nio-8080-exec-9] DEBUG com.sunql.blog.mapper.ArticleMapper.selectList - ==> Parameters: 1(Integer)
2019-05-06 21:14:00.171 [http-nio-8080-exec-9] DEBUG com.sunql.blog.mapper.ArticleMapper.selectList - <==      Total: 3
2019-05-06 21:14:00.193 [http-nio-8080-exec-9] DEBUG com.sunql.blog.mapper.BannerMapper.selectList - ==>  Preparing: SELECT title,imgurl,add_time,updata_time,uid,type,href FROM banner WHERE uid = ? 
2019-05-06 21:14:00.194 [http-nio-8080-exec-9] DEBUG com.sunql.blog.mapper.BannerMapper.selectList - ==> Parameters: MnF/9XPJEprPvk/EwSLBAg==(String)
2019-05-06 21:14:00.200 [http-nio-8080-exec-9] DEBUG com.sunql.blog.mapper.BannerMapper.selectList - <==      Total: 3
2019-05-06 21:14:03.612 [http-nio-8080-exec-10] DEBUG com.sunql.blog.mapper.UserMapper.selectOne - ==>  Preparing: SELECT id,add_time,uid,updata_time,user_address,user_age,user_name,user_phone,user_photo,user_pwd,user_sex FROM user WHERE uid = ? 
2019-05-06 21:14:03.612 [http-nio-8080-exec-10] DEBUG com.sunql.blog.mapper.UserMapper.selectOne - ==> Parameters: MnF/9XPJEprPvk/EwSLBAg==(String)
2019-05-06 21:14:03.618 [http-nio-8080-exec-10] DEBUG com.sunql.blog.mapper.UserMapper.selectOne - <==      Total: 1
2019-05-06 21:14:03.620 [http-nio-8080-exec-10] DEBUG com.sunql.blog.mapper.ArticleMapper.selectList - ==>  Preparing: SELECT id,add_time,art_desc,art_title,art_type,comment,islike,isread,is_release,updata_time,user_id,words,intro,type FROM article WHERE user_id = ? 
2019-05-06 21:14:03.621 [http-nio-8080-exec-10] DEBUG com.sunql.blog.mapper.ArticleMapper.selectList - ==> Parameters: MnF/9XPJEprPvk/EwSLBAg==(String)
2019-05-06 21:14:03.635 [http-nio-8080-exec-10] DEBUG com.sunql.blog.mapper.ArticleMapper.selectList - <==      Total: 11
2019-05-06 21:14:03.638 [http-nio-8080-exec-10] DEBUG com.sunql.blog.mapper.CommentMapper.selectList - ==>  Preparing: SELECT content,uid,author,art_id,add_time FROM comment WHERE uid = ? 
2019-05-06 21:14:03.639 [http-nio-8080-exec-10] DEBUG com.sunql.blog.mapper.CommentMapper.selectList - ==> Parameters: MnF/9XPJEprPvk/EwSLBAg==(String)
2019-05-06 21:14:03.646 [http-nio-8080-exec-10] DEBUG com.sunql.blog.mapper.CommentMapper.selectList - <==      Total: 3
2019-05-06 21:16:28.127 [http-nio-8080-exec-1] DEBUG com.sunql.blog.mapper.UserMapper.selectOne - ==>  Preparing: SELECT id,add_time,uid,updata_time,user_address,user_age,user_name,user_phone,user_photo,user_pwd,user_sex FROM user WHERE uid = ? 
2019-05-06 21:16:28.127 [http-nio-8080-exec-1] DEBUG com.sunql.blog.mapper.UserMapper.selectOne - ==> Parameters: MnF/9XPJEprPvk/EwSLBAg==(String)
2019-05-06 21:16:28.130 [http-nio-8080-exec-1] DEBUG com.sunql.blog.mapper.UserMapper.selectOne - <==      Total: 1
2019-05-06 21:16:28.131 [http-nio-8080-exec-1] DEBUG com.sunql.blog.mapper.ArticleMapper.selectList - ==>  Preparing: SELECT id,add_time,art_desc,art_title,art_type,comment,islike,isread,is_release,updata_time,user_id,words,intro,type FROM article WHERE user_id = ? 
2019-05-06 21:16:28.131 [http-nio-8080-exec-1] DEBUG com.sunql.blog.mapper.ArticleMapper.selectList - ==> Parameters: MnF/9XPJEprPvk/EwSLBAg==(String)
2019-05-06 21:16:28.131 [http-nio-8080-exec-1] DEBUG com.sunql.blog.mapper.ArticleMapper.selectList - <==      Total: 11
2019-05-06 21:16:28.131 [http-nio-8080-exec-1] DEBUG com.sunql.blog.mapper.CommentMapper.selectList - ==>  Preparing: SELECT content,uid,author,art_id,add_time FROM comment WHERE uid = ? 
2019-05-06 21:16:28.131 [http-nio-8080-exec-1] DEBUG com.sunql.blog.mapper.CommentMapper.selectList - ==> Parameters: MnF/9XPJEprPvk/EwSLBAg==(String)
2019-05-06 21:16:28.131 [http-nio-8080-exec-1] DEBUG com.sunql.blog.mapper.CommentMapper.selectList - <==      Total: 3
2019-05-06 21:17:02.568 [http-nio-8080-exec-3] DEBUG com.sunql.blog.mapper.UserMapper.selectOne - ==>  Preparing: SELECT id,add_time,uid,updata_time,user_address,user_age,user_name,user_phone,user_photo,user_pwd,user_sex FROM user WHERE uid = ? 
2019-05-06 21:17:02.569 [http-nio-8080-exec-3] DEBUG com.sunql.blog.mapper.UserMapper.selectOne - ==> Parameters: MnF/9XPJEprPvk/EwSLBAg==(String)
2019-05-06 21:17:02.572 [http-nio-8080-exec-3] DEBUG com.sunql.blog.mapper.UserMapper.selectOne - <==      Total: 1
2019-05-06 21:17:02.574 [http-nio-8080-exec-3] DEBUG com.sunql.blog.mapper.ArticleMapper.selectList - ==>  Preparing: SELECT id,add_time,art_desc,art_title,art_type,comment,islike,isread,is_release,updata_time,user_id,words,intro,type FROM article WHERE user_id = ? 
2019-05-06 21:17:02.574 [http-nio-8080-exec-3] DEBUG com.sunql.blog.mapper.ArticleMapper.selectList - ==> Parameters: MnF/9XPJEprPvk/EwSLBAg==(String)
2019-05-06 21:17:02.580 [http-nio-8080-exec-3] DEBUG com.sunql.blog.mapper.ArticleMapper.selectList - <==      Total: 11
2019-05-06 21:17:02.582 [http-nio-8080-exec-3] DEBUG com.sunql.blog.mapper.CommentMapper.selectList - ==>  Preparing: SELECT content,uid,author,art_id,add_time FROM comment WHERE uid = ? 
2019-05-06 21:17:02.583 [http-nio-8080-exec-3] DEBUG com.sunql.blog.mapper.CommentMapper.selectList - ==> Parameters: MnF/9XPJEprPvk/EwSLBAg==(String)
2019-05-06 21:17:02.585 [http-nio-8080-exec-3] DEBUG com.sunql.blog.mapper.CommentMapper.selectList - <==      Total: 3
2019-05-06 21:17:55.422 [http-nio-8080-exec-4] DEBUG com.sunql.blog.mapper.UserMapper.selectOne - ==>  Preparing: SELECT id,add_time,uid,updata_time,user_address,user_age,user_name,user_phone,user_photo,user_pwd,user_sex FROM user WHERE uid = ? 
2019-05-06 21:17:55.423 [http-nio-8080-exec-4] DEBUG com.sunql.blog.mapper.UserMapper.selectOne - ==> Parameters: MnF/9XPJEprPvk/EwSLBAg==(String)
2019-05-06 21:17:55.426 [http-nio-8080-exec-4] DEBUG com.sunql.blog.mapper.UserMapper.selectOne - <==      Total: 1
2019-05-06 21:17:55.428 [http-nio-8080-exec-4] DEBUG com.sunql.blog.mapper.ArticleMapper.selectList - ==>  Preparing: SELECT id,add_time,art_desc,art_title,art_type,comment,islike,isread,is_release,updata_time,user_id,words,intro,type FROM article WHERE user_id = ? 
2019-05-06 21:17:55.429 [http-nio-8080-exec-4] DEBUG com.sunql.blog.mapper.ArticleMapper.selectList - ==> Parameters: MnF/9XPJEprPvk/EwSLBAg==(String)
2019-05-06 21:17:55.435 [http-nio-8080-exec-4] DEBUG com.sunql.blog.mapper.ArticleMapper.selectList - <==      Total: 11
2019-05-06 21:17:55.437 [http-nio-8080-exec-4] DEBUG com.sunql.blog.mapper.CommentMapper.selectList - ==>  Preparing: SELECT content,uid,author,art_id,add_time FROM comment WHERE uid = ? 
2019-05-06 21:17:55.438 [http-nio-8080-exec-4] DEBUG com.sunql.blog.mapper.CommentMapper.selectList - ==> Parameters: MnF/9XPJEprPvk/EwSLBAg==(String)
2019-05-06 21:17:55.441 [http-nio-8080-exec-4] DEBUG com.sunql.blog.mapper.CommentMapper.selectList - <==      Total: 3
2019-05-06 21:18:21.750 [http-nio-8080-exec-5] DEBUG com.sunql.blog.mapper.UserMapper.selectOne - ==>  Preparing: SELECT id,add_time,uid,updata_time,user_address,user_age,user_name,user_phone,user_photo,user_pwd,user_sex FROM user WHERE uid = ? 
2019-05-06 21:18:21.750 [http-nio-8080-exec-5] DEBUG com.sunql.blog.mapper.UserMapper.selectOne - ==> Parameters: MnF/9XPJEprPvk/EwSLBAg==(String)
2019-05-06 21:18:21.753 [http-nio-8080-exec-5] DEBUG com.sunql.blog.mapper.UserMapper.selectOne - <==      Total: 1
2019-05-06 21:18:21.757 [http-nio-8080-exec-5] DEBUG com.sunql.blog.mapper.ArticleMapper.selectList - ==>  Preparing: SELECT id,add_time,art_desc,art_title,art_type,comment,islike,isread,is_release,updata_time,user_id,words,intro,type FROM article WHERE user_id = ? 
2019-05-06 21:18:21.758 [http-nio-8080-exec-5] DEBUG com.sunql.blog.mapper.ArticleMapper.selectList - ==> Parameters: MnF/9XPJEprPvk/EwSLBAg==(String)
2019-05-06 21:18:21.765 [http-nio-8080-exec-5] DEBUG com.sunql.blog.mapper.ArticleMapper.selectList - <==      Total: 11
2019-05-06 21:18:21.768 [http-nio-8080-exec-5] DEBUG com.sunql.blog.mapper.CommentMapper.selectList - ==>  Preparing: SELECT content,uid,author,art_id,add_time FROM comment WHERE uid = ? 
2019-05-06 21:18:21.769 [http-nio-8080-exec-5] DEBUG com.sunql.blog.mapper.CommentMapper.selectList - ==> Parameters: MnF/9XPJEprPvk/EwSLBAg==(String)
2019-05-06 21:18:21.771 [http-nio-8080-exec-5] DEBUG com.sunql.blog.mapper.CommentMapper.selectList - <==      Total: 3
2019-05-06 23:23:14.041 [HikariPool-1 housekeeper] WARN  com.zaxxer.hikari.pool.HikariPool - HikariPool-1 - Thread starvation or clock leap detected (housekeeper delta=1h1m54s840ms97µs814ns).
