2019-04-28 16:06:08.135 [main] INFO  com.sunql.blog.BlogApplication - Starting BlogApplication on M81OGMXBVOO2F7H with PID 4964 (J:\work\blog\target\classes started by Administrator in J:\work\blog)
2019-04-28 16:06:08.135 [main] DEBUG com.sunql.blog.BlogApplication - Running with Spring Boot v2.1.3.RELEASE, Spring v5.1.5.RELEASE
2019-04-28 16:06:08.135 [main] INFO  com.sunql.blog.BlogApplication - The following profiles are active: dev
2019-04-28 16:06:10.197 [main] INFO  org.apache.coyote.http11.Http11NioProtocol - Initializing ProtocolHandler ["http-nio-8080"]
2019-04-28 16:06:10.213 [main] INFO  org.apache.catalina.core.StandardService - Starting service [Tomcat]
2019-04-28 16:06:10.213 [main] INFO  org.apache.catalina.core.StandardEngine - Starting Servlet engine: [Apache Tomcat/9.0.16]
2019-04-28 16:06:10.213 [main] INFO  org.apache.catalina.core.AprLifecycleListener - An older version [1.2.14] of the APR based Apache Tomcat Native library is installed, while Tomcat recommends a minimum version of [1.2.21]
2019-04-28 16:06:10.213 [main] INFO  org.apache.catalina.core.AprLifecycleListener - Loaded APR based Apache Tomcat Native library [1.2.14] using APR version [1.6.2].
2019-04-28 16:06:10.213 [main] INFO  org.apache.catalina.core.AprLifecycleListener - APR capabilities: IPv6 [true], sendfile [true], accept filters [false], random [true].
2019-04-28 16:06:10.213 [main] INFO  org.apache.catalina.core.AprLifecycleListener - APR/OpenSSL configuration: useAprConnector [false], useOpenSSL [true]
2019-04-28 16:06:11.291 [main] INFO  org.apache.catalina.core.AprLifecycleListener - OpenSSL successfully initialized [OpenSSL 1.0.2l  25 May 2017]
2019-04-28 16:06:11.463 [main] INFO  o.a.c.core.ContainerBase.[Tomcat].[localhost].[/] - Initializing Spring embedded WebApplicationContext
2019-04-28 16:06:11.760 [main] INFO  com.zaxxer.hikari.HikariDataSource - HikariPool-1 - Starting...
2019-04-28 16:06:12.026 [main] INFO  com.zaxxer.hikari.HikariDataSource - HikariPool-1 - Start completed.
2019-04-28 16:06:12.541 [main] WARN  c.b.mybatisplus.core.toolkit.TableInfoHelper - Warn: Could not find @TableId in Class: com.sunql.blog.entity.Banner.
2019-04-28 16:06:12.596 [main] WARN  c.b.mybatisplus.core.toolkit.TableInfoHelper - Warn: Could not find @TableId in Class: com.sunql.blog.entity.Comment.
2019-04-28 16:06:12.643 [main] WARN  c.b.mybatisplus.core.toolkit.TableInfoHelper - Warn: Could not find @TableId in Class: com.sunql.blog.entity.Login.
2019-04-28 16:06:13.361 [main] INFO  org.apache.coyote.http11.Http11NioProtocol - Starting ProtocolHandler ["http-nio-8080"]
2019-04-28 16:06:13.439 [main] INFO  com.sunql.blog.BlogApplication - Started BlogApplication in 6.007 seconds (JVM running for 12.872)
2019-04-28 16:57:02.027 [main] INFO  com.sunql.blog.BlogApplication - Starting BlogApplication on M81OGMXBVOO2F7H with PID 11252 (J:\work\blog\target\classes started by Administrator in J:\work\blog)
2019-04-28 16:57:02.043 [main] DEBUG com.sunql.blog.BlogApplication - Running with Spring Boot v2.1.3.RELEASE, Spring v5.1.5.RELEASE
2019-04-28 16:57:02.043 [main] INFO  com.sunql.blog.BlogApplication - The following profiles are active: dev
2019-04-28 16:57:03.965 [main] INFO  org.apache.coyote.http11.Http11NioProtocol - Initializing ProtocolHandler ["http-nio-8080"]
2019-04-28 16:57:03.980 [main] INFO  org.apache.catalina.core.StandardService - Starting service [Tomcat]
2019-04-28 16:57:03.980 [main] INFO  org.apache.catalina.core.StandardEngine - Starting Servlet engine: [Apache Tomcat/9.0.16]
2019-04-28 16:57:03.996 [main] INFO  org.apache.catalina.core.AprLifecycleListener - An older version [1.2.14] of the APR based Apache Tomcat Native library is installed, while Tomcat recommends a minimum version of [1.2.21]
2019-04-28 16:57:03.996 [main] INFO  org.apache.catalina.core.AprLifecycleListener - Loaded APR based Apache Tomcat Native library [1.2.14] using APR version [1.6.2].
2019-04-28 16:57:03.996 [main] INFO  org.apache.catalina.core.AprLifecycleListener - APR capabilities: IPv6 [true], sendfile [true], accept filters [false], random [true].
2019-04-28 16:57:03.996 [main] INFO  org.apache.catalina.core.AprLifecycleListener - APR/OpenSSL configuration: useAprConnector [false], useOpenSSL [true]
2019-04-28 16:57:05.043 [main] INFO  org.apache.catalina.core.AprLifecycleListener - OpenSSL successfully initialized [OpenSSL 1.0.2l  25 May 2017]
2019-04-28 16:57:05.184 [main] INFO  o.a.c.core.ContainerBase.[Tomcat].[localhost].[/] - Initializing Spring embedded WebApplicationContext
2019-04-28 16:57:05.387 [main] INFO  com.zaxxer.hikari.HikariDataSource - HikariPool-1 - Starting...
2019-04-28 16:57:05.605 [main] INFO  com.zaxxer.hikari.HikariDataSource - HikariPool-1 - Start completed.
2019-04-28 16:57:05.949 [main] WARN  c.b.mybatisplus.core.toolkit.TableInfoHelper - Warn: Could not find @TableId in Class: com.sunql.blog.entity.Banner.
2019-04-28 16:57:05.980 [main] WARN  c.b.mybatisplus.core.toolkit.TableInfoHelper - Warn: Could not find @TableId in Class: com.sunql.blog.entity.Comment.
2019-04-28 16:57:06.043 [main] WARN  c.b.mybatisplus.core.toolkit.TableInfoHelper - Warn: Could not find @TableId in Class: com.sunql.blog.entity.Login.
2019-04-28 16:57:06.683 [main] INFO  org.apache.coyote.http11.Http11NioProtocol - Starting ProtocolHandler ["http-nio-8080"]
2019-04-28 16:57:06.730 [main] INFO  com.sunql.blog.BlogApplication - Started BlogApplication in 5.234 seconds (JVM running for 9.189)
2019-04-28 17:00:26.274 [main] INFO  com.sunql.blog.BlogApplication - Starting BlogApplication on M81OGMXBVOO2F7H with PID 1516 (J:\work\blog\target\classes started by Administrator in J:\work\blog)
2019-04-28 17:00:26.274 [main] DEBUG com.sunql.blog.BlogApplication - Running with Spring Boot v2.1.3.RELEASE, Spring v5.1.5.RELEASE
2019-04-28 17:00:26.274 [main] INFO  com.sunql.blog.BlogApplication - The following profiles are active: dev
2019-04-28 17:00:28.055 [main] INFO  org.apache.coyote.http11.Http11NioProtocol - Initializing ProtocolHandler ["http-nio-8080"]
2019-04-28 17:00:28.071 [main] INFO  org.apache.catalina.core.StandardService - Starting service [Tomcat]
2019-04-28 17:00:28.071 [main] INFO  org.apache.catalina.core.StandardEngine - Starting Servlet engine: [Apache Tomcat/9.0.16]
2019-04-28 17:00:28.071 [main] INFO  org.apache.catalina.core.AprLifecycleListener - An older version [1.2.14] of the APR based Apache Tomcat Native library is installed, while Tomcat recommends a minimum version of [1.2.21]
2019-04-28 17:00:28.071 [main] INFO  org.apache.catalina.core.AprLifecycleListener - Loaded APR based Apache Tomcat Native library [1.2.14] using APR version [1.6.2].
2019-04-28 17:00:28.071 [main] INFO  org.apache.catalina.core.AprLifecycleListener - APR capabilities: IPv6 [true], sendfile [true], accept filters [false], random [true].
2019-04-28 17:00:28.071 [main] INFO  org.apache.catalina.core.AprLifecycleListener - APR/OpenSSL configuration: useAprConnector [false], useOpenSSL [true]
2019-04-28 17:00:29.118 [main] INFO  org.apache.catalina.core.AprLifecycleListener - OpenSSL successfully initialized [OpenSSL 1.0.2l  25 May 2017]
2019-04-28 17:00:29.227 [main] INFO  o.a.c.core.ContainerBase.[Tomcat].[localhost].[/] - Initializing Spring embedded WebApplicationContext
2019-04-28 17:00:29.446 [main] INFO  com.zaxxer.hikari.HikariDataSource - HikariPool-1 - Starting...
2019-04-28 17:00:29.665 [main] INFO  com.zaxxer.hikari.HikariDataSource - HikariPool-1 - Start completed.
2019-04-28 17:00:30.009 [main] WARN  c.b.mybatisplus.core.toolkit.TableInfoHelper - Warn: Could not find @TableId in Class: com.sunql.blog.entity.Banner.
2019-04-28 17:00:30.040 [main] WARN  c.b.mybatisplus.core.toolkit.TableInfoHelper - Warn: Could not find @TableId in Class: com.sunql.blog.entity.Comment.
2019-04-28 17:00:30.118 [main] WARN  c.b.mybatisplus.core.toolkit.TableInfoHelper - Warn: Could not find @TableId in Class: com.sunql.blog.entity.Login.
2019-04-28 17:00:30.743 [main] INFO  org.apache.coyote.http11.Http11NioProtocol - Starting ProtocolHandler ["http-nio-8080"]
2019-04-28 17:00:30.805 [main] INFO  com.sunql.blog.BlogApplication - Started BlogApplication in 5.093 seconds (JVM running for 9.941)
2019-04-28 17:04:29.914 [main] INFO  com.sunql.blog.BlogApplication - Starting BlogApplication on M81OGMXBVOO2F7H with PID 5056 (J:\work\blog\target\classes started by Administrator in J:\work\blog)
2019-04-28 17:04:29.914 [main] DEBUG com.sunql.blog.BlogApplication - Running with Spring Boot v2.1.3.RELEASE, Spring v5.1.5.RELEASE
2019-04-28 17:04:29.914 [main] INFO  com.sunql.blog.BlogApplication - The following profiles are active: dev
2019-04-28 17:04:31.425 [main] INFO  org.apache.coyote.http11.Http11NioProtocol - Initializing ProtocolHandler ["http-nio-8080"]
2019-04-28 17:04:31.425 [main] INFO  org.apache.catalina.core.StandardService - Starting service [Tomcat]
2019-04-28 17:04:31.425 [main] INFO  org.apache.catalina.core.StandardEngine - Starting Servlet engine: [Apache Tomcat/9.0.16]
2019-04-28 17:04:31.441 [main] INFO  org.apache.catalina.core.AprLifecycleListener - An older version [1.2.14] of the APR based Apache Tomcat Native library is installed, while Tomcat recommends a minimum version of [1.2.21]
2019-04-28 17:04:31.441 [main] INFO  org.apache.catalina.core.AprLifecycleListener - Loaded APR based Apache Tomcat Native library [1.2.14] using APR version [1.6.2].
2019-04-28 17:04:31.441 [main] INFO  org.apache.catalina.core.AprLifecycleListener - APR capabilities: IPv6 [true], sendfile [true], accept filters [false], random [true].
2019-04-28 17:04:31.441 [main] INFO  org.apache.catalina.core.AprLifecycleListener - APR/OpenSSL configuration: useAprConnector [false], useOpenSSL [true]
2019-04-28 17:04:32.470 [main] INFO  org.apache.catalina.core.AprLifecycleListener - OpenSSL successfully initialized [OpenSSL 1.0.2l  25 May 2017]
2019-04-28 17:04:32.610 [main] INFO  o.a.c.core.ContainerBase.[Tomcat].[localhost].[/] - Initializing Spring embedded WebApplicationContext
2019-04-28 17:04:32.829 [main] INFO  com.zaxxer.hikari.HikariDataSource - HikariPool-1 - Starting...
2019-04-28 17:04:33.079 [main] INFO  com.zaxxer.hikari.HikariDataSource - HikariPool-1 - Start completed.
2019-04-28 17:04:33.517 [main] WARN  c.b.mybatisplus.core.toolkit.TableInfoHelper - Warn: Could not find @TableId in Class: com.sunql.blog.entity.Banner.
2019-04-28 17:04:33.564 [main] WARN  c.b.mybatisplus.core.toolkit.TableInfoHelper - Warn: Could not find @TableId in Class: com.sunql.blog.entity.Comment.
2019-04-28 17:04:33.626 [main] WARN  c.b.mybatisplus.core.toolkit.TableInfoHelper - Warn: Could not find @TableId in Class: com.sunql.blog.entity.Login.
2019-04-28 17:04:34.532 [main] INFO  org.apache.coyote.http11.Http11NioProtocol - Starting ProtocolHandler ["http-nio-8080"]
2019-04-28 17:04:34.595 [main] INFO  com.sunql.blog.BlogApplication - Started BlogApplication in 5.134 seconds (JVM running for 8.894)
2019-04-28 17:07:02.746 [http-nio-8080-exec-1] INFO  o.a.c.core.ContainerBase.[Tomcat].[localhost].[/] - Initializing Spring DispatcherServlet 'dispatcherServlet'
2019-04-28 17:07:02.985 [http-nio-8080-exec-1] DEBUG com.sunql.blog.mapper.ArticleMapper.selectList - ==>  Preparing: SELECT id,add_time,art_desc,art_title,art_type,comment,islike,isread,is_release,updata_time,user_id,words,intro,type FROM article WHERE type = ? 
2019-04-28 17:07:03.005 [http-nio-8080-exec-1] DEBUG com.sunql.blog.mapper.ArticleMapper.selectList - ==> Parameters: 1(Integer)
2019-04-28 17:07:03.020 [http-nio-8080-exec-1] DEBUG com.sunql.blog.mapper.ArticleMapper.selectList - <==      Total: 0
2019-04-28 17:07:03.036 [http-nio-8080-exec-1] DEBUG com.sunql.blog.mapper.BannerMapper.selectList - ==>  Preparing: SELECT title,imgurl,add_time,updata_time,uid,type,href FROM banner WHERE uid = ? 
2019-04-28 17:07:03.036 [http-nio-8080-exec-1] DEBUG com.sunql.blog.mapper.BannerMapper.selectList - ==> Parameters: MnF/9XPJEprPvk/EwSLBAg==(String)
2019-04-28 17:07:03.036 [http-nio-8080-exec-1] DEBUG com.sunql.blog.mapper.BannerMapper.selectList - <==      Total: 0
2019-04-28 17:08:14.154 [http-nio-8080-exec-3] DEBUG com.sunql.blog.mapper.ArticleMapper.selectList - ==>  Preparing: SELECT id,add_time,art_desc,art_title,art_type,comment,islike,isread,is_release,updata_time,user_id,words,intro,type FROM article WHERE type = ? 
2019-04-28 17:08:14.155 [http-nio-8080-exec-3] DEBUG com.sunql.blog.mapper.ArticleMapper.selectList - ==> Parameters: 1(Integer)
2019-04-28 17:08:14.166 [http-nio-8080-exec-3] DEBUG com.sunql.blog.mapper.ArticleMapper.selectList - <==      Total: 2
2019-04-28 17:08:14.168 [http-nio-8080-exec-3] DEBUG com.sunql.blog.mapper.BannerMapper.selectList - ==>  Preparing: SELECT title,imgurl,add_time,updata_time,uid,type,href FROM banner WHERE uid = ? 
2019-04-28 17:08:14.169 [http-nio-8080-exec-3] DEBUG com.sunql.blog.mapper.BannerMapper.selectList - ==> Parameters: MnF/9XPJEprPvk/EwSLBAg==(String)
2019-04-28 17:08:14.170 [http-nio-8080-exec-3] DEBUG com.sunql.blog.mapper.BannerMapper.selectList - <==      Total: 0
2019-04-28 17:08:30.236 [http-nio-8080-exec-10] DEBUG com.sunql.blog.mapper.ArticleMapper.selectList - ==>  Preparing: SELECT id,add_time,art_desc,art_title,art_type,comment,islike,isread,is_release,updata_time,user_id,words,intro,type FROM article WHERE type = ? 
2019-04-28 17:08:30.237 [http-nio-8080-exec-10] DEBUG com.sunql.blog.mapper.ArticleMapper.selectList - ==> Parameters: 1(Integer)
2019-04-28 17:08:30.243 [http-nio-8080-exec-10] DEBUG com.sunql.blog.mapper.ArticleMapper.selectList - <==      Total: 3
2019-04-28 17:08:30.245 [http-nio-8080-exec-10] DEBUG com.sunql.blog.mapper.BannerMapper.selectList - ==>  Preparing: SELECT title,imgurl,add_time,updata_time,uid,type,href FROM banner WHERE uid = ? 
2019-04-28 17:08:30.245 [http-nio-8080-exec-10] DEBUG com.sunql.blog.mapper.BannerMapper.selectList - ==> Parameters: MnF/9XPJEprPvk/EwSLBAg==(String)
2019-04-28 17:08:30.247 [http-nio-8080-exec-10] DEBUG com.sunql.blog.mapper.BannerMapper.selectList - <==      Total: 0
2019-04-28 17:57:57.607 [http-nio-8080-exec-8] DEBUG com.sunql.blog.mapper.ArticleMapper.selectList - ==>  Preparing: SELECT id,add_time,art_desc,art_title,art_type,comment,islike,isread,is_release,updata_time,user_id,words,intro,type FROM article WHERE type = ? 
2019-04-28 17:57:57.608 [http-nio-8080-exec-8] DEBUG com.sunql.blog.mapper.ArticleMapper.selectList - ==> Parameters: 1(Integer)
2019-04-28 17:57:57.617 [http-nio-8080-exec-8] DEBUG com.sunql.blog.mapper.ArticleMapper.selectList - <==      Total: 3
2019-04-28 17:57:57.620 [http-nio-8080-exec-8] DEBUG com.sunql.blog.mapper.BannerMapper.selectList - ==>  Preparing: SELECT title,imgurl,add_time,updata_time,uid,type,href FROM banner WHERE uid = ? 
2019-04-28 17:57:57.620 [http-nio-8080-exec-8] DEBUG com.sunql.blog.mapper.BannerMapper.selectList - ==> Parameters: MnF/9XPJEprPvk/EwSLBAg==(String)
2019-04-28 17:57:57.624 [http-nio-8080-exec-8] DEBUG com.sunql.blog.mapper.BannerMapper.selectList - <==      Total: 0
2019-04-28 17:58:06.208 [http-nio-8080-exec-7] DEBUG com.sunql.blog.mapper.ArticleMapper.selectList - ==>  Preparing: SELECT id,add_time,art_desc,art_title,art_type,comment,islike,isread,is_release,updata_time,user_id,words,intro,type FROM article WHERE type = ? 
2019-04-28 17:58:06.209 [http-nio-8080-exec-7] DEBUG com.sunql.blog.mapper.ArticleMapper.selectList - ==> Parameters: 1(Integer)
2019-04-28 17:58:06.214 [http-nio-8080-exec-7] DEBUG com.sunql.blog.mapper.ArticleMapper.selectList - <==      Total: 3
2019-04-28 17:58:06.216 [http-nio-8080-exec-7] DEBUG com.sunql.blog.mapper.BannerMapper.selectList - ==>  Preparing: SELECT title,imgurl,add_time,updata_time,uid,type,href FROM banner WHERE uid = ? 
2019-04-28 17:58:06.217 [http-nio-8080-exec-7] DEBUG com.sunql.blog.mapper.BannerMapper.selectList - ==> Parameters: MnF/9XPJEprPvk/EwSLBAg==(String)
2019-04-28 17:58:06.221 [http-nio-8080-exec-7] DEBUG com.sunql.blog.mapper.BannerMapper.selectList - <==      Total: 0
2019-04-28 18:16:22.163 [main] INFO  com.sunql.blog.BlogApplication - Starting BlogApplication on M81OGMXBVOO2F7H with PID 6432 (J:\work\blog\target\classes started by Administrator in J:\work\blog)
2019-04-28 18:16:22.167 [main] DEBUG com.sunql.blog.BlogApplication - Running with Spring Boot v2.1.3.RELEASE, Spring v5.1.5.RELEASE
2019-04-28 18:16:22.167 [main] INFO  com.sunql.blog.BlogApplication - The following profiles are active: dev
2019-04-28 18:16:23.789 [main] INFO  org.apache.coyote.http11.Http11NioProtocol - Initializing ProtocolHandler ["http-nio-8080"]
2019-04-28 18:16:23.798 [main] INFO  org.apache.catalina.core.StandardService - Starting service [Tomcat]
2019-04-28 18:16:23.799 [main] INFO  org.apache.catalina.core.StandardEngine - Starting Servlet engine: [Apache Tomcat/9.0.16]
2019-04-28 18:16:23.807 [main] INFO  org.apache.catalina.core.AprLifecycleListener - An older version [1.2.14] of the APR based Apache Tomcat Native library is installed, while Tomcat recommends a minimum version of [1.2.21]
2019-04-28 18:16:23.807 [main] INFO  org.apache.catalina.core.AprLifecycleListener - Loaded APR based Apache Tomcat Native library [1.2.14] using APR version [1.6.2].
2019-04-28 18:16:23.807 [main] INFO  org.apache.catalina.core.AprLifecycleListener - APR capabilities: IPv6 [true], sendfile [true], accept filters [false], random [true].
2019-04-28 18:16:23.807 [main] INFO  org.apache.catalina.core.AprLifecycleListener - APR/OpenSSL configuration: useAprConnector [false], useOpenSSL [true]
2019-04-28 18:16:24.852 [main] INFO  org.apache.catalina.core.AprLifecycleListener - OpenSSL successfully initialized [OpenSSL 1.0.2l  25 May 2017]
2019-04-28 18:16:24.963 [main] INFO  o.a.c.core.ContainerBase.[Tomcat].[localhost].[/] - Initializing Spring embedded WebApplicationContext
2019-04-28 18:16:25.168 [main] INFO  com.zaxxer.hikari.HikariDataSource - HikariPool-1 - Starting...
2019-04-28 18:16:25.395 [main] INFO  com.zaxxer.hikari.HikariDataSource - HikariPool-1 - Start completed.
2019-04-28 18:16:25.760 [main] WARN  c.b.mybatisplus.core.toolkit.TableInfoHelper - Warn: Could not find @TableId in Class: com.sunql.blog.entity.Banner.
2019-04-28 18:16:25.792 [main] WARN  c.b.mybatisplus.core.toolkit.TableInfoHelper - Warn: Could not find @TableId in Class: com.sunql.blog.entity.Comment.
2019-04-28 18:16:25.880 [main] WARN  c.b.mybatisplus.core.toolkit.TableInfoHelper - Warn: Could not find @TableId in Class: com.sunql.blog.entity.Login.
2019-04-28 18:16:26.483 [main] INFO  org.apache.coyote.http11.Http11NioProtocol - Starting ProtocolHandler ["http-nio-8080"]
2019-04-28 18:16:26.524 [main] INFO  com.sunql.blog.BlogApplication - Started BlogApplication in 4.885 seconds (JVM running for 8.817)
2019-04-28 18:17:24.972 [http-nio-8080-exec-1] INFO  o.a.c.core.ContainerBase.[Tomcat].[localhost].[/] - Initializing Spring DispatcherServlet 'dispatcherServlet'
2019-04-28 18:17:53.830 [http-nio-8080-exec-3] DEBUG com.sunql.blog.mapper.UserMapper.selectOne - ==>  Preparing: SELECT id,add_time,uid,updata_time,user_address,user_age,user_name,user_phone,user_photo,user_pwd,user_sex FROM user WHERE uid = ? 
2019-04-28 18:17:53.867 [http-nio-8080-exec-3] DEBUG com.sunql.blog.mapper.UserMapper.selectOne - ==> Parameters: MnF/9XPJEprPvk/EwSLBAg==(String)
2019-04-28 18:17:53.898 [http-nio-8080-exec-3] DEBUG com.sunql.blog.mapper.UserMapper.selectOne - <==      Total: 1
2019-04-28 18:17:53.901 [http-nio-8080-exec-3] DEBUG com.sunql.blog.mapper.BannerMapper.selectList - ==>  Preparing: SELECT title,imgurl,add_time,updata_time,uid,type,href FROM banner WHERE uid = ? 
2019-04-28 18:17:53.902 [http-nio-8080-exec-3] DEBUG com.sunql.blog.mapper.BannerMapper.selectList - ==> Parameters: MnF/9XPJEprPvk/EwSLBAg==(String)
2019-04-28 18:17:53.904 [http-nio-8080-exec-3] DEBUG com.sunql.blog.mapper.BannerMapper.selectList - <==      Total: 0
2019-04-28 18:17:53.910 [http-nio-8080-exec-3] DEBUG com.sunql.blog.mapper.BannerMapper.insert - ==>  Preparing: INSERT INTO banner ( title, imgurl, add_time, updata_time, uid, type, href ) VALUES ( ?, ?, ?, ?, ?, ?, ? ) 
2019-04-28 18:17:53.911 [http-nio-8080-exec-3] DEBUG com.sunql.blog.mapper.BannerMapper.insert - ==> Parameters: 测试图片1(String), https://timgsa.baidu.com/timg?image&quality=80&size=b9999_10000&sec=1556456537971&di=4a953938021689c22112b6533a2a4b92&imgtype=0&src=http%3A%2F%2Fpic.90sjimg.com%2Fback_pic%2F00%2F00%2F69%2F40%2F69e2416cc6f0cf1bfb99e1a828561892.jpg(String), 1556446673905(Long), 1556446673905(Long), MnF/9XPJEprPvk/EwSLBAg==(String), 10(Integer), http://www.sunql.top(String)
2019-04-28 18:17:54.003 [http-nio-8080-exec-3] ERROR o.a.c.c.C.[.[localhost].[/].[dispatcherServlet] - Servlet.service() for servlet [dispatcherServlet] in context with path [] threw exception [Request processing failed; nested exception is org.springframework.dao.DataIntegrityViolationException: 
### Error updating database.  Cause: com.mysql.cj.jdbc.exceptions.MysqlDataTruncation: Data truncation: Data too long for column 'imgurl' at row 1
### The error may exist in com/sunql/blog/mapper/BannerMapper.java (best guess)
### The error may involve com.sunql.blog.mapper.BannerMapper.insert-Inline
### The error occurred while setting parameters
### SQL: INSERT INTO banner  ( title, imgurl, add_time, updata_time, uid, type, href )  VALUES  ( ?, ?, ?, ?, ?, ?, ? )
### Cause: com.mysql.cj.jdbc.exceptions.MysqlDataTruncation: Data truncation: Data too long for column 'imgurl' at row 1
; Data truncation: Data too long for column 'imgurl' at row 1; nested exception is com.mysql.cj.jdbc.exceptions.MysqlDataTruncation: Data truncation: Data too long for column 'imgurl' at row 1] with root cause
com.mysql.cj.jdbc.exceptions.MysqlDataTruncation: Data truncation: Data too long for column 'imgurl' at row 1
	at com.mysql.cj.jdbc.exceptions.SQLExceptionsMapping.translateException(SQLExceptionsMapping.java:104)
	at com.mysql.cj.jdbc.ClientPreparedStatement.executeInternal(ClientPreparedStatement.java:970)
	at com.mysql.cj.jdbc.ClientPreparedStatement.execute(ClientPreparedStatement.java:387)
	at com.zaxxer.hikari.pool.ProxyPreparedStatement.execute(ProxyPreparedStatement.java:44)
	at com.zaxxer.hikari.pool.HikariProxyPreparedStatement.execute(HikariProxyPreparedStatement.java)
	at sun.reflect.NativeMethodAccessorImpl.invoke0(Native Method)
	at sun.reflect.NativeMethodAccessorImpl.invoke(NativeMethodAccessorImpl.java:62)
	at sun.reflect.DelegatingMethodAccessorImpl.invoke(DelegatingMethodAccessorImpl.java:43)
	at java.lang.reflect.Method.invoke(Method.java:498)
	at org.apache.ibatis.logging.jdbc.PreparedStatementLogger.invoke(PreparedStatementLogger.java:59)
	at com.sun.proxy.$Proxy97.execute(Unknown Source)
	at org.apache.ibatis.executor.statement.PreparedStatementHandler.update(PreparedStatementHandler.java:47)
	at org.apache.ibatis.executor.statement.RoutingStatementHandler.update(RoutingStatementHandler.java:74)
	at org.apache.ibatis.executor.SimpleExecutor.doUpdate(SimpleExecutor.java:50)
	at org.apache.ibatis.executor.BaseExecutor.update(BaseExecutor.java:117)
	at org.apache.ibatis.executor.CachingExecutor.update(CachingExecutor.java:76)
	at org.apache.ibatis.session.defaults.DefaultSqlSession.update(DefaultSqlSession.java:198)
	at org.apache.ibatis.session.defaults.DefaultSqlSession.insert(DefaultSqlSession.java:185)
	at sun.reflect.NativeMethodAccessorImpl.invoke0(Native Method)
	at sun.reflect.NativeMethodAccessorImpl.invoke(NativeMethodAccessorImpl.java:62)
	at sun.reflect.DelegatingMethodAccessorImpl.invoke(DelegatingMethodAccessorImpl.java:43)
	at java.lang.reflect.Method.invoke(Method.java:498)
	at org.mybatis.spring.SqlSessionTemplate$SqlSessionInterceptor.invoke(SqlSessionTemplate.java:433)
	at com.sun.proxy.$Proxy65.insert(Unknown Source)
	at org.mybatis.spring.SqlSessionTemplate.insert(SqlSessionTemplate.java:278)
	at com.baomidou.mybatisplus.core.override.MybatisMapperMethod.execute(MybatisMapperMethod.java:64)
	at com.baomidou.mybatisplus.core.override.MybatisMapperProxy.invoke(MybatisMapperProxy.java:61)
	at com.sun.proxy.$Proxy81.insert(Unknown Source)
	at sun.reflect.NativeMethodAccessorImpl.invoke0(Native Method)
	at sun.reflect.NativeMethodAccessorImpl.invoke(NativeMethodAccessorImpl.java:62)
	at sun.reflect.DelegatingMethodAccessorImpl.invoke(DelegatingMethodAccessorImpl.java:43)
	at java.lang.reflect.Method.invoke(Method.java:498)
	at org.springframework.aop.support.AopUtils.invokeJoinpointUsingReflection(AopUtils.java:343)
	at org.springframework.aop.framework.ReflectiveMethodInvocation.invokeJoinpoint(ReflectiveMethodInvocation.java:198)
	at org.springframework.aop.framework.ReflectiveMethodInvocation.proceed(ReflectiveMethodInvocation.java:163)
	at org.springframework.dao.support.PersistenceExceptionTranslationInterceptor.invoke(PersistenceExceptionTranslationInterceptor.java:139)
	at org.springframework.aop.framework.ReflectiveMethodInvocation.proceed(ReflectiveMethodInvocation.java:186)
	at org.springframework.aop.framework.JdkDynamicAopProxy.invoke(JdkDynamicAopProxy.java:212)
	at com.sun.proxy.$Proxy82.insert(Unknown Source)
	at com.sunql.blog.service.impl.BannerServiceImpl.onAddBanner(BannerServiceImpl.java:47)
	at com.sunql.blog.service.impl.BannerServiceImpl$$FastClassBySpringCGLIB$$4734892c.invoke(<generated>)
	at org.springframework.cglib.proxy.MethodProxy.invoke(MethodProxy.java:218)
	at org.springframework.aop.framework.CglibAopProxy$DynamicAdvisedInterceptor.intercept(CglibAopProxy.java:684)
	at com.sunql.blog.service.impl.BannerServiceImpl$$EnhancerBySpringCGLIB$$94a2af6.onAddBanner(<generated>)
	at com.sunql.blog.controller.BannerController.addbanner(BannerController.java:40)
	at sun.reflect.NativeMethodAccessorImpl.invoke0(Native Method)
	at sun.reflect.NativeMethodAccessorImpl.invoke(NativeMethodAccessorImpl.java:62)
	at sun.reflect.DelegatingMethodAccessorImpl.invoke(DelegatingMethodAccessorImpl.java:43)
	at java.lang.reflect.Method.invoke(Method.java:498)
	at org.springframework.web.method.support.InvocableHandlerMethod.doInvoke(InvocableHandlerMethod.java:189)
	at org.springframework.web.method.support.InvocableHandlerMethod.invokeForRequest(InvocableHandlerMethod.java:138)
	at org.springframework.web.servlet.mvc.method.annotation.ServletInvocableHandlerMethod.invokeAndHandle(ServletInvocableHandlerMethod.java:102)
	at org.springframework.web.servlet.mvc.method.annotation.RequestMappingHandlerAdapter.invokeHandlerMethod(RequestMappingHandlerAdapter.java:895)
	at org.springframework.web.servlet.mvc.method.annotation.RequestMappingHandlerAdapter.handleInternal(RequestMappingHandlerAdapter.java:800)
	at org.springframework.web.servlet.mvc.method.AbstractHandlerMethodAdapter.handle(AbstractHandlerMethodAdapter.java:87)
	at org.springframework.web.servlet.DispatcherServlet.doDispatch(DispatcherServlet.java:1038)
	at org.springframework.web.servlet.DispatcherServlet.doService(DispatcherServlet.java:942)
	at org.springframework.web.servlet.FrameworkServlet.processRequest(FrameworkServlet.java:1005)
	at org.springframework.web.servlet.FrameworkServlet.doPost(FrameworkServlet.java:908)
	at javax.servlet.http.HttpServlet.service(HttpServlet.java:660)
	at org.springframework.web.servlet.FrameworkServlet.service(FrameworkServlet.java:882)
	at javax.servlet.http.HttpServlet.service(HttpServlet.java:741)
	at org.apache.catalina.core.ApplicationFilterChain.internalDoFilter(ApplicationFilterChain.java:231)
	at org.apache.catalina.core.ApplicationFilterChain.doFilter(ApplicationFilterChain.java:166)
	at org.apache.tomcat.websocket.server.WsFilter.doFilter(WsFilter.java:53)
	at org.apache.catalina.core.ApplicationFilterChain.internalDoFilter(ApplicationFilterChain.java:193)
	at org.apache.catalina.core.ApplicationFilterChain.doFilter(ApplicationFilterChain.java:166)
	at org.springframework.web.filter.RequestContextFilter.doFilterInternal(RequestContextFilter.java:99)
	at org.springframework.web.filter.OncePerRequestFilter.doFilter(OncePerRequestFilter.java:107)
	at org.apache.catalina.core.ApplicationFilterChain.internalDoFilter(ApplicationFilterChain.java:193)
	at org.apache.catalina.core.ApplicationFilterChain.doFilter(ApplicationFilterChain.java:166)
	at org.springframework.web.filter.FormContentFilter.doFilterInternal(FormContentFilter.java:92)
	at org.springframework.web.filter.OncePerRequestFilter.doFilter(OncePerRequestFilter.java:107)
	at org.apache.catalina.core.ApplicationFilterChain.internalDoFilter(ApplicationFilterChain.java:193)
	at org.apache.catalina.core.ApplicationFilterChain.doFilter(ApplicationFilterChain.java:166)
	at org.springframework.web.filter.HiddenHttpMethodFilter.doFilterInternal(HiddenHttpMethodFilter.java:93)
	at org.springframework.web.filter.OncePerRequestFilter.doFilter(OncePerRequestFilter.java:107)
	at org.apache.catalina.core.ApplicationFilterChain.internalDoFilter(ApplicationFilterChain.java:193)
	at org.apache.catalina.core.ApplicationFilterChain.doFilter(ApplicationFilterChain.java:166)
	at org.springframework.web.filter.CharacterEncodingFilter.doFilterInternal(CharacterEncodingFilter.java:200)
	at org.springframework.web.filter.OncePerRequestFilter.doFilter(OncePerRequestFilter.java:107)
	at org.apache.catalina.core.ApplicationFilterChain.internalDoFilter(ApplicationFilterChain.java:193)
	at org.apache.catalina.core.ApplicationFilterChain.doFilter(ApplicationFilterChain.java:166)
	at org.apache.catalina.core.StandardWrapperValve.invoke(StandardWrapperValve.java:200)
	at org.apache.catalina.core.StandardContextValve.invoke(StandardContextValve.java:96)
	at org.apache.catalina.authenticator.AuthenticatorBase.invoke(AuthenticatorBase.java:490)
	at org.apache.catalina.core.StandardHostValve.invoke(StandardHostValve.java:139)
	at org.apache.catalina.valves.ErrorReportValve.invoke(ErrorReportValve.java:92)
	at org.apache.catalina.core.StandardEngineValve.invoke(StandardEngineValve.java:74)
	at org.apache.catalina.connector.CoyoteAdapter.service(CoyoteAdapter.java:343)
	at org.apache.coyote.http11.Http11Processor.service(Http11Processor.java:408)
	at org.apache.coyote.AbstractProcessorLight.process(AbstractProcessorLight.java:66)
	at org.apache.coyote.AbstractProtocol$ConnectionHandler.process(AbstractProtocol.java:834)
	at org.apache.tomcat.util.net.NioEndpoint$SocketProcessor.doRun(NioEndpoint.java:1415)
	at org.apache.tomcat.util.net.SocketProcessorBase.run(SocketProcessorBase.java:49)
	at java.util.concurrent.ThreadPoolExecutor.runWorker(ThreadPoolExecutor.java:1142)
	at java.util.concurrent.ThreadPoolExecutor$Worker.run(ThreadPoolExecutor.java:617)
	at org.apache.tomcat.util.threads.TaskThread$WrappingRunnable.run(TaskThread.java:61)
	at java.lang.Thread.run(Thread.java:745)
2019-04-28 18:19:00.070 [http-nio-8080-exec-4] DEBUG com.sunql.blog.mapper.UserMapper.selectOne - ==>  Preparing: SELECT id,add_time,uid,updata_time,user_address,user_age,user_name,user_phone,user_photo,user_pwd,user_sex FROM user WHERE uid = ? 
2019-04-28 18:19:00.070 [http-nio-8080-exec-4] DEBUG com.sunql.blog.mapper.UserMapper.selectOne - ==> Parameters: MnF/9XPJEprPvk/EwSLBAg==(String)
2019-04-28 18:19:00.072 [http-nio-8080-exec-4] DEBUG com.sunql.blog.mapper.UserMapper.selectOne - <==      Total: 1
2019-04-28 18:19:00.075 [http-nio-8080-exec-4] DEBUG com.sunql.blog.mapper.BannerMapper.selectList - ==>  Preparing: SELECT title,imgurl,add_time,updata_time,uid,type,href FROM banner WHERE uid = ? 
2019-04-28 18:19:00.075 [http-nio-8080-exec-4] DEBUG com.sunql.blog.mapper.BannerMapper.selectList - ==> Parameters: MnF/9XPJEprPvk/EwSLBAg==(String)
2019-04-28 18:19:00.078 [http-nio-8080-exec-4] DEBUG com.sunql.blog.mapper.BannerMapper.selectList - <==      Total: 0
2019-04-28 18:19:00.079 [http-nio-8080-exec-4] DEBUG com.sunql.blog.mapper.BannerMapper.insert - ==>  Preparing: INSERT INTO banner ( title, imgurl, add_time, updata_time, uid, type, href ) VALUES ( ?, ?, ?, ?, ?, ?, ? ) 
2019-04-28 18:19:00.080 [http-nio-8080-exec-4] DEBUG com.sunql.blog.mapper.BannerMapper.insert - ==> Parameters: 测试图片1(String), https://timgsa.baidu.com/timg?image&quality=80&size=b9999_10000&sec=1556456537971&di=4a953938021689c22112b6533a2a4b92&imgtype=0&src=http%3A%2F%2Fpic.90sjimg.com%2Fback_pic%2F00%2F00%2F69%2F40%2F69e2416cc6f0cf1bfb99e1a828561892.jpg(String), 1556446740078(Long), 1556446740078(Long), MnF/9XPJEprPvk/EwSLBAg==(String), 10(Integer), http://www.sunql.top(String)
2019-04-28 18:19:00.087 [http-nio-8080-exec-4] DEBUG com.sunql.blog.mapper.BannerMapper.insert - <==    Updates: 1
2019-04-28 18:19:00.089 [http-nio-8080-exec-4] DEBUG com.sunql.blog.mapper.BannerMapper.selectList - ==>  Preparing: SELECT title,imgurl,add_time,updata_time,uid,type,href FROM banner WHERE uid = ? 
2019-04-28 18:19:00.089 [http-nio-8080-exec-4] DEBUG com.sunql.blog.mapper.BannerMapper.selectList - ==> Parameters: MnF/9XPJEprPvk/EwSLBAg==(String)
2019-04-28 18:19:00.091 [http-nio-8080-exec-4] DEBUG com.sunql.blog.mapper.BannerMapper.selectList - <==      Total: 1
2019-04-28 18:20:51.923 [http-nio-8080-exec-8] DEBUG com.sunql.blog.mapper.UserMapper.selectOne - ==>  Preparing: SELECT id,add_time,uid,updata_time,user_address,user_age,user_name,user_phone,user_photo,user_pwd,user_sex FROM user WHERE uid = ? 
2019-04-28 18:20:51.923 [http-nio-8080-exec-8] DEBUG com.sunql.blog.mapper.UserMapper.selectOne - ==> Parameters: MnF/9XPJEprPvk/EwSLBAg==(String)
2019-04-28 18:20:51.925 [http-nio-8080-exec-8] DEBUG com.sunql.blog.mapper.UserMapper.selectOne - <==      Total: 1
2019-04-28 18:20:51.927 [http-nio-8080-exec-8] DEBUG com.sunql.blog.mapper.BannerMapper.selectList - ==>  Preparing: SELECT title,imgurl,add_time,updata_time,uid,type,href FROM banner WHERE uid = ? 
2019-04-28 18:20:51.928 [http-nio-8080-exec-8] DEBUG com.sunql.blog.mapper.BannerMapper.selectList - ==> Parameters: MnF/9XPJEprPvk/EwSLBAg==(String)
2019-04-28 18:20:51.929 [http-nio-8080-exec-8] DEBUG com.sunql.blog.mapper.BannerMapper.selectList - <==      Total: 1
2019-04-28 18:20:51.931 [http-nio-8080-exec-8] DEBUG com.sunql.blog.mapper.BannerMapper.insert - ==>  Preparing: INSERT INTO banner ( title, imgurl, add_time, updata_time, uid, type, href ) VALUES ( ?, ?, ?, ?, ?, ?, ? ) 
2019-04-28 18:20:51.932 [http-nio-8080-exec-8] DEBUG com.sunql.blog.mapper.BannerMapper.insert - ==> Parameters: 测试图片1(String), https://timgsa.baidu.com/timg?image&quality=80&size=b9999_10000&sec=1556456537969&di=6381134fe7a1a618a307f19ac998d9cc&imgtype=0&src=http%3A%2F%2Fimages.hisupplier.com%2Fvar%2FuserImages%2F201506%2F26%2F162011327474_s.jpg(String), 1556446851930(Long), 1556446851930(Long), MnF/9XPJEprPvk/EwSLBAg==(String), 10(Integer), http://www.sunql.top(String)
2019-04-28 18:20:51.940 [http-nio-8080-exec-8] DEBUG com.sunql.blog.mapper.BannerMapper.insert - <==    Updates: 1
2019-04-28 18:20:51.941 [http-nio-8080-exec-8] DEBUG com.sunql.blog.mapper.BannerMapper.selectList - ==>  Preparing: SELECT title,imgurl,add_time,updata_time,uid,type,href FROM banner WHERE uid = ? 
2019-04-28 18:20:51.942 [http-nio-8080-exec-8] DEBUG com.sunql.blog.mapper.BannerMapper.selectList - ==> Parameters: MnF/9XPJEprPvk/EwSLBAg==(String)
2019-04-28 18:20:51.944 [http-nio-8080-exec-8] DEBUG com.sunql.blog.mapper.BannerMapper.selectList - <==      Total: 2
2019-04-28 18:21:14.220 [http-nio-8080-exec-9] DEBUG com.sunql.blog.mapper.UserMapper.selectOne - ==>  Preparing: SELECT id,add_time,uid,updata_time,user_address,user_age,user_name,user_phone,user_photo,user_pwd,user_sex FROM user WHERE uid = ? 
2019-04-28 18:21:14.221 [http-nio-8080-exec-9] DEBUG com.sunql.blog.mapper.UserMapper.selectOne - ==> Parameters: MnF/9XPJEprPvk/EwSLBAg==(String)
2019-04-28 18:21:14.224 [http-nio-8080-exec-9] DEBUG com.sunql.blog.mapper.UserMapper.selectOne - <==      Total: 1
2019-04-28 18:21:14.226 [http-nio-8080-exec-9] DEBUG com.sunql.blog.mapper.BannerMapper.selectList - ==>  Preparing: SELECT title,imgurl,add_time,updata_time,uid,type,href FROM banner WHERE uid = ? 
2019-04-28 18:21:14.226 [http-nio-8080-exec-9] DEBUG com.sunql.blog.mapper.BannerMapper.selectList - ==> Parameters: MnF/9XPJEprPvk/EwSLBAg==(String)
2019-04-28 18:21:14.228 [http-nio-8080-exec-9] DEBUG com.sunql.blog.mapper.BannerMapper.selectList - <==      Total: 2
2019-04-28 18:21:14.229 [http-nio-8080-exec-9] DEBUG com.sunql.blog.mapper.BannerMapper.insert - ==>  Preparing: INSERT INTO banner ( title, imgurl, add_time, updata_time, uid, type, href ) VALUES ( ?, ?, ?, ?, ?, ?, ? ) 
2019-04-28 18:21:14.230 [http-nio-8080-exec-9] DEBUG com.sunql.blog.mapper.BannerMapper.insert - ==> Parameters: 测试图片1(String), https://timgsa.baidu.com/timg?image&quality=80&size=b9999_10000&sec=1556456537969&di=e33805aa2f0d90fd54a4f4e09381893c&imgtype=0&src=http%3A%2F%2Fimages.hisupplier.com%2Fvar%2FuserImages%2F201609%2F23%2F160034532709_s.jpg(String), 1556446874228(Long), 1556446874228(Long), MnF/9XPJEprPvk/EwSLBAg==(String), 10(Integer), http://www.sunql.top(String)
2019-04-28 18:21:14.239 [http-nio-8080-exec-9] DEBUG com.sunql.blog.mapper.BannerMapper.insert - <==    Updates: 1
2019-04-28 18:21:14.241 [http-nio-8080-exec-9] DEBUG com.sunql.blog.mapper.BannerMapper.selectList - ==>  Preparing: SELECT title,imgurl,add_time,updata_time,uid,type,href FROM banner WHERE uid = ? 
2019-04-28 18:21:14.242 [http-nio-8080-exec-9] DEBUG com.sunql.blog.mapper.BannerMapper.selectList - ==> Parameters: MnF/9XPJEprPvk/EwSLBAg==(String)
2019-04-28 18:21:14.244 [http-nio-8080-exec-9] DEBUG com.sunql.blog.mapper.BannerMapper.selectList - <==      Total: 3
2019-04-28 18:21:30.521 [http-nio-8080-exec-10] DEBUG com.sunql.blog.mapper.ArticleMapper.selectList - ==>  Preparing: SELECT id,add_time,art_desc,art_title,art_type,comment,islike,isread,is_release,updata_time,user_id,words,intro,type FROM article WHERE type = ? 
2019-04-28 18:21:30.522 [http-nio-8080-exec-10] DEBUG com.sunql.blog.mapper.ArticleMapper.selectList - ==> Parameters: 1(Integer)
2019-04-28 18:21:30.531 [http-nio-8080-exec-10] DEBUG com.sunql.blog.mapper.ArticleMapper.selectList - <==      Total: 3
2019-04-28 18:21:30.536 [http-nio-8080-exec-10] DEBUG com.sunql.blog.mapper.BannerMapper.selectList - ==>  Preparing: SELECT title,imgurl,add_time,updata_time,uid,type,href FROM banner WHERE uid = ? 
2019-04-28 18:21:30.537 [http-nio-8080-exec-10] DEBUG com.sunql.blog.mapper.BannerMapper.selectList - ==> Parameters: MnF/9XPJEprPvk/EwSLBAg==(String)
2019-04-28 18:21:30.539 [http-nio-8080-exec-10] DEBUG com.sunql.blog.mapper.BannerMapper.selectList - <==      Total: 3
2019-04-28 18:27:21.433 [http-nio-8080-exec-3] DEBUG com.sunql.blog.mapper.ArticleMapper.selectById - ==>  Preparing: SELECT id,add_time,art_desc,art_title,art_type,comment,islike,isread,is_release,updata_time,user_id,words,intro,type FROM article WHERE id=? 
2019-04-28 18:27:21.433 [http-nio-8080-exec-3] DEBUG com.sunql.blog.mapper.ArticleMapper.selectById - ==> Parameters: 13(Integer)
2019-04-28 18:27:21.435 [http-nio-8080-exec-3] DEBUG com.sunql.blog.mapper.ArticleMapper.selectById - <==      Total: 1
2019-04-28 18:27:21.436 [http-nio-8080-exec-3] DEBUG com.sunql.blog.mapper.UserMapper.selectOne - ==>  Preparing: SELECT id,add_time,uid,updata_time,user_address,user_age,user_name,user_phone,user_photo,user_pwd,user_sex FROM user WHERE uid = ? 
2019-04-28 18:27:21.437 [http-nio-8080-exec-3] DEBUG com.sunql.blog.mapper.UserMapper.selectOne - ==> Parameters: MnF/9XPJEprPvk/EwSLBAg==(String)
2019-04-28 18:27:21.439 [http-nio-8080-exec-3] DEBUG com.sunql.blog.mapper.UserMapper.selectOne - <==      Total: 1
2019-04-28 18:27:21.441 [http-nio-8080-exec-3] DEBUG com.sunql.blog.mapper.CommentMapper.selectList - ==>  Preparing: SELECT content,uid,author,art_id,add_time FROM comment WHERE art_id = ? 
2019-04-28 18:27:21.441 [http-nio-8080-exec-3] DEBUG com.sunql.blog.mapper.CommentMapper.selectList - ==> Parameters: 13(Integer)
2019-04-28 18:27:21.445 [http-nio-8080-exec-3] DEBUG com.sunql.blog.mapper.CommentMapper.selectList - <==      Total: 0
2019-04-28 18:28:32.293 [http-nio-8080-exec-4] DEBUG com.sunql.blog.mapper.ArticleMapper.selectById - ==>  Preparing: SELECT id,add_time,art_desc,art_title,art_type,comment,islike,isread,is_release,updata_time,user_id,words,intro,type FROM article WHERE id=? 
2019-04-28 18:28:32.294 [http-nio-8080-exec-4] DEBUG com.sunql.blog.mapper.ArticleMapper.selectById - ==> Parameters: 13(Integer)
2019-04-28 18:28:32.296 [http-nio-8080-exec-4] DEBUG com.sunql.blog.mapper.ArticleMapper.selectById - <==      Total: 1
2019-04-28 18:28:32.300 [http-nio-8080-exec-4] DEBUG com.sunql.blog.mapper.UserMapper.selectOne - ==>  Preparing: SELECT id,add_time,uid,updata_time,user_address,user_age,user_name,user_phone,user_photo,user_pwd,user_sex FROM user WHERE uid = ? 
2019-04-28 18:28:32.300 [http-nio-8080-exec-4] DEBUG com.sunql.blog.mapper.UserMapper.selectOne - ==> Parameters: MnF/9XPJEprPvk/EwSLBAg==(String)
2019-04-28 18:28:32.302 [http-nio-8080-exec-4] DEBUG com.sunql.blog.mapper.UserMapper.selectOne - <==      Total: 1
2019-04-28 18:28:32.304 [http-nio-8080-exec-4] DEBUG com.sunql.blog.mapper.CommentMapper.selectList - ==>  Preparing: SELECT content,uid,author,art_id,add_time FROM comment WHERE art_id = ? 
2019-04-28 18:28:32.304 [http-nio-8080-exec-4] DEBUG com.sunql.blog.mapper.CommentMapper.selectList - ==> Parameters: 13(Integer)
2019-04-28 18:28:32.305 [http-nio-8080-exec-4] DEBUG com.sunql.blog.mapper.CommentMapper.selectList - <==      Total: 0
