2019-04-29 10:24:22.546 [main] INFO  com.sunql.blog.BlogApplication - Starting BlogApplication on M81OGMXBVOO2F7H with PID 7912 (J:\work\blog\target\classes started by Administrator in J:\work\blog)
2019-04-29 10:24:22.546 [main] DEBUG com.sunql.blog.BlogApplication - Running with Spring Boot v2.1.3.RELEASE, Spring v5.1.5.RELEASE
2019-04-29 10:24:22.546 [main] INFO  com.sunql.blog.BlogApplication - The following profiles are active: dev
2019-04-29 10:24:24.557 [main] INFO  org.apache.coyote.http11.Http11NioProtocol - Initializing ProtocolHandler ["http-nio-8080"]
2019-04-29 10:24:24.572 [main] INFO  org.apache.catalina.core.StandardService - Starting service [Tomcat]
2019-04-29 10:24:24.572 [main] INFO  org.apache.catalina.core.StandardEngine - Starting Servlet engine: [Apache Tomcat/9.0.16]
2019-04-29 10:24:24.572 [main] INFO  org.apache.catalina.core.AprLifecycleListener - An older version [1.2.14] of the APR based Apache Tomcat Native library is installed, while Tomcat recommends a minimum version of [1.2.21]
2019-04-29 10:24:24.572 [main] INFO  org.apache.catalina.core.AprLifecycleListener - Loaded APR based Apache Tomcat Native library [1.2.14] using APR version [1.6.2].
2019-04-29 10:24:24.572 [main] INFO  org.apache.catalina.core.AprLifecycleListener - APR capabilities: IPv6 [true], sendfile [true], accept filters [false], random [true].
2019-04-29 10:24:24.572 [main] INFO  org.apache.catalina.core.AprLifecycleListener - APR/OpenSSL configuration: useAprConnector [false], useOpenSSL [true]
2019-04-29 10:24:25.635 [main] INFO  org.apache.catalina.core.AprLifecycleListener - OpenSSL successfully initialized [OpenSSL 1.0.2l  25 May 2017]
2019-04-29 10:24:25.806 [main] INFO  o.a.c.core.ContainerBase.[Tomcat].[localhost].[/] - Initializing Spring embedded WebApplicationContext
2019-04-29 10:24:26.103 [main] INFO  com.zaxxer.hikari.HikariDataSource - HikariPool-1 - Starting...
2019-04-29 10:24:26.385 [main] INFO  com.zaxxer.hikari.HikariDataSource - HikariPool-1 - Start completed.
2019-04-29 10:24:26.838 [main] WARN  c.b.mybatisplus.core.toolkit.TableInfoHelper - Warn: Could not find @TableId in Class: com.sunql.blog.entity.Banner.
2019-04-29 10:24:26.869 [main] WARN  c.b.mybatisplus.core.toolkit.TableInfoHelper - Warn: Could not find @TableId in Class: com.sunql.blog.entity.Comment.
2019-04-29 10:24:26.931 [main] WARN  c.b.mybatisplus.core.toolkit.TableInfoHelper - Warn: Could not find @TableId in Class: com.sunql.blog.entity.Login.
2019-04-29 10:24:27.650 [main] INFO  org.apache.coyote.http11.Http11NioProtocol - Starting ProtocolHandler ["http-nio-8080"]
2019-04-29 10:24:27.713 [main] INFO  com.sunql.blog.BlogApplication - Started BlogApplication in 5.917 seconds (JVM running for 12.541)
2019-04-29 14:58:57.893 [HikariPool-1 housekeeper] WARN  com.zaxxer.hikari.pool.HikariPool - HikariPool-1 - Thread starvation or clock leap detected (housekeeper delta=3h37s799ms251µs400ns).
2019-04-29 21:19:17.476 [HikariPool-1 housekeeper] WARN  com.zaxxer.hikari.pool.HikariPool - HikariPool-1 - Thread starvation or clock leap detected (housekeeper delta=6h20m19s589ms364µs502ns).
