2019-05-05 21:38:11.507 [main] INFO  com.sunql.blog.BlogApplication - Starting BlogApplication on M81OGMXBVOO2F7H with PID 14744 (J:\work\blog\target\classes started by Administrator in J:\work\blog)
2019-05-05 21:38:11.507 [main] DEBUG com.sunql.blog.BlogApplication - Running with Spring Boot v2.1.3.RELEASE, Spring v5.1.5.RELEASE
2019-05-05 21:38:11.507 [main] INFO  com.sunql.blog.BlogApplication - The following profiles are active: dev
2019-05-05 21:38:13.476 [main] INFO  org.apache.coyote.http11.Http11NioProtocol - Initializing ProtocolHandler ["http-nio-8080"]
2019-05-05 21:38:13.491 [main] INFO  org.apache.catalina.core.StandardService - Starting service [Tomcat]
2019-05-05 21:38:13.491 [main] INFO  org.apache.catalina.core.StandardEngine - Starting Servlet engine: [Apache Tomcat/9.0.16]
2019-05-05 21:38:13.507 [main] INFO  org.apache.catalina.core.AprLifecycleListener - An older version [1.2.14] of the APR based Apache Tomcat Native library is installed, while Tomcat recommends a minimum version of [1.2.21]
2019-05-05 21:38:13.507 [main] INFO  org.apache.catalina.core.AprLifecycleListener - Loaded APR based Apache Tomcat Native library [1.2.14] using APR version [1.6.2].
2019-05-05 21:38:13.507 [main] INFO  org.apache.catalina.core.AprLifecycleListener - APR capabilities: IPv6 [true], sendfile [true], accept filters [false], random [true].
2019-05-05 21:38:13.507 [main] INFO  org.apache.catalina.core.AprLifecycleListener - APR/OpenSSL configuration: useAprConnector [false], useOpenSSL [true]
2019-05-05 21:38:14.554 [main] INFO  org.apache.catalina.core.AprLifecycleListener - OpenSSL successfully initialized [OpenSSL 1.0.2l  25 May 2017]
2019-05-05 21:38:14.710 [main] INFO  o.a.c.core.ContainerBase.[Tomcat].[localhost].[/] - Initializing Spring embedded WebApplicationContext
2019-05-05 21:38:14.960 [main] INFO  com.zaxxer.hikari.HikariDataSource - HikariPool-1 - Starting...
2019-05-05 21:38:15.147 [main] INFO  com.zaxxer.hikari.HikariDataSource - HikariPool-1 - Start completed.
2019-05-05 21:38:15.663 [main] WARN  c.b.mybatisplus.core.toolkit.TableInfoHelper - Warn: Could not find @TableId in Class: com.sunql.blog.entity.Banner.
2019-05-05 21:38:15.694 [main] WARN  c.b.mybatisplus.core.toolkit.TableInfoHelper - Warn: Could not find @TableId in Class: com.sunql.blog.entity.Comment.
2019-05-05 21:38:15.757 [main] WARN  c.b.mybatisplus.core.toolkit.TableInfoHelper - Warn: Could not find @TableId in Class: com.sunql.blog.entity.Login.
2019-05-05 21:38:16.460 [main] INFO  org.apache.coyote.http11.Http11NioProtocol - Starting ProtocolHandler ["http-nio-8080"]
2019-05-05 21:38:16.554 [main] INFO  com.sunql.blog.BlogApplication - Started BlogApplication in 5.75 seconds (JVM running for 17.173)
2019-05-05 22:27:16.948 [main] INFO  com.sunql.blog.BlogApplication - Starting BlogApplication on M81OGMXBVOO2F7H with PID 4584 (J:\work\blog\target\classes started by Administrator in J:\work\blog)
2019-05-05 22:27:16.964 [main] DEBUG com.sunql.blog.BlogApplication - Running with Spring Boot v2.1.3.RELEASE, Spring v5.1.5.RELEASE
2019-05-05 22:27:16.964 [main] INFO  com.sunql.blog.BlogApplication - The following profiles are active: dev
2019-05-05 22:27:18.855 [main] INFO  org.apache.coyote.http11.Http11NioProtocol - Initializing ProtocolHandler ["http-nio-8080"]
2019-05-05 22:27:18.870 [main] INFO  org.apache.catalina.core.StandardService - Starting service [Tomcat]
2019-05-05 22:27:18.870 [main] INFO  org.apache.catalina.core.StandardEngine - Starting Servlet engine: [Apache Tomcat/9.0.16]
2019-05-05 22:27:18.886 [main] INFO  org.apache.catalina.core.AprLifecycleListener - An older version [1.2.14] of the APR based Apache Tomcat Native library is installed, while Tomcat recommends a minimum version of [1.2.21]
2019-05-05 22:27:18.886 [main] INFO  org.apache.catalina.core.AprLifecycleListener - Loaded APR based Apache Tomcat Native library [1.2.14] using APR version [1.6.2].
2019-05-05 22:27:18.886 [main] INFO  org.apache.catalina.core.AprLifecycleListener - APR capabilities: IPv6 [true], sendfile [true], accept filters [false], random [true].
2019-05-05 22:27:18.886 [main] INFO  org.apache.catalina.core.AprLifecycleListener - APR/OpenSSL configuration: useAprConnector [false], useOpenSSL [true]
2019-05-05 22:27:19.948 [main] INFO  org.apache.catalina.core.AprLifecycleListener - OpenSSL successfully initialized [OpenSSL 1.0.2l  25 May 2017]
2019-05-05 22:27:20.104 [main] INFO  o.a.c.core.ContainerBase.[Tomcat].[localhost].[/] - Initializing Spring embedded WebApplicationContext
2019-05-05 22:27:20.354 [main] INFO  com.zaxxer.hikari.HikariDataSource - HikariPool-1 - Starting...
2019-05-05 22:27:20.651 [main] INFO  com.zaxxer.hikari.HikariDataSource - HikariPool-1 - Start completed.
2019-05-05 22:27:21.058 [main] WARN  c.b.mybatisplus.core.toolkit.TableInfoHelper - Warn: Could not find @TableId in Class: com.sunql.blog.entity.Banner.
2019-05-05 22:27:21.089 [main] WARN  c.b.mybatisplus.core.toolkit.TableInfoHelper - Warn: Could not find @TableId in Class: com.sunql.blog.entity.Comment.
2019-05-05 22:27:21.151 [main] WARN  c.b.mybatisplus.core.toolkit.TableInfoHelper - Warn: Could not find @TableId in Class: com.sunql.blog.entity.Login.
2019-05-05 22:27:21.808 [main] INFO  org.apache.coyote.http11.Http11NioProtocol - Starting ProtocolHandler ["http-nio-8080"]
2019-05-05 22:27:21.917 [main] INFO  com.sunql.blog.BlogApplication - Started BlogApplication in 5.641 seconds (JVM running for 22.44)
2019-05-05 22:35:34.215 [http-nio-8080-exec-1] INFO  o.a.c.core.ContainerBase.[Tomcat].[localhost].[/] - Initializing Spring DispatcherServlet 'dispatcherServlet'
2019-05-05 22:35:34.431 [http-nio-8080-exec-1] DEBUG com.sunql.blog.mapper.ArticleMapper.selectList - ==>  Preparing: SELECT id,add_time,art_desc,art_title,art_type,comment,islike,isread,is_release,updata_time,user_id,words,intro,type FROM article WHERE type = ? 
2019-05-05 22:35:34.461 [http-nio-8080-exec-1] DEBUG com.sunql.blog.mapper.ArticleMapper.selectList - ==> Parameters: 1(Integer)
2019-05-05 22:35:34.508 [http-nio-8080-exec-1] DEBUG com.sunql.blog.mapper.ArticleMapper.selectList - <==      Total: 3
2019-05-05 22:35:34.512 [http-nio-8080-exec-1] DEBUG com.sunql.blog.mapper.BannerMapper.selectList - ==>  Preparing: SELECT title,imgurl,add_time,updata_time,uid,type,href FROM banner WHERE uid = ? 
2019-05-05 22:35:34.512 [http-nio-8080-exec-1] DEBUG com.sunql.blog.mapper.BannerMapper.selectList - ==> Parameters: MnF/9XPJEprPvk/EwSLBAg==(String)
2019-05-05 22:35:34.518 [http-nio-8080-exec-1] DEBUG com.sunql.blog.mapper.BannerMapper.selectList - <==      Total: 3
2019-05-05 22:35:42.559 [http-nio-8080-exec-10] DEBUG com.sunql.blog.mapper.UserMapper.selectOne - ==>  Preparing: SELECT id,add_time,uid,updata_time,user_address,user_age,user_name,user_phone,user_photo,user_pwd,user_sex FROM user WHERE uid = ? 
2019-05-05 22:35:42.559 [http-nio-8080-exec-10] DEBUG com.sunql.blog.mapper.UserMapper.selectOne - ==> Parameters: MnF/9XPJEprPvk/EwSLBAg==(String)
2019-05-05 22:35:42.575 [http-nio-8080-exec-10] DEBUG com.sunql.blog.mapper.UserMapper.selectOne - <==      Total: 1
2019-05-05 22:35:42.575 [http-nio-8080-exec-10] DEBUG com.sunql.blog.mapper.ArticleMapper.selectList - ==>  Preparing: SELECT id,add_time,art_desc,art_title,art_type,comment,islike,isread,is_release,updata_time,user_id,words,intro,type FROM article WHERE user_id = ? 
2019-05-05 22:35:42.575 [http-nio-8080-exec-10] DEBUG com.sunql.blog.mapper.ArticleMapper.selectList - ==> Parameters: MnF/9XPJEprPvk/EwSLBAg==(String)
2019-05-05 22:35:42.590 [http-nio-8080-exec-10] DEBUG com.sunql.blog.mapper.ArticleMapper.selectList - <==      Total: 11
2019-05-05 22:35:42.590 [http-nio-8080-exec-10] DEBUG com.sunql.blog.mapper.CommentMapper.selectList - ==>  Preparing: SELECT content,uid,author,art_id,add_time FROM comment WHERE uid = ? 
2019-05-05 22:35:42.590 [http-nio-8080-exec-10] DEBUG com.sunql.blog.mapper.CommentMapper.selectList - ==> Parameters: MnF/9XPJEprPvk/EwSLBAg==(String)
2019-05-05 22:35:42.606 [http-nio-8080-exec-10] DEBUG com.sunql.blog.mapper.CommentMapper.selectList - <==      Total: 3
2019-05-05 23:03:19.750 [http-nio-8080-exec-3] DEBUG com.sunql.blog.mapper.UserMapper.selectOne - ==>  Preparing: SELECT id,add_time,uid,updata_time,user_address,user_age,user_name,user_phone,user_photo,user_pwd,user_sex FROM user WHERE uid = ? 
2019-05-05 23:03:19.750 [http-nio-8080-exec-3] DEBUG com.sunql.blog.mapper.UserMapper.selectOne - ==> Parameters: MnF/9XPJEprPvk/EwSLBAg==(String)
2019-05-05 23:03:19.765 [http-nio-8080-exec-3] DEBUG com.sunql.blog.mapper.UserMapper.selectOne - <==      Total: 1
2019-05-05 23:03:19.765 [http-nio-8080-exec-3] DEBUG com.sunql.blog.mapper.ArticleMapper.selectList - ==>  Preparing: SELECT id,add_time,art_desc,art_title,art_type,comment,islike,isread,is_release,updata_time,user_id,words,intro,type FROM article WHERE user_id = ? 
2019-05-05 23:03:19.765 [http-nio-8080-exec-3] DEBUG com.sunql.blog.mapper.ArticleMapper.selectList - ==> Parameters: MnF/9XPJEprPvk/EwSLBAg==(String)
2019-05-05 23:03:19.781 [http-nio-8080-exec-3] DEBUG com.sunql.blog.mapper.ArticleMapper.selectList - <==      Total: 11
2019-05-05 23:03:19.781 [http-nio-8080-exec-3] DEBUG com.sunql.blog.mapper.CommentMapper.selectList - ==>  Preparing: SELECT content,uid,author,art_id,add_time FROM comment WHERE uid = ? 
2019-05-05 23:03:19.781 [http-nio-8080-exec-3] DEBUG com.sunql.blog.mapper.CommentMapper.selectList - ==> Parameters: MnF/9XPJEprPvk/EwSLBAg==(String)
2019-05-05 23:03:19.781 [http-nio-8080-exec-3] DEBUG com.sunql.blog.mapper.CommentMapper.selectList - <==      Total: 3
2019-05-05 23:13:18.727 [http-nio-8080-exec-7] DEBUG com.sunql.blog.mapper.UserMapper.selectOne - ==>  Preparing: SELECT id,add_time,uid,updata_time,user_address,user_age,user_name,user_phone,user_photo,user_pwd,user_sex FROM user WHERE uid = ? 
2019-05-05 23:13:18.727 [http-nio-8080-exec-7] DEBUG com.sunql.blog.mapper.UserMapper.selectOne - ==> Parameters: MnF/9XPJEprPvk/EwSLBAg==(String)
2019-05-05 23:13:18.727 [http-nio-8080-exec-7] DEBUG com.sunql.blog.mapper.UserMapper.selectOne - <==      Total: 1
2019-05-05 23:13:18.727 [http-nio-8080-exec-7] DEBUG com.sunql.blog.mapper.ArticleMapper.selectList - ==>  Preparing: SELECT id,add_time,art_desc,art_title,art_type,comment,islike,isread,is_release,updata_time,user_id,words,intro,type FROM article WHERE user_id = ? 
2019-05-05 23:13:18.743 [http-nio-8080-exec-7] DEBUG com.sunql.blog.mapper.ArticleMapper.selectList - ==> Parameters: MnF/9XPJEprPvk/EwSLBAg==(String)
2019-05-05 23:13:18.743 [http-nio-8080-exec-7] DEBUG com.sunql.blog.mapper.ArticleMapper.selectList - <==      Total: 11
2019-05-05 23:13:18.743 [http-nio-8080-exec-7] DEBUG com.sunql.blog.mapper.CommentMapper.selectList - ==>  Preparing: SELECT content,uid,author,art_id,add_time FROM comment WHERE uid = ? 
2019-05-05 23:13:18.743 [http-nio-8080-exec-7] DEBUG com.sunql.blog.mapper.CommentMapper.selectList - ==> Parameters: MnF/9XPJEprPvk/EwSLBAg==(String)
2019-05-05 23:13:18.743 [http-nio-8080-exec-7] DEBUG com.sunql.blog.mapper.CommentMapper.selectList - <==      Total: 3
