2019-04-25 00:00:18.340 [http-nio-8080-exec-2] DEBUG com.sunql.blog.mapper.ArticleMapper.selectById - ==>  Preparing: SELECT id,add_time,art_desc,art_title,art_type,comment,islike,isread,is_release,updata_time,user_id,words,intro FROM article WHERE id=? 
2019-04-25 00:00:18.346 [http-nio-8080-exec-2] DEBUG com.sunql.blog.mapper.ArticleMapper.selectById - ==> Parameters: 19(Integer)
2019-04-25 00:00:18.348 [http-nio-8080-exec-2] DEBUG com.sunql.blog.mapper.ArticleMapper.selectById - <==      Total: 1
2019-04-25 00:00:18.351 [http-nio-8080-exec-2] DEBUG com.sunql.blog.mapper.UserMapper.selectOne - ==>  Preparing: SELECT id,add_time,uid,updata_time,user_address,user_age,user_name,user_phone,user_photo,user_pwd,user_sex FROM user WHERE uid = ? 
2019-04-25 00:00:18.352 [http-nio-8080-exec-2] DEBUG com.sunql.blog.mapper.UserMapper.selectOne - ==> Parameters: MnF/9XPJEprPvk/EwSLBAg==(String)
2019-04-25 00:00:18.354 [http-nio-8080-exec-2] DEBUG com.sunql.blog.mapper.UserMapper.selectOne - <==      Total: 1
2019-04-25 00:05:33.181 [http-nio-8080-exec-3] DEBUG com.sunql.blog.mapper.ArticleMapper.selectById - ==>  Preparing: SELECT id,add_time,art_desc,art_title,art_type,comment,islike,isread,is_release,updata_time,user_id,words,intro FROM article WHERE id=? 
2019-04-25 00:05:33.186 [http-nio-8080-exec-3] DEBUG com.sunql.blog.mapper.ArticleMapper.selectById - ==> Parameters: 19(Integer)
2019-04-25 00:05:33.188 [http-nio-8080-exec-3] DEBUG com.sunql.blog.mapper.ArticleMapper.selectById - <==      Total: 1
2019-04-25 00:05:33.190 [http-nio-8080-exec-3] DEBUG com.sunql.blog.mapper.UserMapper.selectOne - ==>  Preparing: SELECT id,add_time,uid,updata_time,user_address,user_age,user_name,user_phone,user_photo,user_pwd,user_sex FROM user WHERE uid = ? 
2019-04-25 00:05:33.190 [http-nio-8080-exec-3] DEBUG com.sunql.blog.mapper.UserMapper.selectOne - ==> Parameters: MnF/9XPJEprPvk/EwSLBAg==(String)
2019-04-25 00:05:33.192 [http-nio-8080-exec-3] DEBUG com.sunql.blog.mapper.UserMapper.selectOne - <==      Total: 1
2019-04-25 00:07:43.267 [http-nio-8080-exec-5] DEBUG com.sunql.blog.mapper.ArticleMapper.selectAll - ==>  Preparing: SELECT * FROM article Order By updata_time Desc 
2019-04-25 00:07:43.267 [http-nio-8080-exec-5] DEBUG com.sunql.blog.mapper.ArticleMapper.selectAll - ==> Parameters: 
2019-04-25 00:07:43.272 [http-nio-8080-exec-5] DEBUG com.sunql.blog.mapper.ArticleMapper.selectAll - <==      Total: 15
2019-04-25 17:00:03.567 [main] INFO  com.sunql.blog.BlogApplication - Starting BlogApplication on M81OGMXBVOO2F7H with PID 9244 (J:\work\blog\target\classes started by Administrator in J:\work\blog)
2019-04-25 17:00:03.567 [main] DEBUG com.sunql.blog.BlogApplication - Running with Spring Boot v2.1.3.RELEASE, Spring v5.1.5.RELEASE
2019-04-25 17:00:03.567 [main] INFO  com.sunql.blog.BlogApplication - The following profiles are active: dev
2019-04-25 17:00:05.583 [main] INFO  org.apache.coyote.http11.Http11NioProtocol - Initializing ProtocolHandler ["http-nio-8080"]
2019-04-25 17:00:05.583 [main] INFO  org.apache.catalina.core.StandardService - Starting service [Tomcat]
2019-04-25 17:00:05.583 [main] INFO  org.apache.catalina.core.StandardEngine - Starting Servlet engine: [Apache Tomcat/9.0.16]
2019-04-25 17:00:05.598 [main] INFO  org.apache.catalina.core.AprLifecycleListener - An older version [1.2.14] of the APR based Apache Tomcat Native library is installed, while Tomcat recommends a minimum version of [1.2.21]
2019-04-25 17:00:05.598 [main] INFO  org.apache.catalina.core.AprLifecycleListener - Loaded APR based Apache Tomcat Native library [1.2.14] using APR version [1.6.2].
2019-04-25 17:00:05.598 [main] INFO  org.apache.catalina.core.AprLifecycleListener - APR capabilities: IPv6 [true], sendfile [true], accept filters [false], random [true].
2019-04-25 17:00:05.598 [main] INFO  org.apache.catalina.core.AprLifecycleListener - APR/OpenSSL configuration: useAprConnector [false], useOpenSSL [true]
2019-04-25 17:00:06.661 [main] INFO  org.apache.catalina.core.AprLifecycleListener - OpenSSL successfully initialized [OpenSSL 1.0.2l  25 May 2017]
2019-04-25 17:00:06.817 [main] INFO  o.a.c.core.ContainerBase.[Tomcat].[localhost].[/] - Initializing Spring embedded WebApplicationContext
2019-04-25 17:00:07.098 [main] INFO  com.zaxxer.hikari.HikariDataSource - HikariPool-1 - Starting...
2019-04-25 17:00:07.348 [main] INFO  com.zaxxer.hikari.HikariDataSource - HikariPool-1 - Start completed.
2019-04-25 17:00:07.801 [main] WARN  c.b.mybatisplus.core.toolkit.TableInfoHelper - Warn: Could not find @TableId in Class: com.sunql.blog.entity.Login.
2019-04-25 17:00:08.457 [main] INFO  org.apache.coyote.http11.Http11NioProtocol - Starting ProtocolHandler ["http-nio-8080"]
2019-04-25 17:00:08.504 [main] INFO  com.sunql.blog.BlogApplication - Started BlogApplication in 5.624 seconds (JVM running for 12.398)
2019-04-25 17:17:39.921 [HikariPool-1 housekeeper] WARN  com.zaxxer.hikari.pool.HikariPool - HikariPool-1 - Thread starvation or clock leap detected (housekeeper delta=15m32s387ms684µs43ns).
2019-04-25 17:26:06.361 [HikariPool-1 housekeeper] WARN  com.zaxxer.hikari.pool.HikariPool - HikariPool-1 - Thread starvation or clock leap detected (housekeeper delta=6m26s415ms83µs222ns).
2019-04-25 17:27:40.409 [http-nio-8080-exec-1] INFO  o.a.c.core.ContainerBase.[Tomcat].[localhost].[/] - Initializing Spring DispatcherServlet 'dispatcherServlet'
2019-04-25 17:27:40.619 [http-nio-8080-exec-1] DEBUG com.sunql.blog.mapper.ArticleMapper.selectAll - ==>  Preparing: SELECT * FROM article Order By updata_time Desc 
2019-04-25 17:27:40.668 [http-nio-8080-exec-1] DEBUG com.sunql.blog.mapper.ArticleMapper.selectAll - ==> Parameters: 
2019-04-25 17:27:40.731 [http-nio-8080-exec-1] DEBUG com.sunql.blog.mapper.ArticleMapper.selectAll - <==      Total: 15
2019-04-25 17:28:05.168 [http-nio-8080-exec-2] DEBUG com.sunql.blog.mapper.ArticleMapper.selectById - ==>  Preparing: SELECT id,add_time,art_desc,art_title,art_type,comment,islike,isread,is_release,updata_time,user_id,words,intro FROM article WHERE id=? 
2019-04-25 17:28:05.169 [http-nio-8080-exec-2] DEBUG com.sunql.blog.mapper.ArticleMapper.selectById - ==> Parameters: 19(Integer)
2019-04-25 17:28:05.177 [http-nio-8080-exec-2] DEBUG com.sunql.blog.mapper.ArticleMapper.selectById - <==      Total: 1
2019-04-25 17:28:05.239 [http-nio-8080-exec-2] DEBUG com.sunql.blog.mapper.UserMapper.selectOne - ==>  Preparing: SELECT id,add_time,uid,updata_time,user_address,user_age,user_name,user_phone,user_photo,user_pwd,user_sex FROM user WHERE uid = ? 
2019-04-25 17:28:05.239 [http-nio-8080-exec-2] DEBUG com.sunql.blog.mapper.UserMapper.selectOne - ==> Parameters: MnF/9XPJEprPvk/EwSLBAg==(String)
2019-04-25 17:28:05.239 [http-nio-8080-exec-2] DEBUG com.sunql.blog.mapper.UserMapper.selectOne - <==      Total: 1
2019-04-25 17:28:09.694 [http-nio-8080-exec-3] DEBUG com.sunql.blog.mapper.ArticleMapper.selectAll - ==>  Preparing: SELECT * FROM article Order By updata_time Desc 
2019-04-25 17:28:09.694 [http-nio-8080-exec-3] DEBUG com.sunql.blog.mapper.ArticleMapper.selectAll - ==> Parameters: 
2019-04-25 17:28:09.704 [http-nio-8080-exec-3] DEBUG com.sunql.blog.mapper.ArticleMapper.selectAll - <==      Total: 15
2019-04-25 17:28:20.640 [http-nio-8080-exec-4] DEBUG com.sunql.blog.mapper.ArticleMapper.selectById - ==>  Preparing: SELECT id,add_time,art_desc,art_title,art_type,comment,islike,isread,is_release,updata_time,user_id,words,intro FROM article WHERE id=? 
2019-04-25 17:28:20.641 [http-nio-8080-exec-4] DEBUG com.sunql.blog.mapper.ArticleMapper.selectById - ==> Parameters: 13(Integer)
2019-04-25 17:28:20.645 [http-nio-8080-exec-4] DEBUG com.sunql.blog.mapper.ArticleMapper.selectById - <==      Total: 1
2019-04-25 17:28:20.648 [http-nio-8080-exec-4] DEBUG com.sunql.blog.mapper.UserMapper.selectOne - ==>  Preparing: SELECT id,add_time,uid,updata_time,user_address,user_age,user_name,user_phone,user_photo,user_pwd,user_sex FROM user WHERE uid = ? 
2019-04-25 17:28:20.649 [http-nio-8080-exec-4] DEBUG com.sunql.blog.mapper.UserMapper.selectOne - ==> Parameters: MnF/9XPJEprPvk/EwSLBAg==(String)
2019-04-25 17:28:20.652 [http-nio-8080-exec-4] DEBUG com.sunql.blog.mapper.UserMapper.selectOne - <==      Total: 1
2019-04-25 17:30:48.553 [http-nio-8080-exec-6] DEBUG com.sunql.blog.mapper.ArticleMapper.selectAll - ==>  Preparing: SELECT * FROM article Order By updata_time Desc 
2019-04-25 17:30:48.554 [http-nio-8080-exec-6] DEBUG com.sunql.blog.mapper.ArticleMapper.selectAll - ==> Parameters: 
2019-04-25 17:30:48.563 [http-nio-8080-exec-6] DEBUG com.sunql.blog.mapper.ArticleMapper.selectAll - <==      Total: 15
2019-04-25 17:30:52.354 [http-nio-8080-exec-8] DEBUG com.sunql.blog.mapper.ArticleMapper.selectByMap - ==>  Preparing: SELECT id,add_time,art_desc,art_title,art_type,comment,islike,isread,is_release,updata_time,user_id,words,intro FROM article WHERE user_id = ? 
2019-04-25 17:30:52.355 [http-nio-8080-exec-8] DEBUG com.sunql.blog.mapper.ArticleMapper.selectByMap - ==> Parameters: MnF/9XPJEprPvk/EwSLBAg==(String)
2019-04-25 17:30:52.361 [http-nio-8080-exec-8] DEBUG com.sunql.blog.mapper.ArticleMapper.selectByMap - <==      Total: 11
2019-04-25 17:30:52.363 [http-nio-8080-exec-8] DEBUG com.sunql.blog.mapper.AnthologyMapper.selectByMap - ==>  Preparing: SELECT id,add_time,article_size,title,updata_time,user_id FROM anthology WHERE user_id = ? 
2019-04-25 17:30:52.363 [http-nio-8080-exec-8] DEBUG com.sunql.blog.mapper.AnthologyMapper.selectByMap - ==> Parameters: MnF/9XPJEprPvk/EwSLBAg==(String)
2019-04-25 17:30:52.370 [http-nio-8080-exec-8] DEBUG com.sunql.blog.mapper.AnthologyMapper.selectByMap - <==      Total: 5
2019-04-25 17:32:21.273 [http-nio-8080-exec-10] DEBUG com.sunql.blog.mapper.ArticleMapper.selectByMap - ==>  Preparing: SELECT id,add_time,art_desc,art_title,art_type,comment,islike,isread,is_release,updata_time,user_id,words,intro FROM article WHERE user_id = ? 
2019-04-25 17:32:21.274 [http-nio-8080-exec-10] DEBUG com.sunql.blog.mapper.ArticleMapper.selectByMap - ==> Parameters: MnF/9XPJEprPvk/EwSLBAg==(String)
2019-04-25 17:32:21.279 [http-nio-8080-exec-10] DEBUG com.sunql.blog.mapper.ArticleMapper.selectByMap - <==      Total: 11
2019-04-25 17:32:21.280 [http-nio-8080-exec-10] DEBUG com.sunql.blog.mapper.AnthologyMapper.selectByMap - ==>  Preparing: SELECT id,add_time,article_size,title,updata_time,user_id FROM anthology WHERE user_id = ? 
2019-04-25 17:32:21.281 [http-nio-8080-exec-10] DEBUG com.sunql.blog.mapper.AnthologyMapper.selectByMap - ==> Parameters: MnF/9XPJEprPvk/EwSLBAg==(String)
2019-04-25 17:32:21.284 [http-nio-8080-exec-10] DEBUG com.sunql.blog.mapper.AnthologyMapper.selectByMap - <==      Total: 5
2019-04-25 17:35:44.850 [http-nio-8080-exec-2] DEBUG com.sunql.blog.mapper.ArticleMapper.selectByMap - ==>  Preparing: SELECT id,add_time,art_desc,art_title,art_type,comment,islike,isread,is_release,updata_time,user_id,words,intro FROM article WHERE user_id = ? 
2019-04-25 17:35:44.851 [http-nio-8080-exec-2] DEBUG com.sunql.blog.mapper.ArticleMapper.selectByMap - ==> Parameters: MnF/9XPJEprPvk/EwSLBAg==(String)
2019-04-25 17:35:44.855 [http-nio-8080-exec-2] DEBUG com.sunql.blog.mapper.ArticleMapper.selectByMap - <==      Total: 11
2019-04-25 17:35:44.856 [http-nio-8080-exec-2] DEBUG com.sunql.blog.mapper.AnthologyMapper.selectByMap - ==>  Preparing: SELECT id,add_time,article_size,title,updata_time,user_id FROM anthology WHERE user_id = ? 
2019-04-25 17:35:44.857 [http-nio-8080-exec-2] DEBUG com.sunql.blog.mapper.AnthologyMapper.selectByMap - ==> Parameters: MnF/9XPJEprPvk/EwSLBAg==(String)
2019-04-25 17:35:44.860 [http-nio-8080-exec-2] DEBUG com.sunql.blog.mapper.AnthologyMapper.selectByMap - <==      Total: 5
2019-04-25 17:36:40.061 [http-nio-8080-exec-3] DEBUG com.sunql.blog.mapper.ArticleMapper.selectByMap - ==>  Preparing: SELECT id,add_time,art_desc,art_title,art_type,comment,islike,isread,is_release,updata_time,user_id,words,intro FROM article WHERE user_id = ? 
2019-04-25 17:36:40.061 [http-nio-8080-exec-3] DEBUG com.sunql.blog.mapper.ArticleMapper.selectByMap - ==> Parameters: MnF/9XPJEprPvk/EwSLBAg==(String)
2019-04-25 17:36:40.066 [http-nio-8080-exec-3] DEBUG com.sunql.blog.mapper.ArticleMapper.selectByMap - <==      Total: 11
2019-04-25 17:36:40.068 [http-nio-8080-exec-3] DEBUG com.sunql.blog.mapper.AnthologyMapper.selectByMap - ==>  Preparing: SELECT id,add_time,article_size,title,updata_time,user_id FROM anthology WHERE user_id = ? 
2019-04-25 17:36:40.068 [http-nio-8080-exec-3] DEBUG com.sunql.blog.mapper.AnthologyMapper.selectByMap - ==> Parameters: MnF/9XPJEprPvk/EwSLBAg==(String)
2019-04-25 17:36:40.072 [http-nio-8080-exec-3] DEBUG com.sunql.blog.mapper.AnthologyMapper.selectByMap - <==      Total: 5
2019-04-25 17:36:57.835 [http-nio-8080-exec-4] DEBUG com.sunql.blog.mapper.ArticleMapper.selectByMap - ==>  Preparing: SELECT id,add_time,art_desc,art_title,art_type,comment,islike,isread,is_release,updata_time,user_id,words,intro FROM article WHERE user_id = ? 
2019-04-25 17:36:57.836 [http-nio-8080-exec-4] DEBUG com.sunql.blog.mapper.ArticleMapper.selectByMap - ==> Parameters: MnF/9XPJEprPvk/EwSLBAg==(String)
2019-04-25 17:36:57.842 [http-nio-8080-exec-4] DEBUG com.sunql.blog.mapper.ArticleMapper.selectByMap - <==      Total: 11
2019-04-25 17:36:57.844 [http-nio-8080-exec-4] DEBUG com.sunql.blog.mapper.AnthologyMapper.selectByMap - ==>  Preparing: SELECT id,add_time,article_size,title,updata_time,user_id FROM anthology WHERE user_id = ? 
2019-04-25 17:36:57.845 [http-nio-8080-exec-4] DEBUG com.sunql.blog.mapper.AnthologyMapper.selectByMap - ==> Parameters: MnF/9XPJEprPvk/EwSLBAg==(String)
2019-04-25 17:36:57.848 [http-nio-8080-exec-4] DEBUG com.sunql.blog.mapper.AnthologyMapper.selectByMap - <==      Total: 5
2019-04-25 17:38:08.526 [http-nio-8080-exec-6] DEBUG com.sunql.blog.mapper.ArticleMapper.selectByMap - ==>  Preparing: SELECT id,add_time,art_desc,art_title,art_type,comment,islike,isread,is_release,updata_time,user_id,words,intro FROM article WHERE user_id = ? 
2019-04-25 17:38:08.527 [http-nio-8080-exec-6] DEBUG com.sunql.blog.mapper.ArticleMapper.selectByMap - ==> Parameters: MnF/9XPJEprPvk/EwSLBAg==(String)
2019-04-25 17:38:08.531 [http-nio-8080-exec-6] DEBUG com.sunql.blog.mapper.ArticleMapper.selectByMap - <==      Total: 11
2019-04-25 17:38:08.532 [http-nio-8080-exec-6] DEBUG com.sunql.blog.mapper.AnthologyMapper.selectByMap - ==>  Preparing: SELECT id,add_time,article_size,title,updata_time,user_id FROM anthology WHERE user_id = ? 
2019-04-25 17:38:08.532 [http-nio-8080-exec-6] DEBUG com.sunql.blog.mapper.AnthologyMapper.selectByMap - ==> Parameters: MnF/9XPJEprPvk/EwSLBAg==(String)
2019-04-25 17:38:08.534 [http-nio-8080-exec-6] DEBUG com.sunql.blog.mapper.AnthologyMapper.selectByMap - <==      Total: 5
2019-04-25 17:39:03.575 [http-nio-8080-exec-7] DEBUG com.sunql.blog.mapper.ArticleMapper.selectByMap - ==>  Preparing: SELECT id,add_time,art_desc,art_title,art_type,comment,islike,isread,is_release,updata_time,user_id,words,intro FROM article WHERE user_id = ? 
2019-04-25 17:39:03.575 [http-nio-8080-exec-7] DEBUG com.sunql.blog.mapper.ArticleMapper.selectByMap - ==> Parameters: MnF/9XPJEprPvk/EwSLBAg==(String)
2019-04-25 17:39:03.579 [http-nio-8080-exec-7] DEBUG com.sunql.blog.mapper.ArticleMapper.selectByMap - <==      Total: 11
2019-04-25 17:39:03.581 [http-nio-8080-exec-7] DEBUG com.sunql.blog.mapper.AnthologyMapper.selectByMap - ==>  Preparing: SELECT id,add_time,article_size,title,updata_time,user_id FROM anthology WHERE user_id = ? 
2019-04-25 17:39:03.581 [http-nio-8080-exec-7] DEBUG com.sunql.blog.mapper.AnthologyMapper.selectByMap - ==> Parameters: MnF/9XPJEprPvk/EwSLBAg==(String)
2019-04-25 17:39:03.584 [http-nio-8080-exec-7] DEBUG com.sunql.blog.mapper.AnthologyMapper.selectByMap - <==      Total: 5
2019-04-25 17:47:48.520 [http-nio-8080-exec-9] DEBUG com.sunql.blog.mapper.ArticleMapper.selectByMap - ==>  Preparing: SELECT id,add_time,art_desc,art_title,art_type,comment,islike,isread,is_release,updata_time,user_id,words,intro FROM article WHERE user_id = ? 
2019-04-25 17:47:48.521 [http-nio-8080-exec-9] DEBUG com.sunql.blog.mapper.ArticleMapper.selectByMap - ==> Parameters: MnF/9XPJEprPvk/EwSLBAg==(String)
2019-04-25 17:47:48.524 [http-nio-8080-exec-9] DEBUG com.sunql.blog.mapper.ArticleMapper.selectByMap - <==      Total: 11
2019-04-25 17:47:48.526 [http-nio-8080-exec-9] DEBUG com.sunql.blog.mapper.AnthologyMapper.selectByMap - ==>  Preparing: SELECT id,add_time,article_size,title,updata_time,user_id FROM anthology WHERE user_id = ? 
2019-04-25 17:47:48.526 [http-nio-8080-exec-9] DEBUG com.sunql.blog.mapper.AnthologyMapper.selectByMap - ==> Parameters: MnF/9XPJEprPvk/EwSLBAg==(String)
2019-04-25 17:47:48.529 [http-nio-8080-exec-9] DEBUG com.sunql.blog.mapper.AnthologyMapper.selectByMap - <==      Total: 5
2019-04-25 17:48:53.465 [http-nio-8080-exec-1] DEBUG com.sunql.blog.mapper.ArticleMapper.selectByMap - ==>  Preparing: SELECT id,add_time,art_desc,art_title,art_type,comment,islike,isread,is_release,updata_time,user_id,words,intro FROM article WHERE user_id = ? 
2019-04-25 17:48:53.466 [http-nio-8080-exec-1] DEBUG com.sunql.blog.mapper.ArticleMapper.selectByMap - ==> Parameters: MnF/9XPJEprPvk/EwSLBAg==(String)
2019-04-25 17:48:53.472 [http-nio-8080-exec-1] DEBUG com.sunql.blog.mapper.ArticleMapper.selectByMap - <==      Total: 11
2019-04-25 17:48:53.473 [http-nio-8080-exec-1] DEBUG com.sunql.blog.mapper.AnthologyMapper.selectByMap - ==>  Preparing: SELECT id,add_time,article_size,title,updata_time,user_id FROM anthology WHERE user_id = ? 
2019-04-25 17:48:53.474 [http-nio-8080-exec-1] DEBUG com.sunql.blog.mapper.AnthologyMapper.selectByMap - ==> Parameters: MnF/9XPJEprPvk/EwSLBAg==(String)
2019-04-25 17:48:53.478 [http-nio-8080-exec-1] DEBUG com.sunql.blog.mapper.AnthologyMapper.selectByMap - <==      Total: 5
2019-04-25 17:52:05.951 [http-nio-8080-exec-3] DEBUG com.sunql.blog.mapper.ArticleMapper.selectByMap - ==>  Preparing: SELECT id,add_time,art_desc,art_title,art_type,comment,islike,isread,is_release,updata_time,user_id,words,intro FROM article WHERE user_id = ? 
2019-04-25 17:52:05.951 [http-nio-8080-exec-3] DEBUG com.sunql.blog.mapper.ArticleMapper.selectByMap - ==> Parameters: MnF/9XPJEprPvk/EwSLBAg==(String)
2019-04-25 17:52:05.955 [http-nio-8080-exec-3] DEBUG com.sunql.blog.mapper.ArticleMapper.selectByMap - <==      Total: 11
2019-04-25 17:52:05.956 [http-nio-8080-exec-3] DEBUG com.sunql.blog.mapper.AnthologyMapper.selectByMap - ==>  Preparing: SELECT id,add_time,article_size,title,updata_time,user_id FROM anthology WHERE user_id = ? 
2019-04-25 17:52:05.957 [http-nio-8080-exec-3] DEBUG com.sunql.blog.mapper.AnthologyMapper.selectByMap - ==> Parameters: MnF/9XPJEprPvk/EwSLBAg==(String)
2019-04-25 17:52:05.959 [http-nio-8080-exec-3] DEBUG com.sunql.blog.mapper.AnthologyMapper.selectByMap - <==      Total: 5
2019-04-25 17:52:43.030 [http-nio-8080-exec-4] DEBUG com.sunql.blog.mapper.ArticleMapper.selectByMap - ==>  Preparing: SELECT id,add_time,art_desc,art_title,art_type,comment,islike,isread,is_release,updata_time,user_id,words,intro FROM article WHERE user_id = ? 
2019-04-25 17:52:43.030 [http-nio-8080-exec-4] DEBUG com.sunql.blog.mapper.ArticleMapper.selectByMap - ==> Parameters: MnF/9XPJEprPvk/EwSLBAg==(String)
2019-04-25 17:52:43.034 [http-nio-8080-exec-4] DEBUG com.sunql.blog.mapper.ArticleMapper.selectByMap - <==      Total: 11
2019-04-25 17:52:43.035 [http-nio-8080-exec-4] DEBUG com.sunql.blog.mapper.AnthologyMapper.selectByMap - ==>  Preparing: SELECT id,add_time,article_size,title,updata_time,user_id FROM anthology WHERE user_id = ? 
2019-04-25 17:52:43.036 [http-nio-8080-exec-4] DEBUG com.sunql.blog.mapper.AnthologyMapper.selectByMap - ==> Parameters: MnF/9XPJEprPvk/EwSLBAg==(String)
2019-04-25 17:52:43.038 [http-nio-8080-exec-4] DEBUG com.sunql.blog.mapper.AnthologyMapper.selectByMap - <==      Total: 5
2019-04-25 17:54:26.782 [http-nio-8080-exec-6] DEBUG com.sunql.blog.mapper.ArticleMapper.selectByMap - ==>  Preparing: SELECT id,add_time,art_desc,art_title,art_type,comment,islike,isread,is_release,updata_time,user_id,words,intro FROM article WHERE user_id = ? 
2019-04-25 17:54:26.783 [http-nio-8080-exec-6] DEBUG com.sunql.blog.mapper.ArticleMapper.selectByMap - ==> Parameters: MnF/9XPJEprPvk/EwSLBAg==(String)
2019-04-25 17:54:26.787 [http-nio-8080-exec-6] DEBUG com.sunql.blog.mapper.ArticleMapper.selectByMap - <==      Total: 11
2019-04-25 17:54:26.788 [http-nio-8080-exec-6] DEBUG com.sunql.blog.mapper.AnthologyMapper.selectByMap - ==>  Preparing: SELECT id,add_time,article_size,title,updata_time,user_id FROM anthology WHERE user_id = ? 
2019-04-25 17:54:26.788 [http-nio-8080-exec-6] DEBUG com.sunql.blog.mapper.AnthologyMapper.selectByMap - ==> Parameters: MnF/9XPJEprPvk/EwSLBAg==(String)
2019-04-25 17:54:26.790 [http-nio-8080-exec-6] DEBUG com.sunql.blog.mapper.AnthologyMapper.selectByMap - <==      Total: 5
2019-04-25 17:55:06.255 [http-nio-8080-exec-7] DEBUG com.sunql.blog.mapper.ArticleMapper.selectByMap - ==>  Preparing: SELECT id,add_time,art_desc,art_title,art_type,comment,islike,isread,is_release,updata_time,user_id,words,intro FROM article WHERE user_id = ? 
2019-04-25 17:55:06.255 [http-nio-8080-exec-7] DEBUG com.sunql.blog.mapper.ArticleMapper.selectByMap - ==> Parameters: MnF/9XPJEprPvk/EwSLBAg==(String)
2019-04-25 17:55:06.259 [http-nio-8080-exec-7] DEBUG com.sunql.blog.mapper.ArticleMapper.selectByMap - <==      Total: 11
2019-04-25 17:55:06.260 [http-nio-8080-exec-7] DEBUG com.sunql.blog.mapper.AnthologyMapper.selectByMap - ==>  Preparing: SELECT id,add_time,article_size,title,updata_time,user_id FROM anthology WHERE user_id = ? 
2019-04-25 17:55:06.260 [http-nio-8080-exec-7] DEBUG com.sunql.blog.mapper.AnthologyMapper.selectByMap - ==> Parameters: MnF/9XPJEprPvk/EwSLBAg==(String)
2019-04-25 17:55:06.262 [http-nio-8080-exec-7] DEBUG com.sunql.blog.mapper.AnthologyMapper.selectByMap - <==      Total: 5
2019-04-25 17:55:17.239 [http-nio-8080-exec-8] DEBUG com.sunql.blog.mapper.ArticleMapper.selectByMap - ==>  Preparing: SELECT id,add_time,art_desc,art_title,art_type,comment,islike,isread,is_release,updata_time,user_id,words,intro FROM article WHERE user_id = ? 
2019-04-25 17:55:17.240 [http-nio-8080-exec-8] DEBUG com.sunql.blog.mapper.ArticleMapper.selectByMap - ==> Parameters: MnF/9XPJEprPvk/EwSLBAg==(String)
2019-04-25 17:55:17.243 [http-nio-8080-exec-8] DEBUG com.sunql.blog.mapper.ArticleMapper.selectByMap - <==      Total: 11
2019-04-25 17:55:17.244 [http-nio-8080-exec-8] DEBUG com.sunql.blog.mapper.AnthologyMapper.selectByMap - ==>  Preparing: SELECT id,add_time,article_size,title,updata_time,user_id FROM anthology WHERE user_id = ? 
2019-04-25 17:55:17.245 [http-nio-8080-exec-8] DEBUG com.sunql.blog.mapper.AnthologyMapper.selectByMap - ==> Parameters: MnF/9XPJEprPvk/EwSLBAg==(String)
2019-04-25 17:55:17.247 [http-nio-8080-exec-8] DEBUG com.sunql.blog.mapper.AnthologyMapper.selectByMap - <==      Total: 5
2019-04-25 17:56:43.962 [http-nio-8080-exec-10] DEBUG com.sunql.blog.mapper.ArticleMapper.selectByMap - ==>  Preparing: SELECT id,add_time,art_desc,art_title,art_type,comment,islike,isread,is_release,updata_time,user_id,words,intro FROM article WHERE user_id = ? 
2019-04-25 17:56:43.962 [http-nio-8080-exec-10] DEBUG com.sunql.blog.mapper.ArticleMapper.selectByMap - ==> Parameters: MnF/9XPJEprPvk/EwSLBAg==(String)
2019-04-25 17:56:43.966 [http-nio-8080-exec-10] DEBUG com.sunql.blog.mapper.ArticleMapper.selectByMap - <==      Total: 11
2019-04-25 17:56:43.968 [http-nio-8080-exec-10] DEBUG com.sunql.blog.mapper.AnthologyMapper.selectByMap - ==>  Preparing: SELECT id,add_time,article_size,title,updata_time,user_id FROM anthology WHERE user_id = ? 
2019-04-25 17:56:43.968 [http-nio-8080-exec-10] DEBUG com.sunql.blog.mapper.AnthologyMapper.selectByMap - ==> Parameters: MnF/9XPJEprPvk/EwSLBAg==(String)
2019-04-25 17:56:43.970 [http-nio-8080-exec-10] DEBUG com.sunql.blog.mapper.AnthologyMapper.selectByMap - <==      Total: 5
2019-04-25 17:57:16.498 [http-nio-8080-exec-1] DEBUG com.sunql.blog.mapper.ArticleMapper.selectByMap - ==>  Preparing: SELECT id,add_time,art_desc,art_title,art_type,comment,islike,isread,is_release,updata_time,user_id,words,intro FROM article WHERE user_id = ? 
2019-04-25 17:57:16.499 [http-nio-8080-exec-1] DEBUG com.sunql.blog.mapper.ArticleMapper.selectByMap - ==> Parameters: MnF/9XPJEprPvk/EwSLBAg==(String)
2019-04-25 17:57:16.502 [http-nio-8080-exec-1] DEBUG com.sunql.blog.mapper.ArticleMapper.selectByMap - <==      Total: 11
2019-04-25 17:57:16.503 [http-nio-8080-exec-1] DEBUG com.sunql.blog.mapper.AnthologyMapper.selectByMap - ==>  Preparing: SELECT id,add_time,article_size,title,updata_time,user_id FROM anthology WHERE user_id = ? 
2019-04-25 17:57:16.503 [http-nio-8080-exec-1] DEBUG com.sunql.blog.mapper.AnthologyMapper.selectByMap - ==> Parameters: MnF/9XPJEprPvk/EwSLBAg==(String)
2019-04-25 17:57:16.505 [http-nio-8080-exec-1] DEBUG com.sunql.blog.mapper.AnthologyMapper.selectByMap - <==      Total: 5
2019-04-25 17:58:49.454 [http-nio-8080-exec-3] DEBUG com.sunql.blog.mapper.ArticleMapper.selectByMap - ==>  Preparing: SELECT id,add_time,art_desc,art_title,art_type,comment,islike,isread,is_release,updata_time,user_id,words,intro FROM article WHERE user_id = ? 
2019-04-25 17:58:49.455 [http-nio-8080-exec-3] DEBUG com.sunql.blog.mapper.ArticleMapper.selectByMap - ==> Parameters: MnF/9XPJEprPvk/EwSLBAg==(String)
2019-04-25 17:58:49.459 [http-nio-8080-exec-3] DEBUG com.sunql.blog.mapper.ArticleMapper.selectByMap - <==      Total: 11
2019-04-25 17:58:49.460 [http-nio-8080-exec-3] DEBUG com.sunql.blog.mapper.AnthologyMapper.selectByMap - ==>  Preparing: SELECT id,add_time,article_size,title,updata_time,user_id FROM anthology WHERE user_id = ? 
2019-04-25 17:58:49.460 [http-nio-8080-exec-3] DEBUG com.sunql.blog.mapper.AnthologyMapper.selectByMap - ==> Parameters: MnF/9XPJEprPvk/EwSLBAg==(String)
2019-04-25 17:58:49.463 [http-nio-8080-exec-3] DEBUG com.sunql.blog.mapper.AnthologyMapper.selectByMap - <==      Total: 5
2019-04-25 18:00:47.879 [http-nio-8080-exec-5] DEBUG com.sunql.blog.mapper.ArticleMapper.selectByMap - ==>  Preparing: SELECT id,add_time,art_desc,art_title,art_type,comment,islike,isread,is_release,updata_time,user_id,words,intro FROM article WHERE user_id = ? 
2019-04-25 18:00:47.879 [http-nio-8080-exec-5] DEBUG com.sunql.blog.mapper.ArticleMapper.selectByMap - ==> Parameters: MnF/9XPJEprPvk/EwSLBAg==(String)
2019-04-25 18:00:47.885 [http-nio-8080-exec-5] DEBUG com.sunql.blog.mapper.ArticleMapper.selectByMap - <==      Total: 11
2019-04-25 18:00:47.886 [http-nio-8080-exec-5] DEBUG com.sunql.blog.mapper.AnthologyMapper.selectByMap - ==>  Preparing: SELECT id,add_time,article_size,title,updata_time,user_id FROM anthology WHERE user_id = ? 
2019-04-25 18:00:47.886 [http-nio-8080-exec-5] DEBUG com.sunql.blog.mapper.AnthologyMapper.selectByMap - ==> Parameters: MnF/9XPJEprPvk/EwSLBAg==(String)
2019-04-25 18:00:47.890 [http-nio-8080-exec-5] DEBUG com.sunql.blog.mapper.AnthologyMapper.selectByMap - <==      Total: 5
2019-04-25 18:04:28.393 [http-nio-8080-exec-7] DEBUG com.sunql.blog.mapper.ArticleMapper.selectByMap - ==>  Preparing: SELECT id,add_time,art_desc,art_title,art_type,comment,islike,isread,is_release,updata_time,user_id,words,intro FROM article WHERE user_id = ? 
2019-04-25 18:04:28.394 [http-nio-8080-exec-7] DEBUG com.sunql.blog.mapper.ArticleMapper.selectByMap - ==> Parameters: MnF/9XPJEprPvk/EwSLBAg==(String)
2019-04-25 18:04:28.398 [http-nio-8080-exec-7] DEBUG com.sunql.blog.mapper.ArticleMapper.selectByMap - <==      Total: 11
2019-04-25 18:04:28.399 [http-nio-8080-exec-7] DEBUG com.sunql.blog.mapper.AnthologyMapper.selectByMap - ==>  Preparing: SELECT id,add_time,article_size,title,updata_time,user_id FROM anthology WHERE user_id = ? 
2019-04-25 18:04:28.400 [http-nio-8080-exec-7] DEBUG com.sunql.blog.mapper.AnthologyMapper.selectByMap - ==> Parameters: MnF/9XPJEprPvk/EwSLBAg==(String)
2019-04-25 18:04:28.402 [http-nio-8080-exec-7] DEBUG com.sunql.blog.mapper.AnthologyMapper.selectByMap - <==      Total: 5
2019-04-25 18:06:43.461 [http-nio-8080-exec-9] DEBUG com.sunql.blog.mapper.ArticleMapper.selectByMap - ==>  Preparing: SELECT id,add_time,art_desc,art_title,art_type,comment,islike,isread,is_release,updata_time,user_id,words,intro FROM article WHERE user_id = ? 
2019-04-25 18:06:43.462 [http-nio-8080-exec-9] DEBUG com.sunql.blog.mapper.ArticleMapper.selectByMap - ==> Parameters: MnF/9XPJEprPvk/EwSLBAg==(String)
2019-04-25 18:06:43.466 [http-nio-8080-exec-9] DEBUG com.sunql.blog.mapper.ArticleMapper.selectByMap - <==      Total: 11
2019-04-25 18:06:43.467 [http-nio-8080-exec-9] DEBUG com.sunql.blog.mapper.AnthologyMapper.selectByMap - ==>  Preparing: SELECT id,add_time,article_size,title,updata_time,user_id FROM anthology WHERE user_id = ? 
2019-04-25 18:06:43.467 [http-nio-8080-exec-9] DEBUG com.sunql.blog.mapper.AnthologyMapper.selectByMap - ==> Parameters: MnF/9XPJEprPvk/EwSLBAg==(String)
2019-04-25 18:06:43.469 [http-nio-8080-exec-9] DEBUG com.sunql.blog.mapper.AnthologyMapper.selectByMap - <==      Total: 5
2019-04-25 18:07:34.519 [http-nio-8080-exec-10] DEBUG com.sunql.blog.mapper.ArticleMapper.selectByMap - ==>  Preparing: SELECT id,add_time,art_desc,art_title,art_type,comment,islike,isread,is_release,updata_time,user_id,words,intro FROM article WHERE user_id = ? 
2019-04-25 18:07:34.519 [http-nio-8080-exec-10] DEBUG com.sunql.blog.mapper.ArticleMapper.selectByMap - ==> Parameters: MnF/9XPJEprPvk/EwSLBAg==(String)
2019-04-25 18:07:34.523 [http-nio-8080-exec-10] DEBUG com.sunql.blog.mapper.ArticleMapper.selectByMap - <==      Total: 11
2019-04-25 18:07:34.524 [http-nio-8080-exec-10] DEBUG com.sunql.blog.mapper.AnthologyMapper.selectByMap - ==>  Preparing: SELECT id,add_time,article_size,title,updata_time,user_id FROM anthology WHERE user_id = ? 
2019-04-25 18:07:34.525 [http-nio-8080-exec-10] DEBUG com.sunql.blog.mapper.AnthologyMapper.selectByMap - ==> Parameters: MnF/9XPJEprPvk/EwSLBAg==(String)
2019-04-25 18:07:34.527 [http-nio-8080-exec-10] DEBUG com.sunql.blog.mapper.AnthologyMapper.selectByMap - <==      Total: 5
2019-04-25 18:08:07.280 [http-nio-8080-exec-1] DEBUG com.sunql.blog.mapper.ArticleMapper.selectByMap - ==>  Preparing: SELECT id,add_time,art_desc,art_title,art_type,comment,islike,isread,is_release,updata_time,user_id,words,intro FROM article WHERE user_id = ? 
2019-04-25 18:08:07.280 [http-nio-8080-exec-1] DEBUG com.sunql.blog.mapper.ArticleMapper.selectByMap - ==> Parameters: MnF/9XPJEprPvk/EwSLBAg==(String)
2019-04-25 18:08:07.285 [http-nio-8080-exec-1] DEBUG com.sunql.blog.mapper.ArticleMapper.selectByMap - <==      Total: 11
2019-04-25 18:08:07.286 [http-nio-8080-exec-1] DEBUG com.sunql.blog.mapper.AnthologyMapper.selectByMap - ==>  Preparing: SELECT id,add_time,article_size,title,updata_time,user_id FROM anthology WHERE user_id = ? 
2019-04-25 18:08:07.286 [http-nio-8080-exec-1] DEBUG com.sunql.blog.mapper.AnthologyMapper.selectByMap - ==> Parameters: MnF/9XPJEprPvk/EwSLBAg==(String)
2019-04-25 18:08:07.288 [http-nio-8080-exec-1] DEBUG com.sunql.blog.mapper.AnthologyMapper.selectByMap - <==      Total: 5
